myHadoop: Setting MH_IPOIB_TRANSFORM='s/\([^.]*\).*$/\1.ibnet/' from myhadoop.conf
myHadoop: Setting MH_SCRATCH_DIR=/scratch/$USER/$SLURM_JOBID from myhadoop.conf
myHadoop: Using HADOOP_HOME=/opt/hadoop/2.6.0
myHadoop: Using MH_SCRATCH_DIR=/scratch/adp7372/31716219
myHadoop: Using JAVA_HOME=/lib/jvm/java
myHadoop: Generating Hadoop configuration in directory in /home/adp7372/cometcluster...
myHadoop: Backing up old config dir to /home/adp7372/cometcluster.0...
‘/home/adp7372/cometcluster’ -> ‘/home/adp7372/cometcluster.0’
myHadoop: Designating comet-16-66.ibnet as master node (namenode, secondary namenode, and jobtracker)
myHadoop: The following nodes will be slaves (datanode, tasktracer):
comet-16-66.ibnet
comet-16-71.ibnet
20/02/24 09:53:11 INFO namenode.NameNode: STARTUP_MSG: 
/************************************************************
STARTUP_MSG: Starting NameNode
STARTUP_MSG:   host = comet-16-66.sdsc.edu/198.202.115.27
STARTUP_MSG:   args = [-format]
STARTUP_MSG:   version = 2.6.0
STARTUP_MSG:   classpath = /home/adp7372/cometcluster:/opt/hadoop/2.6.0/share/hadoop/common/lib/httpcore-4.2.5.jar:/opt/hadoop/2.6.0/share/hadoop/common/lib/hadoop-annotations-2.6.0.jar:/opt/hadoop/2.6.0/share/hadoop/common/lib/snappy-java-1.0.4.1.jar:/opt/hadoop/2.6.0/share/hadoop/common/lib/jersey-core-1.9.jar:/opt/hadoop/2.6.0/share/hadoop/common/lib/api-asn1-api-1.0.0-M20.jar:/opt/hadoop/2.6.0/share/hadoop/common/lib/api-util-1.0.0-M20.jar:/opt/hadoop/2.6.0/share/hadoop/common/lib/curator-recipes-2.6.0.jar:/opt/hadoop/2.6.0/share/hadoop/common/lib/netty-3.6.2.Final.jar:/opt/hadoop/2.6.0/share/hadoop/common/lib/jets3t-0.9.0.jar:/opt/hadoop/2.6.0/share/hadoop/common/lib/avro-1.7.4.jar:/opt/hadoop/2.6.0/share/hadoop/common/lib/jsch-0.1.42.jar:/opt/hadoop/2.6.0/share/hadoop/common/lib/mockito-all-1.8.5.jar:/opt/hadoop/2.6.0/share/hadoop/common/lib/xz-1.0.jar:/opt/hadoop/2.6.0/share/hadoop/common/lib/jettison-1.1.jar:/opt/hadoop/2.6.0/share/hadoop/common/lib/jackson-core-asl-1.9.13.jar:/opt/hadoop/2.6.0/share/hadoop/common/lib/apacheds-kerberos-codec-2.0.0-M15.jar:/opt/hadoop/2.6.0/share/hadoop/common/lib/commons-cli-1.2.jar:/opt/hadoop/2.6.0/share/hadoop/common/lib/apacheds-i18n-2.0.0-M15.jar:/opt/hadoop/2.6.0/share/hadoop/common/lib/hamcrest-core-1.3.jar:/opt/hadoop/2.6.0/share/hadoop/common/lib/protobuf-java-2.5.0.jar:/opt/hadoop/2.6.0/share/hadoop/common/lib/commons-lang-2.6.jar:/opt/hadoop/2.6.0/share/hadoop/common/lib/slf4j-log4j12-1.7.5.jar:/opt/hadoop/2.6.0/share/hadoop/common/lib/jersey-json-1.9.jar:/opt/hadoop/2.6.0/share/hadoop/common/lib/httpclient-4.2.5.jar:/opt/hadoop/2.6.0/share/hadoop/common/lib/curator-framework-2.6.0.jar:/opt/hadoop/2.6.0/share/hadoop/common/lib/commons-io-2.4.jar:/opt/hadoop/2.6.0/share/hadoop/common/lib/commons-httpclient-3.1.jar:/opt/hadoop/2.6.0/share/hadoop/common/lib/commons-configuration-1.6.jar:/opt/hadoop/2.6.0/share/hadoop/common/lib/jackson-mapper-asl-1.9.13.jar:/opt/hadoop/2.6.0/share/hadoop/common/lib/commons-math3-3.1.1.jar:/opt/hadoop/2.6.0/share/hadoop/common/lib/commons-net-3.1.jar:/opt/hadoop/2.6.0/share/hadoop/common/lib/jackson-jaxrs-1.9.13.jar:/opt/hadoop/2.6.0/share/hadoop/common/lib/stax-api-1.0-2.jar:/opt/hadoop/2.6.0/share/hadoop/common/lib/zookeeper-3.4.6.jar:/opt/hadoop/2.6.0/share/hadoop/common/lib/commons-codec-1.4.jar:/opt/hadoop/2.6.0/share/hadoop/common/lib/commons-digester-1.8.jar:/opt/hadoop/2.6.0/share/hadoop/common/lib/servlet-api-2.5.jar:/opt/hadoop/2.6.0/share/hadoop/common/lib/asm-3.2.jar:/opt/hadoop/2.6.0/share/hadoop/common/lib/hadoop-auth-2.6.0.jar:/opt/hadoop/2.6.0/share/hadoop/common/lib/commons-compress-1.4.1.jar:/opt/hadoop/2.6.0/share/hadoop/common/lib/paranamer-2.3.jar:/opt/hadoop/2.6.0/share/hadoop/common/lib/commons-beanutils-core-1.8.0.jar:/opt/hadoop/2.6.0/share/hadoop/common/lib/jsr305-1.3.9.jar:/opt/hadoop/2.6.0/share/hadoop/common/lib/junit-4.11.jar:/opt/hadoop/2.6.0/share/hadoop/common/lib/slf4j-api-1.7.5.jar:/opt/hadoop/2.6.0/share/hadoop/common/lib/gson-2.2.4.jar:/opt/hadoop/2.6.0/share/hadoop/common/lib/commons-el-1.0.jar:/opt/hadoop/2.6.0/share/hadoop/common/lib/jasper-runtime-5.5.23.jar:/opt/hadoop/2.6.0/share/hadoop/common/lib/jersey-server-1.9.jar:/opt/hadoop/2.6.0/share/hadoop/common/lib/jetty-6.1.26.jar:/opt/hadoop/2.6.0/share/hadoop/common/lib/jsp-api-2.1.jar:/opt/hadoop/2.6.0/share/hadoop/common/lib/jasper-compiler-5.5.23.jar:/opt/hadoop/2.6.0/share/hadoop/common/lib/xmlenc-0.52.jar:/opt/hadoop/2.6.0/share/hadoop/common/lib/java-xmlbuilder-0.4.jar:/opt/hadoop/2.6.0/share/hadoop/common/lib/jackson-xc-1.9.13.jar:/opt/hadoop/2.6.0/share/hadoop/common/lib/guava-11.0.2.jar:/opt/hadoop/2.6.0/share/hadoop/common/lib/jaxb-api-2.2.2.jar:/opt/hadoop/2.6.0/share/hadoop/common/lib/commons-collections-3.2.1.jar:/opt/hadoop/2.6.0/share/hadoop/common/lib/htrace-core-3.0.4.jar:/opt/hadoop/2.6.0/share/hadoop/common/lib/jaxb-impl-2.2.3-1.jar:/opt/hadoop/2.6.0/share/hadoop/common/lib/jetty-util-6.1.26.jar:/opt/hadoop/2.6.0/share/hadoop/common/lib/activation-1.1.jar:/opt/hadoop/2.6.0/share/hadoop/common/lib/log4j-1.2.17.jar:/opt/hadoop/2.6.0/share/hadoop/common/lib/curator-client-2.6.0.jar:/opt/hadoop/2.6.0/share/hadoop/common/lib/commons-logging-1.1.3.jar:/opt/hadoop/2.6.0/share/hadoop/common/lib/commons-beanutils-1.7.0.jar:/opt/hadoop/2.6.0/share/hadoop/common/hadoop-nfs-2.6.0.jar:/opt/hadoop/2.6.0/share/hadoop/common/hadoop-common-2.6.0.jar:/opt/hadoop/2.6.0/share/hadoop/common/hadoop-common-2.6.0-tests.jar:/opt/hadoop/2.6.0/share/hadoop/hdfs:/opt/hadoop/2.6.0/share/hadoop/hdfs/lib/jersey-core-1.9.jar:/opt/hadoop/2.6.0/share/hadoop/hdfs/lib/netty-3.6.2.Final.jar:/opt/hadoop/2.6.0/share/hadoop/hdfs/lib/jackson-core-asl-1.9.13.jar:/opt/hadoop/2.6.0/share/hadoop/hdfs/lib/commons-cli-1.2.jar:/opt/hadoop/2.6.0/share/hadoop/hdfs/lib/protobuf-java-2.5.0.jar:/opt/hadoop/2.6.0/share/hadoop/hdfs/lib/commons-lang-2.6.jar:/opt/hadoop/2.6.0/share/hadoop/hdfs/lib/commons-io-2.4.jar:/opt/hadoop/2.6.0/share/hadoop/hdfs/lib/jackson-mapper-asl-1.9.13.jar:/opt/hadoop/2.6.0/share/hadoop/hdfs/lib/commons-codec-1.4.jar:/opt/hadoop/2.6.0/share/hadoop/hdfs/lib/xercesImpl-2.9.1.jar:/opt/hadoop/2.6.0/share/hadoop/hdfs/lib/servlet-api-2.5.jar:/opt/hadoop/2.6.0/share/hadoop/hdfs/lib/asm-3.2.jar:/opt/hadoop/2.6.0/share/hadoop/hdfs/lib/jsr305-1.3.9.jar:/opt/hadoop/2.6.0/share/hadoop/hdfs/lib/commons-el-1.0.jar:/opt/hadoop/2.6.0/share/hadoop/hdfs/lib/jasper-runtime-5.5.23.jar:/opt/hadoop/2.6.0/share/hadoop/hdfs/lib/jersey-server-1.9.jar:/opt/hadoop/2.6.0/share/hadoop/hdfs/lib/jetty-6.1.26.jar:/opt/hadoop/2.6.0/share/hadoop/hdfs/lib/jsp-api-2.1.jar:/opt/hadoop/2.6.0/share/hadoop/hdfs/lib/xmlenc-0.52.jar:/opt/hadoop/2.6.0/share/hadoop/hdfs/lib/guava-11.0.2.jar:/opt/hadoop/2.6.0/share/hadoop/hdfs/lib/htrace-core-3.0.4.jar:/opt/hadoop/2.6.0/share/hadoop/hdfs/lib/jetty-util-6.1.26.jar:/opt/hadoop/2.6.0/share/hadoop/hdfs/lib/log4j-1.2.17.jar:/opt/hadoop/2.6.0/share/hadoop/hdfs/lib/commons-daemon-1.0.13.jar:/opt/hadoop/2.6.0/share/hadoop/hdfs/lib/xml-apis-1.3.04.jar:/opt/hadoop/2.6.0/share/hadoop/hdfs/lib/commons-logging-1.1.3.jar:/opt/hadoop/2.6.0/share/hadoop/hdfs/hadoop-hdfs-2.6.0.jar:/opt/hadoop/2.6.0/share/hadoop/hdfs/hadoop-hdfs-2.6.0-tests.jar:/opt/hadoop/2.6.0/share/hadoop/hdfs/hadoop-hdfs-nfs-2.6.0.jar:/opt/hadoop/2.6.0/share/hadoop/yarn/lib/jersey-core-1.9.jar:/opt/hadoop/2.6.0/share/hadoop/yarn/lib/netty-3.6.2.Final.jar:/opt/hadoop/2.6.0/share/hadoop/yarn/lib/guice-servlet-3.0.jar:/opt/hadoop/2.6.0/share/hadoop/yarn/lib/jline-0.9.94.jar:/opt/hadoop/2.6.0/share/hadoop/yarn/lib/jersey-guice-1.9.jar:/opt/hadoop/2.6.0/share/hadoop/yarn/lib/xz-1.0.jar:/opt/hadoop/2.6.0/share/hadoop/yarn/lib/jettison-1.1.jar:/opt/hadoop/2.6.0/share/hadoop/yarn/lib/jackson-core-asl-1.9.13.jar:/opt/hadoop/2.6.0/share/hadoop/yarn/lib/commons-cli-1.2.jar:/opt/hadoop/2.6.0/share/hadoop/yarn/lib/jersey-client-1.9.jar:/opt/hadoop/2.6.0/share/hadoop/yarn/lib/protobuf-java-2.5.0.jar:/opt/hadoop/2.6.0/share/hadoop/yarn/lib/commons-lang-2.6.jar:/opt/hadoop/2.6.0/share/hadoop/yarn/lib/jersey-json-1.9.jar:/opt/hadoop/2.6.0/share/hadoop/yarn/lib/commons-io-2.4.jar:/opt/hadoop/2.6.0/share/hadoop/yarn/lib/commons-httpclient-3.1.jar:/opt/hadoop/2.6.0/share/hadoop/yarn/lib/jackson-mapper-asl-1.9.13.jar:/opt/hadoop/2.6.0/share/hadoop/yarn/lib/jackson-jaxrs-1.9.13.jar:/opt/hadoop/2.6.0/share/hadoop/yarn/lib/guice-3.0.jar:/opt/hadoop/2.6.0/share/hadoop/yarn/lib/stax-api-1.0-2.jar:/opt/hadoop/2.6.0/share/hadoop/yarn/lib/zookeeper-3.4.6.jar:/opt/hadoop/2.6.0/share/hadoop/yarn/lib/commons-codec-1.4.jar:/opt/hadoop/2.6.0/share/hadoop/yarn/lib/servlet-api-2.5.jar:/opt/hadoop/2.6.0/share/hadoop/yarn/lib/asm-3.2.jar:/opt/hadoop/2.6.0/share/hadoop/yarn/lib/commons-compress-1.4.1.jar:/opt/hadoop/2.6.0/share/hadoop/yarn/lib/aopalliance-1.0.jar:/opt/hadoop/2.6.0/share/hadoop/yarn/lib/javax.inject-1.jar:/opt/hadoop/2.6.0/share/hadoop/yarn/lib/jsr305-1.3.9.jar:/opt/hadoop/2.6.0/share/hadoop/yarn/lib/jersey-server-1.9.jar:/opt/hadoop/2.6.0/share/hadoop/yarn/lib/jetty-6.1.26.jar:/opt/hadoop/2.6.0/share/hadoop/yarn/lib/jackson-xc-1.9.13.jar:/opt/hadoop/2.6.0/share/hadoop/yarn/lib/guava-11.0.2.jar:/opt/hadoop/2.6.0/share/hadoop/yarn/lib/leveldbjni-all-1.8.jar:/opt/hadoop/2.6.0/share/hadoop/yarn/lib/jaxb-api-2.2.2.jar:/opt/hadoop/2.6.0/share/hadoop/yarn/lib/commons-collections-3.2.1.jar:/opt/hadoop/2.6.0/share/hadoop/yarn/lib/jaxb-impl-2.2.3-1.jar:/opt/hadoop/2.6.0/share/hadoop/yarn/lib/jetty-util-6.1.26.jar:/opt/hadoop/2.6.0/share/hadoop/yarn/lib/activation-1.1.jar:/opt/hadoop/2.6.0/share/hadoop/yarn/lib/log4j-1.2.17.jar:/opt/hadoop/2.6.0/share/hadoop/yarn/lib/commons-logging-1.1.3.jar:/opt/hadoop/2.6.0/share/hadoop/yarn/hadoop-yarn-server-tests-2.6.0.jar:/opt/hadoop/2.6.0/share/hadoop/yarn/hadoop-yarn-server-nodemanager-2.6.0.jar:/opt/hadoop/2.6.0/share/hadoop/yarn/hadoop-yarn-server-applicationhistoryservice-2.6.0.jar:/opt/hadoop/2.6.0/share/hadoop/yarn/hadoop-yarn-server-web-proxy-2.6.0.jar:/opt/hadoop/2.6.0/share/hadoop/yarn/hadoop-yarn-client-2.6.0.jar:/opt/hadoop/2.6.0/share/hadoop/yarn/hadoop-yarn-applications-distributedshell-2.6.0.jar:/opt/hadoop/2.6.0/share/hadoop/yarn/hadoop-yarn-registry-2.6.0.jar:/opt/hadoop/2.6.0/share/hadoop/yarn/hadoop-yarn-applications-unmanaged-am-launcher-2.6.0.jar:/opt/hadoop/2.6.0/share/hadoop/yarn/hadoop-yarn-server-common-2.6.0.jar:/opt/hadoop/2.6.0/share/hadoop/yarn/hadoop-yarn-api-2.6.0.jar:/opt/hadoop/2.6.0/share/hadoop/yarn/hadoop-yarn-common-2.6.0.jar:/opt/hadoop/2.6.0/share/hadoop/yarn/hadoop-yarn-server-resourcemanager-2.6.0.jar:/opt/hadoop/2.6.0/share/hadoop/mapreduce/lib/hadoop-annotations-2.6.0.jar:/opt/hadoop/2.6.0/share/hadoop/mapreduce/lib/snappy-java-1.0.4.1.jar:/opt/hadoop/2.6.0/share/hadoop/mapreduce/lib/jersey-core-1.9.jar:/opt/hadoop/2.6.0/share/hadoop/mapreduce/lib/netty-3.6.2.Final.jar:/opt/hadoop/2.6.0/share/hadoop/mapreduce/lib/guice-servlet-3.0.jar:/opt/hadoop/2.6.0/share/hadoop/mapreduce/lib/avro-1.7.4.jar:/opt/hadoop/2.6.0/share/hadoop/mapreduce/lib/jersey-guice-1.9.jar:/opt/hadoop/2.6.0/share/hadoop/mapreduce/lib/xz-1.0.jar:/opt/hadoop/2.6.0/share/hadoop/mapreduce/lib/jackson-core-asl-1.9.13.jar:/opt/hadoop/2.6.0/share/hadoop/mapreduce/lib/hamcrest-core-1.3.jar:/opt/hadoop/2.6.0/share/hadoop/mapreduce/lib/protobuf-java-2.5.0.jar:/opt/hadoop/2.6.0/share/hadoop/mapreduce/lib/commons-io-2.4.jar:/opt/hadoop/2.6.0/share/hadoop/mapreduce/lib/jackson-mapper-asl-1.9.13.jar:/opt/hadoop/2.6.0/share/hadoop/mapreduce/lib/guice-3.0.jar:/opt/hadoop/2.6.0/share/hadoop/mapreduce/lib/asm-3.2.jar:/opt/hadoop/2.6.0/share/hadoop/mapreduce/lib/commons-compress-1.4.1.jar:/opt/hadoop/2.6.0/share/hadoop/mapreduce/lib/paranamer-2.3.jar:/opt/hadoop/2.6.0/share/hadoop/mapreduce/lib/aopalliance-1.0.jar:/opt/hadoop/2.6.0/share/hadoop/mapreduce/lib/javax.inject-1.jar:/opt/hadoop/2.6.0/share/hadoop/mapreduce/lib/junit-4.11.jar:/opt/hadoop/2.6.0/share/hadoop/mapreduce/lib/jersey-server-1.9.jar:/opt/hadoop/2.6.0/share/hadoop/mapreduce/lib/leveldbjni-all-1.8.jar:/opt/hadoop/2.6.0/share/hadoop/mapreduce/lib/log4j-1.2.17.jar:/opt/hadoop/2.6.0/share/hadoop/mapreduce/hadoop-mapreduce-client-app-2.6.0.jar:/opt/hadoop/2.6.0/share/hadoop/mapreduce/hadoop-mapreduce-client-jobclient-2.6.0-tests.jar:/opt/hadoop/2.6.0/share/hadoop/mapreduce/hadoop-mapreduce-client-jobclient-2.6.0.jar:/opt/hadoop/2.6.0/share/hadoop/mapreduce/hadoop-mapreduce-client-common-2.6.0.jar:/opt/hadoop/2.6.0/share/hadoop/mapreduce/hadoop-mapreduce-client-shuffle-2.6.0.jar:/opt/hadoop/2.6.0/share/hadoop/mapreduce/hadoop-mapreduce-client-hs-plugins-2.6.0.jar:/opt/hadoop/2.6.0/share/hadoop/mapreduce/hadoop-mapreduce-client-core-2.6.0.jar:/opt/hadoop/2.6.0/share/hadoop/mapreduce/hadoop-mapreduce-examples-2.6.0.jar:/opt/hadoop/2.6.0/share/hadoop/mapreduce/hadoop-mapreduce-client-hs-2.6.0.jar:/opt/hadoop/2.6.0/contrib/capacity-scheduler/*.jar
STARTUP_MSG:   build = https://git-wip-us.apache.org/repos/asf/hadoop.git -r e3496499ecb8d220fba99dc5ed4c99c8f9e33bb1; compiled by 'jenkins' on 2014-11-13T21:10Z
STARTUP_MSG:   java = 1.8.0_212
************************************************************/
20/02/24 09:53:11 INFO namenode.NameNode: registered UNIX signal handlers for [TERM, HUP, INT]
20/02/24 09:53:11 INFO namenode.NameNode: createNameNode [-format]
20/02/24 09:53:12 WARN common.Util: Path /scratch/adp7372/31716219/namenode_data should be specified as a URI in configuration files. Please update hdfs configuration.
20/02/24 09:53:12 WARN common.Util: Path /scratch/adp7372/31716219/namenode_data should be specified as a URI in configuration files. Please update hdfs configuration.
Formatting using clusterid: CID-2b71f113-c24a-4fec-a250-91a92bd48963
20/02/24 09:53:12 INFO namenode.FSNamesystem: No KeyProvider found.
20/02/24 09:53:12 INFO namenode.FSNamesystem: fsLock is fair:true
20/02/24 09:53:12 INFO blockmanagement.DatanodeManager: dfs.block.invalidate.limit=1000
20/02/24 09:53:12 INFO blockmanagement.DatanodeManager: dfs.namenode.datanode.registration.ip-hostname-check=true
20/02/24 09:53:12 INFO blockmanagement.BlockManager: dfs.namenode.startup.delay.block.deletion.sec is set to 000:00:00:00.000
20/02/24 09:53:12 INFO blockmanagement.BlockManager: The block deletion will start around 2020 Feb 24 09:53:12
20/02/24 09:53:12 INFO util.GSet: Computing capacity for map BlocksMap
20/02/24 09:53:12 INFO util.GSet: VM type       = 64-bit
20/02/24 09:53:12 INFO util.GSet: 2.0% max memory 958.5 MB = 19.2 MB
20/02/24 09:53:12 INFO util.GSet: capacity      = 2^21 = 2097152 entries
20/02/24 09:53:12 INFO blockmanagement.BlockManager: dfs.block.access.token.enable=false
20/02/24 09:53:12 INFO blockmanagement.BlockManager: defaultReplication         = 3
20/02/24 09:53:12 INFO blockmanagement.BlockManager: maxReplication             = 512
20/02/24 09:53:12 INFO blockmanagement.BlockManager: minReplication             = 1
20/02/24 09:53:12 INFO blockmanagement.BlockManager: maxReplicationStreams      = 2
20/02/24 09:53:12 INFO blockmanagement.BlockManager: shouldCheckForEnoughRacks  = false
20/02/24 09:53:12 INFO blockmanagement.BlockManager: replicationRecheckInterval = 3000
20/02/24 09:53:12 INFO blockmanagement.BlockManager: encryptDataTransfer        = false
20/02/24 09:53:12 INFO blockmanagement.BlockManager: maxNumBlocksToLog          = 1000
20/02/24 09:53:12 INFO namenode.FSNamesystem: fsOwner             = adp7372 (auth:SIMPLE)
20/02/24 09:53:12 INFO namenode.FSNamesystem: supergroup          = supergroup
20/02/24 09:53:12 INFO namenode.FSNamesystem: isPermissionEnabled = true
20/02/24 09:53:12 INFO namenode.FSNamesystem: HA Enabled: false
20/02/24 09:53:12 INFO namenode.FSNamesystem: Append Enabled: true
20/02/24 09:53:12 INFO util.GSet: Computing capacity for map INodeMap
20/02/24 09:53:12 INFO util.GSet: VM type       = 64-bit
20/02/24 09:53:12 INFO util.GSet: 1.0% max memory 958.5 MB = 9.6 MB
20/02/24 09:53:12 INFO util.GSet: capacity      = 2^20 = 1048576 entries
20/02/24 09:53:12 INFO namenode.NameNode: Caching file names occuring more than 10 times
20/02/24 09:53:12 INFO util.GSet: Computing capacity for map cachedBlocks
20/02/24 09:53:12 INFO util.GSet: VM type       = 64-bit
20/02/24 09:53:12 INFO util.GSet: 0.25% max memory 958.5 MB = 2.4 MB
20/02/24 09:53:12 INFO util.GSet: capacity      = 2^18 = 262144 entries
20/02/24 09:53:12 INFO namenode.FSNamesystem: dfs.namenode.safemode.threshold-pct = 0.9990000128746033
20/02/24 09:53:12 INFO namenode.FSNamesystem: dfs.namenode.safemode.min.datanodes = 0
20/02/24 09:53:12 INFO namenode.FSNamesystem: dfs.namenode.safemode.extension     = 30000
20/02/24 09:53:12 INFO namenode.FSNamesystem: Retry cache on namenode is enabled
20/02/24 09:53:12 INFO namenode.FSNamesystem: Retry cache will use 0.03 of total heap and retry cache entry expiry time is 600000 millis
20/02/24 09:53:12 INFO util.GSet: Computing capacity for map NameNodeRetryCache
20/02/24 09:53:12 INFO util.GSet: VM type       = 64-bit
20/02/24 09:53:12 INFO util.GSet: 0.029999999329447746% max memory 958.5 MB = 294.5 KB
20/02/24 09:53:12 INFO util.GSet: capacity      = 2^15 = 32768 entries
20/02/24 09:53:12 INFO namenode.NNConf: ACLs enabled? false
20/02/24 09:53:12 INFO namenode.NNConf: XAttrs enabled? true
20/02/24 09:53:12 INFO namenode.NNConf: Maximum size of an xattr: 16384
20/02/24 09:53:12 INFO namenode.FSImage: Allocated new BlockPoolId: BP-464232866-198.202.115.27-1582566792344
20/02/24 09:53:12 INFO common.Storage: Storage directory /scratch/adp7372/31716219/namenode_data has been successfully formatted.
20/02/24 09:53:12 INFO namenode.NNStorageRetentionManager: Going to retain 1 images with txid >= 0
20/02/24 09:53:12 INFO util.ExitUtil: Exiting with status 0
20/02/24 09:53:12 INFO namenode.NameNode: SHUTDOWN_MSG: 
/************************************************************
SHUTDOWN_MSG: Shutting down NameNode at comet-16-66.sdsc.edu/198.202.115.27
************************************************************/
Starting namenodes on [comet-16-66.ibnet]
comet-16-66.ibnet: starting namenode, logging to /scratch/adp7372/31716219/logs/hadoop-adp7372-namenode-comet-16-66.sdsc.edu.out
comet-16-66.ibnet: starting datanode, logging to /scratch/adp7372/31716219/logs/hadoop-adp7372-datanode-comet-16-66.sdsc.edu.out
comet-16-71.ibnet: starting datanode, logging to /scratch/adp7372/31716219/logs/hadoop-adp7372-datanode-comet-16-71.sdsc.edu.out
Starting secondary namenodes [comet-16-66.ibnet]
comet-16-66.ibnet: starting secondarynamenode, logging to /scratch/adp7372/31716219/logs/hadoop-adp7372-secondarynamenode-comet-16-66.sdsc.edu.out
starting yarn daemons
starting resourcemanager, logging to /scratch/adp7372/31716219/logs/yarn-adp7372-resourcemanager-comet-16-66.out
comet-16-71.ibnet: starting nodemanager, logging to /scratch/adp7372/31716219/logs/yarn-adp7372-nodemanager-comet-16-71.sdsc.edu.out
comet-16-66.ibnet: starting nodemanager, logging to /scratch/adp7372/31716219/logs/yarn-adp7372-nodemanager-comet-16-66.sdsc.edu.out
20/02/24 09:53:40 INFO client.RMProxy: Connecting to ResourceManager at comet-16-66.ibnet/10.22.251.205:8032
20/02/24 09:53:40 WARN mapreduce.JobSubmitter: Hadoop command-line option parsing not performed. Implement the Tool interface and execute your application with ToolRunner to remedy this.
20/02/24 09:53:41 INFO input.FileInputFormat: Total input paths to process : 1
20/02/24 09:53:41 INFO mapreduce.JobSubmitter: number of splits:3
20/02/24 09:53:41 INFO mapreduce.JobSubmitter: Submitting tokens for job: job_1582566810809_0001
20/02/24 09:53:41 INFO impl.YarnClientImpl: Submitted application application_1582566810809_0001
20/02/24 09:53:41 INFO mapreduce.Job: The url to track the job: http://comet-16-66.ibnet:8088/proxy/application_1582566810809_0001/
20/02/24 09:53:41 INFO mapreduce.Job: Running job: job_1582566810809_0001
20/02/24 09:53:46 INFO mapreduce.Job: Job job_1582566810809_0001 running in uber mode : false
20/02/24 09:53:46 INFO mapreduce.Job:  map 0% reduce 0%
20/02/24 09:53:56 INFO mapreduce.Job:  map 2% reduce 0%
20/02/24 09:53:59 INFO mapreduce.Job:  map 4% reduce 0%
20/02/24 09:54:02 INFO mapreduce.Job:  map 5% reduce 0%
20/02/24 09:54:05 INFO mapreduce.Job:  map 6% reduce 0%
20/02/24 09:54:08 INFO mapreduce.Job:  map 7% reduce 0%
20/02/24 09:54:11 INFO mapreduce.Job:  map 9% reduce 0%
20/02/24 09:54:14 INFO mapreduce.Job:  map 10% reduce 0%
20/02/24 09:54:26 INFO mapreduce.Job:  map 11% reduce 0%
20/02/24 09:54:29 INFO mapreduce.Job:  map 12% reduce 0%
20/02/24 09:54:32 INFO mapreduce.Job:  map 13% reduce 0%
20/02/24 09:54:35 INFO mapreduce.Job:  map 14% reduce 0%
20/02/24 09:54:38 INFO mapreduce.Job:  map 16% reduce 0%
20/02/24 09:54:41 INFO mapreduce.Job:  map 17% reduce 0%
20/02/24 09:54:44 INFO mapreduce.Job:  map 18% reduce 0%
20/02/24 09:55:00 INFO mapreduce.Job:  map 20% reduce 0%
20/02/24 09:55:03 INFO mapreduce.Job:  map 21% reduce 0%
20/02/24 09:55:06 INFO mapreduce.Job:  map 22% reduce 0%
20/02/24 09:55:09 INFO mapreduce.Job:  map 23% reduce 0%
20/02/24 09:55:12 INFO mapreduce.Job:  map 25% reduce 0%
20/02/24 09:55:15 INFO mapreduce.Job:  map 26% reduce 0%
20/02/24 09:55:30 INFO mapreduce.Job:  map 28% reduce 0%
20/02/24 09:55:33 INFO mapreduce.Job:  map 29% reduce 0%
20/02/24 09:55:36 INFO mapreduce.Job:  map 30% reduce 0%
20/02/24 09:55:39 INFO mapreduce.Job:  map 32% reduce 0%
20/02/24 09:55:42 INFO mapreduce.Job:  map 33% reduce 0%
20/02/24 09:55:45 INFO mapreduce.Job:  map 34% reduce 0%
20/02/24 09:55:57 INFO mapreduce.Job:  map 35% reduce 0%
20/02/24 09:56:00 INFO mapreduce.Job:  map 36% reduce 0%
20/02/24 09:56:03 INFO mapreduce.Job:  map 37% reduce 0%
20/02/24 09:56:06 INFO mapreduce.Job:  map 38% reduce 0%
20/02/24 09:56:09 INFO mapreduce.Job:  map 40% reduce 0%
20/02/24 09:56:15 INFO mapreduce.Job:  map 41% reduce 0%
20/02/24 09:56:24 INFO mapreduce.Job:  map 42% reduce 0%
20/02/24 09:56:27 INFO mapreduce.Job:  map 46% reduce 0%
20/02/24 09:56:30 INFO mapreduce.Job:  map 51% reduce 0%
20/02/24 09:56:32 INFO mapreduce.Job:  map 53% reduce 0%
20/02/24 09:56:36 INFO mapreduce.Job:  map 54% reduce 0%
20/02/24 09:56:42 INFO mapreduce.Job:  map 55% reduce 11%
20/02/24 09:56:57 INFO mapreduce.Job:  map 56% reduce 11%
20/02/24 09:57:03 INFO mapreduce.Job:  map 57% reduce 11%
20/02/24 09:57:09 INFO mapreduce.Job:  map 58% reduce 11%
20/02/24 09:57:13 INFO mapreduce.Job:  map 59% reduce 11%
20/02/24 09:57:32 INFO mapreduce.Job:  map 60% reduce 11%
20/02/24 09:57:38 INFO mapreduce.Job:  map 61% reduce 11%
20/02/24 09:57:41 INFO mapreduce.Job:  map 62% reduce 11%
20/02/24 09:57:59 INFO mapreduce.Job:  map 63% reduce 11%
20/02/24 09:58:05 INFO mapreduce.Job:  map 64% reduce 11%
20/02/24 09:58:08 INFO mapreduce.Job:  map 65% reduce 11%
20/02/24 09:58:14 INFO mapreduce.Job:  map 66% reduce 11%
20/02/24 09:58:32 INFO mapreduce.Job:  map 67% reduce 11%
20/02/24 09:58:38 INFO mapreduce.Job:  map 68% reduce 11%
20/02/24 09:58:41 INFO mapreduce.Job:  map 69% reduce 11%
20/02/24 09:58:50 INFO mapreduce.Job:  map 70% reduce 11%
20/02/24 09:59:05 INFO mapreduce.Job:  map 71% reduce 11%
20/02/24 09:59:08 INFO mapreduce.Job:  map 72% reduce 11%
20/02/24 09:59:14 INFO mapreduce.Job:  map 73% reduce 11%
20/02/24 09:59:33 INFO mapreduce.Job:  map 74% reduce 11%
20/02/24 09:59:36 INFO mapreduce.Job:  map 75% reduce 11%
20/02/24 09:59:42 INFO mapreduce.Job:  map 76% reduce 11%
20/02/24 09:59:51 INFO mapreduce.Job:  map 77% reduce 11%
20/02/24 10:00:06 INFO mapreduce.Job:  map 78% reduce 11%
20/02/24 10:00:15 INFO mapreduce.Job:  map 80% reduce 11%
20/02/24 10:00:18 INFO mapreduce.Job:  map 82% reduce 11%
20/02/24 10:00:21 INFO mapreduce.Job:  map 84% reduce 11%
20/02/24 10:00:24 INFO mapreduce.Job:  map 87% reduce 11%
20/02/24 10:00:27 INFO mapreduce.Job:  map 89% reduce 11%
20/02/24 10:00:30 INFO mapreduce.Job:  map 92% reduce 11%
20/02/24 10:00:33 INFO mapreduce.Job:  map 94% reduce 11%
20/02/24 10:00:36 INFO mapreduce.Job:  map 96% reduce 11%
20/02/24 10:00:39 INFO mapreduce.Job:  map 99% reduce 11%
20/02/24 10:00:42 INFO mapreduce.Job:  map 100% reduce 22%
20/02/24 10:00:45 INFO mapreduce.Job:  map 100% reduce 67%
20/02/24 10:00:48 INFO mapreduce.Job:  map 100% reduce 68%
20/02/24 10:00:51 INFO mapreduce.Job:  map 100% reduce 70%
20/02/24 10:00:54 INFO mapreduce.Job:  map 100% reduce 72%
20/02/24 10:00:57 INFO mapreduce.Job:  map 100% reduce 74%
20/02/24 10:01:00 INFO mapreduce.Job:  map 100% reduce 76%
20/02/24 10:01:03 INFO mapreduce.Job:  map 100% reduce 78%
20/02/24 10:01:06 INFO mapreduce.Job:  map 100% reduce 80%
20/02/24 10:01:09 INFO mapreduce.Job:  map 100% reduce 81%
20/02/24 10:01:12 INFO mapreduce.Job:  map 100% reduce 83%
20/02/24 10:01:15 INFO mapreduce.Job:  map 100% reduce 85%
20/02/24 10:01:18 INFO mapreduce.Job:  map 100% reduce 87%
20/02/24 10:01:21 INFO mapreduce.Job:  map 100% reduce 89%
20/02/24 10:01:24 INFO mapreduce.Job:  map 100% reduce 91%
20/02/24 10:01:27 INFO mapreduce.Job:  map 100% reduce 93%
20/02/24 10:01:30 INFO mapreduce.Job:  map 100% reduce 94%
20/02/24 10:01:33 INFO mapreduce.Job:  map 100% reduce 96%
20/02/24 10:01:36 INFO mapreduce.Job:  map 100% reduce 98%
20/02/24 10:01:39 INFO mapreduce.Job:  map 100% reduce 100%
20/02/24 10:01:40 INFO mapreduce.Job: Job job_1582566810809_0001 completed successfully
20/02/24 10:01:40 INFO mapreduce.Job: Counters: 50
	File System Counters
		FILE: Number of bytes read=2817629814
		FILE: Number of bytes written=4087897209
		FILE: Number of read operations=0
		FILE: Number of large read operations=0
		FILE: Number of write operations=0
		HDFS: Number of bytes read=321333367
		HDFS: Number of bytes written=9654
		HDFS: Number of read operations=12
		HDFS: Number of large read operations=0
		HDFS: Number of write operations=2
	Job Counters 
		Killed map tasks=2
		Launched map tasks=5
		Launched reduce tasks=1
		Data-local map tasks=5
		Total time spent by all maps in occupied slots (ms)=1467975
		Total time spent by all reduces in occupied slots (ms)=304443
		Total time spent by all map tasks (ms)=1467975
		Total time spent by all reduce tasks (ms)=304443
		Total vcore-seconds taken by all map tasks=1467975
		Total vcore-seconds taken by all reduce tasks=304443
		Total megabyte-seconds taken by all map tasks=1503206400
		Total megabyte-seconds taken by all reduce tasks=311749632
	Map-Reduce Framework
		Map input records=30000000
		Map output records=90000000
		Map output bytes=1080000000
		Map output materialized bytes=1260000018
		Input split bytes=375
		Combine input records=0
		Combine output records=0
		Reduce input groups=768
		Reduce shuffle bytes=1260000018
		Reduce input records=90000000
		Reduce output records=768
		Spilled Records=291259257
		Shuffled Maps =3
		Failed Shuffles=0
		Merged Map outputs=3
		GC time elapsed (ms)=29538
		CPU time spent (ms)=1440250
		Physical memory (bytes) snapshot=1066631168
		Virtual memory (bytes) snapshot=8839180288
		Total committed heap usage (bytes)=734003200
	Shuffle Errors
		BAD_ID=0
		CONNECTION=0
		IO_ERROR=0
		WRONG_LENGTH=0
		WRONG_MAP=0
		WRONG_REDUCE=0
	File Input Format Counters 
		Bytes Read=321332992
	File Output Format Counters 
		Bytes Written=9654
stopping yarn daemons
stopping resourcemanager
comet-16-71.ibnet: stopping nodemanager
comet-16-71.ibnet: nodemanager did not stop gracefully after 5 seconds: killing with kill -9
comet-16-66.ibnet: stopping nodemanager
comet-16-66.ibnet: nodemanager did not stop gracefully after 5 seconds: killing with kill -9
no proxyserver to stop
Stopping namenodes on [comet-16-66.ibnet]
comet-16-66.ibnet: stopping namenode
comet-16-71.ibnet: stopping datanode
comet-16-66.ibnet: stopping datanode
Stopping secondary namenodes [comet-16-66.ibnet]
comet-16-66.ibnet: stopping secondarynamenode
Copying Hadoop logs back to /home/adp7372/cometcluster/logs...
‘/scratch/adp7372/31716219/logs’ -> ‘/home/adp7372/cometcluster/logs’
‘/scratch/adp7372/31716219/logs/yarn-adp7372-nodemanager-comet-16-66.sdsc.edu.out’ -> ‘/home/adp7372/cometcluster/logs/yarn-adp7372-nodemanager-comet-16-66.sdsc.edu.out’
‘/scratch/adp7372/31716219/logs/hadoop-adp7372-secondarynamenode-comet-16-66.sdsc.edu.out’ -> ‘/home/adp7372/cometcluster/logs/hadoop-adp7372-secondarynamenode-comet-16-66.sdsc.edu.out’
‘/scratch/adp7372/31716219/logs/hadoop-adp7372-namenode-comet-16-66.sdsc.edu.log’ -> ‘/home/adp7372/cometcluster/logs/hadoop-adp7372-namenode-comet-16-66.sdsc.edu.log’
‘/scratch/adp7372/31716219/logs/yarn-adp7372-resourcemanager-comet-16-66.out’ -> ‘/home/adp7372/cometcluster/logs/yarn-adp7372-resourcemanager-comet-16-66.out’
‘/scratch/adp7372/31716219/logs/userlogs’ -> ‘/home/adp7372/cometcluster/logs/userlogs’
‘/scratch/adp7372/31716219/logs/userlogs/application_1582566810809_0001’ -> ‘/home/adp7372/cometcluster/logs/userlogs/application_1582566810809_0001’
‘/scratch/adp7372/31716219/logs/userlogs/application_1582566810809_0001/container_1582566810809_0001_01_000003’ -> ‘/home/adp7372/cometcluster/logs/userlogs/application_1582566810809_0001/container_1582566810809_0001_01_000003’
‘/scratch/adp7372/31716219/logs/userlogs/application_1582566810809_0001/container_1582566810809_0001_01_000003/syslog’ -> ‘/home/adp7372/cometcluster/logs/userlogs/application_1582566810809_0001/container_1582566810809_0001_01_000003/syslog’
‘/scratch/adp7372/31716219/logs/userlogs/application_1582566810809_0001/container_1582566810809_0001_01_000003/stdout’ -> ‘/home/adp7372/cometcluster/logs/userlogs/application_1582566810809_0001/container_1582566810809_0001_01_000003/stdout’
‘/scratch/adp7372/31716219/logs/userlogs/application_1582566810809_0001/container_1582566810809_0001_01_000003/stderr’ -> ‘/home/adp7372/cometcluster/logs/userlogs/application_1582566810809_0001/container_1582566810809_0001_01_000003/stderr’
‘/scratch/adp7372/31716219/logs/userlogs/application_1582566810809_0001/container_1582566810809_0001_01_000004’ -> ‘/home/adp7372/cometcluster/logs/userlogs/application_1582566810809_0001/container_1582566810809_0001_01_000004’
‘/scratch/adp7372/31716219/logs/userlogs/application_1582566810809_0001/container_1582566810809_0001_01_000004/stderr’ -> ‘/home/adp7372/cometcluster/logs/userlogs/application_1582566810809_0001/container_1582566810809_0001_01_000004/stderr’
‘/scratch/adp7372/31716219/logs/userlogs/application_1582566810809_0001/container_1582566810809_0001_01_000004/stdout’ -> ‘/home/adp7372/cometcluster/logs/userlogs/application_1582566810809_0001/container_1582566810809_0001_01_000004/stdout’
‘/scratch/adp7372/31716219/logs/userlogs/application_1582566810809_0001/container_1582566810809_0001_01_000004/syslog’ -> ‘/home/adp7372/cometcluster/logs/userlogs/application_1582566810809_0001/container_1582566810809_0001_01_000004/syslog’
‘/scratch/adp7372/31716219/logs/userlogs/application_1582566810809_0001/container_1582566810809_0001_01_000007’ -> ‘/home/adp7372/cometcluster/logs/userlogs/application_1582566810809_0001/container_1582566810809_0001_01_000007’
‘/scratch/adp7372/31716219/logs/userlogs/application_1582566810809_0001/container_1582566810809_0001_01_000007/stdout’ -> ‘/home/adp7372/cometcluster/logs/userlogs/application_1582566810809_0001/container_1582566810809_0001_01_000007/stdout’
‘/scratch/adp7372/31716219/logs/userlogs/application_1582566810809_0001/container_1582566810809_0001_01_000007/syslog’ -> ‘/home/adp7372/cometcluster/logs/userlogs/application_1582566810809_0001/container_1582566810809_0001_01_000007/syslog’
‘/scratch/adp7372/31716219/logs/userlogs/application_1582566810809_0001/container_1582566810809_0001_01_000007/stderr’ -> ‘/home/adp7372/cometcluster/logs/userlogs/application_1582566810809_0001/container_1582566810809_0001_01_000007/stderr’
‘/scratch/adp7372/31716219/logs/userlogs/application_1582566810809_0001/container_1582566810809_0001_01_000005’ -> ‘/home/adp7372/cometcluster/logs/userlogs/application_1582566810809_0001/container_1582566810809_0001_01_000005’
‘/scratch/adp7372/31716219/logs/userlogs/application_1582566810809_0001/container_1582566810809_0001_01_000005/stderr’ -> ‘/home/adp7372/cometcluster/logs/userlogs/application_1582566810809_0001/container_1582566810809_0001_01_000005/stderr’
‘/scratch/adp7372/31716219/logs/userlogs/application_1582566810809_0001/container_1582566810809_0001_01_000005/stdout’ -> ‘/home/adp7372/cometcluster/logs/userlogs/application_1582566810809_0001/container_1582566810809_0001_01_000005/stdout’
‘/scratch/adp7372/31716219/logs/userlogs/application_1582566810809_0001/container_1582566810809_0001_01_000005/syslog’ -> ‘/home/adp7372/cometcluster/logs/userlogs/application_1582566810809_0001/container_1582566810809_0001_01_000005/syslog’
‘/scratch/adp7372/31716219/logs/userlogs/application_1582566810809_0001/container_1582566810809_0001_01_000002’ -> ‘/home/adp7372/cometcluster/logs/userlogs/application_1582566810809_0001/container_1582566810809_0001_01_000002’
‘/scratch/adp7372/31716219/logs/userlogs/application_1582566810809_0001/container_1582566810809_0001_01_000002/stderr’ -> ‘/home/adp7372/cometcluster/logs/userlogs/application_1582566810809_0001/container_1582566810809_0001_01_000002/stderr’
‘/scratch/adp7372/31716219/logs/userlogs/application_1582566810809_0001/container_1582566810809_0001_01_000002/stdout’ -> ‘/home/adp7372/cometcluster/logs/userlogs/application_1582566810809_0001/container_1582566810809_0001_01_000002/stdout’
‘/scratch/adp7372/31716219/logs/userlogs/application_1582566810809_0001/container_1582566810809_0001_01_000002/syslog’ -> ‘/home/adp7372/cometcluster/logs/userlogs/application_1582566810809_0001/container_1582566810809_0001_01_000002/syslog’
‘/scratch/adp7372/31716219/logs/userlogs/application_1582566810809_0001/container_1582566810809_0001_01_000006’ -> ‘/home/adp7372/cometcluster/logs/userlogs/application_1582566810809_0001/container_1582566810809_0001_01_000006’
‘/scratch/adp7372/31716219/logs/userlogs/application_1582566810809_0001/container_1582566810809_0001_01_000006/stderr’ -> ‘/home/adp7372/cometcluster/logs/userlogs/application_1582566810809_0001/container_1582566810809_0001_01_000006/stderr’
‘/scratch/adp7372/31716219/logs/userlogs/application_1582566810809_0001/container_1582566810809_0001_01_000006/syslog’ -> ‘/home/adp7372/cometcluster/logs/userlogs/application_1582566810809_0001/container_1582566810809_0001_01_000006/syslog’
‘/scratch/adp7372/31716219/logs/userlogs/application_1582566810809_0001/container_1582566810809_0001_01_000006/stdout’ -> ‘/home/adp7372/cometcluster/logs/userlogs/application_1582566810809_0001/container_1582566810809_0001_01_000006/stdout’
‘/scratch/adp7372/31716219/logs/hadoop-adp7372-datanode-comet-16-66.sdsc.edu.log’ -> ‘/home/adp7372/cometcluster/logs/hadoop-adp7372-datanode-comet-16-66.sdsc.edu.log’
‘/scratch/adp7372/31716219/logs/hadoop-adp7372-datanode-comet-16-66.sdsc.edu.out’ -> ‘/home/adp7372/cometcluster/logs/hadoop-adp7372-datanode-comet-16-66.sdsc.edu.out’
‘/scratch/adp7372/31716219/logs/hadoop-adp7372-secondarynamenode-comet-16-66.sdsc.edu.log’ -> ‘/home/adp7372/cometcluster/logs/hadoop-adp7372-secondarynamenode-comet-16-66.sdsc.edu.log’
‘/scratch/adp7372/31716219/logs/hadoop-adp7372-namenode-comet-16-66.sdsc.edu.out’ -> ‘/home/adp7372/cometcluster/logs/hadoop-adp7372-namenode-comet-16-66.sdsc.edu.out’
‘/scratch/adp7372/31716219/logs/yarn-adp7372-resourcemanager-comet-16-66.log’ -> ‘/home/adp7372/cometcluster/logs/yarn-adp7372-resourcemanager-comet-16-66.log’
‘/scratch/adp7372/31716219/logs/yarn-adp7372-nodemanager-comet-16-66.sdsc.edu.log’ -> ‘/home/adp7372/cometcluster/logs/yarn-adp7372-nodemanager-comet-16-66.sdsc.edu.log’
‘/scratch/adp7372/31716219/logs/SecurityAuth-adp7372.audit’ -> ‘/home/adp7372/cometcluster/logs/SecurityAuth-adp7372.audit’
removed directory: ‘/scratch/adp7372/31716219/mapred_scratch/nmPrivate’
removed directory: ‘/scratch/adp7372/31716219/mapred_scratch/usercache/adp7372/appcache’
removed directory: ‘/scratch/adp7372/31716219/mapred_scratch/usercache/adp7372/filecache’
removed directory: ‘/scratch/adp7372/31716219/mapred_scratch/usercache/adp7372’
removed directory: ‘/scratch/adp7372/31716219/mapred_scratch/usercache’
removed directory: ‘/scratch/adp7372/31716219/mapred_scratch/filecache’
removed directory: ‘/scratch/adp7372/31716219/mapred_scratch’
removed ‘/scratch/adp7372/31716219/tmp/dfs/namesecondary/current/VERSION’
removed ‘/scratch/adp7372/31716219/tmp/dfs/namesecondary/current/fsimage_0000000000000000063’
removed ‘/scratch/adp7372/31716219/tmp/dfs/namesecondary/current/fsimage_0000000000000000000’
removed ‘/scratch/adp7372/31716219/tmp/dfs/namesecondary/current/fsimage_0000000000000000000.md5’
removed ‘/scratch/adp7372/31716219/tmp/dfs/namesecondary/current/edits_0000000000000000001-0000000000000000063’
removed ‘/scratch/adp7372/31716219/tmp/dfs/namesecondary/current/fsimage_0000000000000000063.md5’
removed directory: ‘/scratch/adp7372/31716219/tmp/dfs/namesecondary/current’
removed directory: ‘/scratch/adp7372/31716219/tmp/dfs/namesecondary’
removed directory: ‘/scratch/adp7372/31716219/tmp/dfs’
removed directory: ‘/scratch/adp7372/31716219/tmp’
removed ‘/scratch/adp7372/31716219/namenode_data/current/VERSION’
removed ‘/scratch/adp7372/31716219/namenode_data/current/seen_txid’
removed ‘/scratch/adp7372/31716219/namenode_data/current/edits_0000000000000000001-0000000000000000063’
removed ‘/scratch/adp7372/31716219/namenode_data/current/fsimage_0000000000000000063’
removed ‘/scratch/adp7372/31716219/namenode_data/current/fsimage_0000000000000000063.md5’
removed ‘/scratch/adp7372/31716219/namenode_data/current/edits_inprogress_0000000000000000064’
removed ‘/scratch/adp7372/31716219/namenode_data/current/fsimage_0000000000000000000’
removed ‘/scratch/adp7372/31716219/namenode_data/current/fsimage_0000000000000000000.md5’
removed directory: ‘/scratch/adp7372/31716219/namenode_data/current’
removed directory: ‘/scratch/adp7372/31716219/namenode_data’
removed ‘/scratch/adp7372/31716219/hdfs_data/current/VERSION’
removed ‘/scratch/adp7372/31716219/hdfs_data/current/BP-464232866-198.202.115.27-1582566792344/dncp_block_verification.log.curr’
removed directory: ‘/scratch/adp7372/31716219/hdfs_data/current/BP-464232866-198.202.115.27-1582566792344/tmp’
removed ‘/scratch/adp7372/31716219/hdfs_data/current/BP-464232866-198.202.115.27-1582566792344/current/finalized/subdir0/subdir0/blk_1073741835_1011.meta’
removed ‘/scratch/adp7372/31716219/hdfs_data/current/BP-464232866-198.202.115.27-1582566792344/current/finalized/subdir0/subdir0/blk_1073741827_1003.meta’
removed ‘/scratch/adp7372/31716219/hdfs_data/current/BP-464232866-198.202.115.27-1582566792344/current/finalized/subdir0/subdir0/blk_1073741835’
removed ‘/scratch/adp7372/31716219/hdfs_data/current/BP-464232866-198.202.115.27-1582566792344/current/finalized/subdir0/subdir0/blk_1073741826’
removed ‘/scratch/adp7372/31716219/hdfs_data/current/BP-464232866-198.202.115.27-1582566792344/current/finalized/subdir0/subdir0/blk_1073741834_1010.meta’
removed ‘/scratch/adp7372/31716219/hdfs_data/current/BP-464232866-198.202.115.27-1582566792344/current/finalized/subdir0/subdir0/blk_1073741836’
removed ‘/scratch/adp7372/31716219/hdfs_data/current/BP-464232866-198.202.115.27-1582566792344/current/finalized/subdir0/subdir0/blk_1073741825’
removed ‘/scratch/adp7372/31716219/hdfs_data/current/BP-464232866-198.202.115.27-1582566792344/current/finalized/subdir0/subdir0/blk_1073741826_1002.meta’
removed ‘/scratch/adp7372/31716219/hdfs_data/current/BP-464232866-198.202.115.27-1582566792344/current/finalized/subdir0/subdir0/blk_1073741827’
removed ‘/scratch/adp7372/31716219/hdfs_data/current/BP-464232866-198.202.115.27-1582566792344/current/finalized/subdir0/subdir0/blk_1073741834’
removed ‘/scratch/adp7372/31716219/hdfs_data/current/BP-464232866-198.202.115.27-1582566792344/current/finalized/subdir0/subdir0/blk_1073741836_1012.meta’
removed ‘/scratch/adp7372/31716219/hdfs_data/current/BP-464232866-198.202.115.27-1582566792344/current/finalized/subdir0/subdir0/blk_1073741825_1001.meta’
removed ‘/scratch/adp7372/31716219/hdfs_data/current/BP-464232866-198.202.115.27-1582566792344/current/finalized/subdir0/subdir0/blk_1073741837’
removed ‘/scratch/adp7372/31716219/hdfs_data/current/BP-464232866-198.202.115.27-1582566792344/current/finalized/subdir0/subdir0/blk_1073741837_1013.meta’
removed directory: ‘/scratch/adp7372/31716219/hdfs_data/current/BP-464232866-198.202.115.27-1582566792344/current/finalized/subdir0/subdir0’
removed directory: ‘/scratch/adp7372/31716219/hdfs_data/current/BP-464232866-198.202.115.27-1582566792344/current/finalized/subdir0’
removed directory: ‘/scratch/adp7372/31716219/hdfs_data/current/BP-464232866-198.202.115.27-1582566792344/current/finalized’
removed ‘/scratch/adp7372/31716219/hdfs_data/current/BP-464232866-198.202.115.27-1582566792344/current/VERSION’
removed directory: ‘/scratch/adp7372/31716219/hdfs_data/current/BP-464232866-198.202.115.27-1582566792344/current/rbw’
removed ‘/scratch/adp7372/31716219/hdfs_data/current/BP-464232866-198.202.115.27-1582566792344/current/dfsUsed’
removed directory: ‘/scratch/adp7372/31716219/hdfs_data/current/BP-464232866-198.202.115.27-1582566792344/current’
removed ‘/scratch/adp7372/31716219/hdfs_data/current/BP-464232866-198.202.115.27-1582566792344/dncp_block_verification.log.prev’
removed directory: ‘/scratch/adp7372/31716219/hdfs_data/current/BP-464232866-198.202.115.27-1582566792344’
removed directory: ‘/scratch/adp7372/31716219/hdfs_data/current’
removed directory: ‘/scratch/adp7372/31716219/hdfs_data’
removed directory: ‘/scratch/adp7372/31716219/pids’
removed ‘/scratch/adp7372/31716219/logs/yarn-adp7372-nodemanager-comet-16-66.sdsc.edu.out’
removed ‘/scratch/adp7372/31716219/logs/hadoop-adp7372-secondarynamenode-comet-16-66.sdsc.edu.out’
removed ‘/scratch/adp7372/31716219/logs/hadoop-adp7372-namenode-comet-16-66.sdsc.edu.log’
removed ‘/scratch/adp7372/31716219/logs/yarn-adp7372-resourcemanager-comet-16-66.out’
removed ‘/scratch/adp7372/31716219/logs/userlogs/application_1582566810809_0001/container_1582566810809_0001_01_000003/syslog’
removed ‘/scratch/adp7372/31716219/logs/userlogs/application_1582566810809_0001/container_1582566810809_0001_01_000003/stdout’
removed ‘/scratch/adp7372/31716219/logs/userlogs/application_1582566810809_0001/container_1582566810809_0001_01_000003/stderr’
removed directory: ‘/scratch/adp7372/31716219/logs/userlogs/application_1582566810809_0001/container_1582566810809_0001_01_000003’
removed ‘/scratch/adp7372/31716219/logs/userlogs/application_1582566810809_0001/container_1582566810809_0001_01_000004/stderr’
removed ‘/scratch/adp7372/31716219/logs/userlogs/application_1582566810809_0001/container_1582566810809_0001_01_000004/stdout’
removed ‘/scratch/adp7372/31716219/logs/userlogs/application_1582566810809_0001/container_1582566810809_0001_01_000004/syslog’
removed directory: ‘/scratch/adp7372/31716219/logs/userlogs/application_1582566810809_0001/container_1582566810809_0001_01_000004’
removed ‘/scratch/adp7372/31716219/logs/userlogs/application_1582566810809_0001/container_1582566810809_0001_01_000007/stdout’
removed ‘/scratch/adp7372/31716219/logs/userlogs/application_1582566810809_0001/container_1582566810809_0001_01_000007/syslog’
removed ‘/scratch/adp7372/31716219/logs/userlogs/application_1582566810809_0001/container_1582566810809_0001_01_000007/stderr’
removed directory: ‘/scratch/adp7372/31716219/logs/userlogs/application_1582566810809_0001/container_1582566810809_0001_01_000007’
removed ‘/scratch/adp7372/31716219/logs/userlogs/application_1582566810809_0001/container_1582566810809_0001_01_000005/stderr’
removed ‘/scratch/adp7372/31716219/logs/userlogs/application_1582566810809_0001/container_1582566810809_0001_01_000005/stdout’
removed ‘/scratch/adp7372/31716219/logs/userlogs/application_1582566810809_0001/container_1582566810809_0001_01_000005/syslog’
removed directory: ‘/scratch/adp7372/31716219/logs/userlogs/application_1582566810809_0001/container_1582566810809_0001_01_000005’
removed ‘/scratch/adp7372/31716219/logs/userlogs/application_1582566810809_0001/container_1582566810809_0001_01_000002/stderr’
removed ‘/scratch/adp7372/31716219/logs/userlogs/application_1582566810809_0001/container_1582566810809_0001_01_000002/stdout’
removed ‘/scratch/adp7372/31716219/logs/userlogs/application_1582566810809_0001/container_1582566810809_0001_01_000002/syslog’
removed directory: ‘/scratch/adp7372/31716219/logs/userlogs/application_1582566810809_0001/container_1582566810809_0001_01_000002’
removed ‘/scratch/adp7372/31716219/logs/userlogs/application_1582566810809_0001/container_1582566810809_0001_01_000006/stderr’
removed ‘/scratch/adp7372/31716219/logs/userlogs/application_1582566810809_0001/container_1582566810809_0001_01_000006/syslog’
removed ‘/scratch/adp7372/31716219/logs/userlogs/application_1582566810809_0001/container_1582566810809_0001_01_000006/stdout’
removed directory: ‘/scratch/adp7372/31716219/logs/userlogs/application_1582566810809_0001/container_1582566810809_0001_01_000006’
removed directory: ‘/scratch/adp7372/31716219/logs/userlogs/application_1582566810809_0001’
removed directory: ‘/scratch/adp7372/31716219/logs/userlogs’
removed ‘/scratch/adp7372/31716219/logs/hadoop-adp7372-datanode-comet-16-66.sdsc.edu.log’
removed ‘/scratch/adp7372/31716219/logs/hadoop-adp7372-datanode-comet-16-66.sdsc.edu.out’
removed ‘/scratch/adp7372/31716219/logs/hadoop-adp7372-secondarynamenode-comet-16-66.sdsc.edu.log’
removed ‘/scratch/adp7372/31716219/logs/hadoop-adp7372-namenode-comet-16-66.sdsc.edu.out’
removed ‘/scratch/adp7372/31716219/logs/yarn-adp7372-resourcemanager-comet-16-66.log’
removed ‘/scratch/adp7372/31716219/logs/yarn-adp7372-nodemanager-comet-16-66.sdsc.edu.log’
removed ‘/scratch/adp7372/31716219/logs/SecurityAuth-adp7372.audit’
removed directory: ‘/scratch/adp7372/31716219/logs’
removed directory: ‘/scratch/adp7372/31716219/mapred_scratch/filecache’
removed directory: ‘/scratch/adp7372/31716219/mapred_scratch/nmPrivate’
removed directory: ‘/scratch/adp7372/31716219/mapred_scratch/usercache/adp7372/filecache’
removed directory: ‘/scratch/adp7372/31716219/mapred_scratch/usercache/adp7372/appcache’
removed directory: ‘/scratch/adp7372/31716219/mapred_scratch/usercache/adp7372’
removed directory: ‘/scratch/adp7372/31716219/mapred_scratch/usercache’
removed directory: ‘/scratch/adp7372/31716219/mapred_scratch’
removed ‘/scratch/adp7372/31716219/hdfs_data/current/BP-464232866-198.202.115.27-1582566792344/dncp_block_verification.log.curr’
removed ‘/scratch/adp7372/31716219/hdfs_data/current/BP-464232866-198.202.115.27-1582566792344/current/VERSION’
removed ‘/scratch/adp7372/31716219/hdfs_data/current/BP-464232866-198.202.115.27-1582566792344/current/finalized/subdir0/subdir0/blk_1073741837’
removed ‘/scratch/adp7372/31716219/hdfs_data/current/BP-464232866-198.202.115.27-1582566792344/current/finalized/subdir0/subdir0/blk_1073741825_1001.meta’
removed ‘/scratch/adp7372/31716219/hdfs_data/current/BP-464232866-198.202.115.27-1582566792344/current/finalized/subdir0/subdir0/blk_1073741837_1013.meta’
removed ‘/scratch/adp7372/31716219/hdfs_data/current/BP-464232866-198.202.115.27-1582566792344/current/finalized/subdir0/subdir0/blk_1073741834’
removed ‘/scratch/adp7372/31716219/hdfs_data/current/BP-464232866-198.202.115.27-1582566792344/current/finalized/subdir0/subdir0/blk_1073741827’
removed ‘/scratch/adp7372/31716219/hdfs_data/current/BP-464232866-198.202.115.27-1582566792344/current/finalized/subdir0/subdir0/blk_1073741836_1012.meta’
removed ‘/scratch/adp7372/31716219/hdfs_data/current/BP-464232866-198.202.115.27-1582566792344/current/finalized/subdir0/subdir0/blk_1073741834_1010.meta’
removed ‘/scratch/adp7372/31716219/hdfs_data/current/BP-464232866-198.202.115.27-1582566792344/current/finalized/subdir0/subdir0/blk_1073741826_1002.meta’
removed ‘/scratch/adp7372/31716219/hdfs_data/current/BP-464232866-198.202.115.27-1582566792344/current/finalized/subdir0/subdir0/blk_1073741825’
removed ‘/scratch/adp7372/31716219/hdfs_data/current/BP-464232866-198.202.115.27-1582566792344/current/finalized/subdir0/subdir0/blk_1073741836’
removed ‘/scratch/adp7372/31716219/hdfs_data/current/BP-464232866-198.202.115.27-1582566792344/current/finalized/subdir0/subdir0/blk_1073741835_1011.meta’
removed ‘/scratch/adp7372/31716219/hdfs_data/current/BP-464232866-198.202.115.27-1582566792344/current/finalized/subdir0/subdir0/blk_1073741826’
removed ‘/scratch/adp7372/31716219/hdfs_data/current/BP-464232866-198.202.115.27-1582566792344/current/finalized/subdir0/subdir0/blk_1073741835’
removed ‘/scratch/adp7372/31716219/hdfs_data/current/BP-464232866-198.202.115.27-1582566792344/current/finalized/subdir0/subdir0/blk_1073741827_1003.meta’
removed directory: ‘/scratch/adp7372/31716219/hdfs_data/current/BP-464232866-198.202.115.27-1582566792344/current/finalized/subdir0/subdir0’
removed directory: ‘/scratch/adp7372/31716219/hdfs_data/current/BP-464232866-198.202.115.27-1582566792344/current/finalized/subdir0’
removed directory: ‘/scratch/adp7372/31716219/hdfs_data/current/BP-464232866-198.202.115.27-1582566792344/current/finalized’
removed ‘/scratch/adp7372/31716219/hdfs_data/current/BP-464232866-198.202.115.27-1582566792344/current/dfsUsed’
removed directory: ‘/scratch/adp7372/31716219/hdfs_data/current/BP-464232866-198.202.115.27-1582566792344/current/rbw’
removed directory: ‘/scratch/adp7372/31716219/hdfs_data/current/BP-464232866-198.202.115.27-1582566792344/current’
removed directory: ‘/scratch/adp7372/31716219/hdfs_data/current/BP-464232866-198.202.115.27-1582566792344/tmp’
removed ‘/scratch/adp7372/31716219/hdfs_data/current/BP-464232866-198.202.115.27-1582566792344/dncp_block_verification.log.prev’
removed directory: ‘/scratch/adp7372/31716219/hdfs_data/current/BP-464232866-198.202.115.27-1582566792344’
removed ‘/scratch/adp7372/31716219/hdfs_data/current/VERSION’
removed directory: ‘/scratch/adp7372/31716219/hdfs_data/current’
removed directory: ‘/scratch/adp7372/31716219/hdfs_data’
removed directory: ‘/scratch/adp7372/31716219/pids’
removed ‘/scratch/adp7372/31716219/logs/yarn-adp7372-nodemanager-comet-16-71.sdsc.edu.out’
removed ‘/scratch/adp7372/31716219/logs/hadoop-adp7372-datanode-comet-16-71.sdsc.edu.log’
removed ‘/scratch/adp7372/31716219/logs/hadoop-adp7372-datanode-comet-16-71.sdsc.edu.out’
removed ‘/scratch/adp7372/31716219/logs/userlogs/application_1582566810809_0001/container_1582566810809_0001_01_000001/syslog’
removed ‘/scratch/adp7372/31716219/logs/userlogs/application_1582566810809_0001/container_1582566810809_0001_01_000001/stdout’
removed ‘/scratch/adp7372/31716219/logs/userlogs/application_1582566810809_0001/container_1582566810809_0001_01_000001/stderr’
removed directory: ‘/scratch/adp7372/31716219/logs/userlogs/application_1582566810809_0001/container_1582566810809_0001_01_000001’
removed directory: ‘/scratch/adp7372/31716219/logs/userlogs/application_1582566810809_0001’
removed directory: ‘/scratch/adp7372/31716219/logs/userlogs’
removed ‘/scratch/adp7372/31716219/logs/yarn-adp7372-nodemanager-comet-16-71.sdsc.edu.log’
removed ‘/scratch/adp7372/31716219/logs/SecurityAuth-adp7372.audit’
removed directory: ‘/scratch/adp7372/31716219/logs’
removed directory: ‘/tmp/Jetty_0_0_0_0_50075_datanode____hwtdwq/.active’
removed directory: ‘/tmp/Jetty_0_0_0_0_50075_datanode____hwtdwq/jsp’
removed directory: ‘/tmp/Jetty_0_0_0_0_50075_datanode____hwtdwq’
removed directory: ‘/tmp/Jetty_comet.16.66_ibnet_50090_secondary____.ykh102/.active’
removed directory: ‘/tmp/Jetty_comet.16.66_ibnet_50090_secondary____.ykh102/jsp’
removed directory: ‘/tmp/Jetty_comet.16.66_ibnet_50090_secondary____.ykh102’
removed directory: ‘/tmp/Jetty_0_0_0_0_50070_hdfs____w2cu08/.active’
removed directory: ‘/tmp/Jetty_0_0_0_0_50070_hdfs____w2cu08/jsp’
removed directory: ‘/tmp/Jetty_0_0_0_0_50070_hdfs____w2cu08’
