which: no hadoop in (/opt/mvapich2/intel/ib/bin:/opt/intel/2018.1.163/compilers_and_libraries_2018.1.163/linux/bin/intel64:/usr/lib64/qt-3.3/bin:/usr/local/bin:/bin:/usr/bin:/usr/bin:/usr/local/sbin:/usr/sbin:/opt/sdsc/bin:/opt/sdsc/sbin:/opt/ibutils/bin:/opt/pdsh/bin:/opt/rocks/bin:/opt/rocks/sbin:/home/adp7372/bin)
20/04/15 21:02:57 INFO pig.ExecTypeProvider: Trying ExecType : LOCAL
20/04/15 21:02:57 INFO pig.ExecTypeProvider: Picked LOCAL as the ExecType
2020-04-15 21:02:57,926 [main] INFO  org.apache.pig.Main - Apache Pig version 0.16.0 (r1746530) compiled Jun 01 2016, 23:09:59
2020-04-15 21:02:57,926 [main] INFO  org.apache.pig.Main - Logging error messages to: /home/adp7372/project6/examples/pig_1587009777922.log
2020-04-15 21:02:58,162 [main] INFO  org.apache.pig.impl.util.Utils - Default bootup file /home/adp7372/.pigbootup not found
2020-04-15 21:02:58,364 [main] INFO  org.apache.pig.backend.hadoop.executionengine.HExecutionEngine - Connecting to hadoop file system at: file:///
2020-04-15 21:02:58,405 [main] INFO  org.apache.pig.PigServer - Pig Script ID for the session: 
2020-04-15 21:02:58,406 [main] WARN  org.apache.pig.PigServer - ATS is disabled since yarn.timeline-service.enabled set to false
2020-04-15 21:02:59,320 [main] INFO  org.apache.pig.tools.pigstats.ScriptState - Pig features used in the script: HASH_JOIN
2020-04-15 21:02:59,524 [main] INFO  org.apache.pig.newplan.logical.optimizer.LogicalPlanOptimizer - {RULES_ENABLED=[AddForEach, ColumnMapKeyPrune, ConstantCalculator, GroupByConstParallelSetter, LimitOptimizer, LoadTypeCastInserter, MergeFilter, MergeForEach, PartitionFilterOptimizer, PredicatePushdownOptimizer, PushDownForEachFlatten, PushUpFilter, SplitFilter, StreamTypeCastInserter]}
2020-04-15 21:02:59,577 [main] INFO  org.apache.pig.impl.util.SpillableMemoryManager - Selected heap (Tenured Gen) of size 699072512 to monitor. collectionUsageThreshold = 489350752, usageThreshold = 489350752
2020-04-15 21:02:59,630 [main] INFO  org.apache.pig.backend.hadoop.executionengine.mapReduceLayer.MRCompiler - File concatenation threshold: 100 optimistic? false
2020-04-15 21:02:59,657 [main] INFO  org.apache.pig.backend.hadoop.executionengine.mapReduceLayer.MRCompiler$LastInputStreamingOptimizer - Rewrite: POPackage->POForEach to POPackage(JoinPackager)
2020-04-15 21:02:59,663 [main] INFO  org.apache.pig.backend.hadoop.executionengine.mapReduceLayer.MultiQueryOptimizer - MR plan size before optimization: 1
2020-04-15 21:02:59,663 [main] INFO  org.apache.pig.backend.hadoop.executionengine.mapReduceLayer.MultiQueryOptimizer - MR plan size after optimization: 1
2020-04-15 21:02:59,769 [main] INFO  org.apache.pig.tools.pigstats.mapreduce.MRScriptState - Pig script settings are added to the job
2020-04-15 21:02:59,782 [main] INFO  org.apache.pig.backend.hadoop.executionengine.mapReduceLayer.JobControlCompiler - mapred.job.reduce.markreset.buffer.percent is not set, set to default 0.3
2020-04-15 21:02:59,784 [main] INFO  org.apache.pig.backend.hadoop.executionengine.mapReduceLayer.JobControlCompiler - Reduce phase detected, estimating # of required reducers.
2020-04-15 21:02:59,785 [main] INFO  org.apache.pig.backend.hadoop.executionengine.mapReduceLayer.JobControlCompiler - Using reducer estimator: org.apache.pig.backend.hadoop.executionengine.mapReduceLayer.InputSizeReducerEstimator
2020-04-15 21:02:59,805 [main] INFO  org.apache.pig.backend.hadoop.executionengine.mapReduceLayer.InputSizeReducerEstimator - BytesPerReducer=1000000000 maxReducers=999 totalInputFileSize=75
2020-04-15 21:02:59,805 [main] INFO  org.apache.pig.backend.hadoop.executionengine.mapReduceLayer.JobControlCompiler - Setting Parallelism to 1
2020-04-15 21:02:59,825 [main] INFO  org.apache.pig.backend.hadoop.executionengine.mapReduceLayer.JobControlCompiler - Setting up single store job
2020-04-15 21:02:59,839 [main] INFO  org.apache.pig.data.SchemaTupleFrontend - Key [pig.schematuple] is false, will not generate code.
2020-04-15 21:02:59,839 [main] INFO  org.apache.pig.data.SchemaTupleFrontend - Starting process to move generated code to distributed cacche
2020-04-15 21:02:59,839 [main] INFO  org.apache.pig.data.SchemaTupleFrontend - Distributed cache not supported or needed in local mode. Setting key [pig.schematuple.local.dir] with code temp directory: /tmp/1587009779839-0
2020-04-15 21:02:59,998 [main] INFO  org.apache.pig.backend.hadoop.executionengine.mapReduceLayer.MapReduceLauncher - 1 map-reduce job(s) waiting for submission.
2020-04-15 21:03:00,015 [JobControl] WARN  org.apache.hadoop.util.NativeCodeLoader - Unable to load native-hadoop library for your platform... using builtin-java classes where applicable
2020-04-15 21:03:00,021 [JobControl] WARN  org.apache.hadoop.mapred.JobClient - No job jar file set.  User classes may not be found. See JobConf(Class) or JobConf#setJar(String).
2020-04-15 21:03:00,102 [JobControl] INFO  org.apache.pig.builtin.PigStorage - Using PigTextInputFormat
2020-04-15 21:03:00,108 [JobControl] INFO  org.apache.hadoop.mapreduce.lib.input.FileInputFormat - Total input paths to process : 1
2020-04-15 21:03:00,108 [JobControl] INFO  org.apache.pig.backend.hadoop.executionengine.util.MapRedUtil - Total input paths to process : 1
2020-04-15 21:03:00,115 [JobControl] WARN  org.apache.hadoop.io.compress.snappy.LoadSnappy - Snappy native library is available
2020-04-15 21:03:00,115 [JobControl] WARN  org.apache.hadoop.io.compress.snappy.LoadSnappy - Snappy native library not loaded
2020-04-15 21:03:00,119 [JobControl] INFO  org.apache.pig.backend.hadoop.executionengine.util.MapRedUtil - Total input paths (combined) to process : 1
2020-04-15 21:03:00,139 [JobControl] INFO  org.apache.pig.builtin.PigStorage - Using PigTextInputFormat
2020-04-15 21:03:00,153 [JobControl] INFO  org.apache.hadoop.mapreduce.lib.input.FileInputFormat - Total input paths to process : 1
2020-04-15 21:03:00,154 [JobControl] INFO  org.apache.pig.backend.hadoop.executionengine.util.MapRedUtil - Total input paths to process : 1
2020-04-15 21:03:00,156 [JobControl] INFO  org.apache.pig.backend.hadoop.executionengine.util.MapRedUtil - Total input paths (combined) to process : 1
2020-04-15 21:03:00,500 [main] INFO  org.apache.pig.backend.hadoop.executionengine.mapReduceLayer.MapReduceLauncher - HadoopJobId: job_local_0001
2020-04-15 21:03:00,500 [main] INFO  org.apache.pig.backend.hadoop.executionengine.mapReduceLayer.MapReduceLauncher - Processing aliases D,E,J,O
2020-04-15 21:03:00,500 [main] INFO  org.apache.pig.backend.hadoop.executionengine.mapReduceLayer.MapReduceLauncher - detailed locations: M: D[2,4],D[-1,-1],J[3,4],E[1,4],E[-1,-1],J[3,4] C:  R: O[4,4]
2020-04-15 21:03:00,523 [main] INFO  org.apache.pig.backend.hadoop.executionengine.mapReduceLayer.MapReduceLauncher - 0% complete
2020-04-15 21:03:00,523 [main] INFO  org.apache.pig.backend.hadoop.executionengine.mapReduceLayer.MapReduceLauncher - Running jobs are [job_local_0001]
2020-04-15 21:03:00,650 [Thread-3] INFO  org.apache.hadoop.util.ProcessTree - setsid exited with exit code 0
2020-04-15 21:03:00,705 [Thread-3] INFO  org.apache.hadoop.mapred.Task -  Using ResourceCalculatorPlugin : org.apache.hadoop.util.LinuxResourceCalculatorPlugin@559ef33d
2020-04-15 21:03:00,725 [Thread-3] INFO  org.apache.pig.builtin.PigStorage - Using PigTextInputFormat
2020-04-15 21:03:00,728 [Thread-3] INFO  org.apache.pig.backend.hadoop.executionengine.mapReduceLayer.PigRecordReader - Current split being processed file:/home/adp7372/project6/examples/e.txt:0+64
2020-04-15 21:03:00,735 [Thread-3] INFO  org.apache.hadoop.mapred.MapTask - io.sort.mb = 100
2020-04-15 21:03:00,868 [Thread-3] INFO  org.apache.hadoop.mapred.MapTask - data buffer = 79691776/99614720
2020-04-15 21:03:00,868 [Thread-3] INFO  org.apache.hadoop.mapred.MapTask - record buffer = 262144/327680
2020-04-15 21:03:00,886 [Thread-3] INFO  org.apache.pig.impl.util.SpillableMemoryManager - Selected heap (Tenured Gen) of size 699072512 to monitor. collectionUsageThreshold = 489350752, usageThreshold = 489350752
2020-04-15 21:03:00,887 [Thread-3] INFO  org.apache.pig.data.SchemaTupleBackend - Key [pig.schematuple] was not set... will not generate code.
2020-04-15 21:03:00,921 [Thread-3] INFO  org.apache.pig.backend.hadoop.executionengine.mapReduceLayer.PigGenericMapReduce$Map - Aliases being processed per job phase (AliasName[line,offset]): M: D[2,4],D[-1,-1],J[3,4],E[1,4],E[-1,-1],J[3,4] C:  R: O[4,4]
2020-04-15 21:03:00,953 [Thread-3] INFO  org.apache.hadoop.mapred.MapTask - Starting flush of map output
2020-04-15 21:03:00,978 [Thread-3] INFO  org.apache.hadoop.mapred.MapTask - Finished spill 0
2020-04-15 21:03:00,979 [Thread-3] INFO  org.apache.hadoop.mapred.Task - Task:attempt_local_0001_m_000000_0 is done. And is in the process of commiting
2020-04-15 21:03:03,561 [Thread-3] INFO  org.apache.hadoop.mapred.LocalJobRunner - 
2020-04-15 21:03:03,562 [Thread-3] INFO  org.apache.hadoop.mapred.Task - Task 'attempt_local_0001_m_000000_0' done.
2020-04-15 21:03:03,567 [Thread-3] INFO  org.apache.hadoop.mapred.Task -  Using ResourceCalculatorPlugin : org.apache.hadoop.util.LinuxResourceCalculatorPlugin@4a2ffad8
2020-04-15 21:03:03,570 [Thread-3] INFO  org.apache.pig.builtin.PigStorage - Using PigTextInputFormat
2020-04-15 21:03:03,571 [Thread-3] INFO  org.apache.pig.backend.hadoop.executionengine.mapReduceLayer.PigRecordReader - Current split being processed file:/home/adp7372/project6/examples/d.txt:0+11
2020-04-15 21:03:03,581 [Thread-3] INFO  org.apache.hadoop.mapred.MapTask - io.sort.mb = 100
2020-04-15 21:03:03,646 [Thread-3] INFO  org.apache.hadoop.mapred.MapTask - data buffer = 79691776/99614720
2020-04-15 21:03:03,646 [Thread-3] INFO  org.apache.hadoop.mapred.MapTask - record buffer = 262144/327680
2020-04-15 21:03:03,654 [Thread-3] INFO  org.apache.pig.impl.util.SpillableMemoryManager - Selected heap (Tenured Gen) of size 699072512 to monitor. collectionUsageThreshold = 489350752, usageThreshold = 489350752
2020-04-15 21:03:03,656 [Thread-3] WARN  org.apache.pig.data.SchemaTupleBackend - SchemaTupleBackend has already been initialized
2020-04-15 21:03:03,661 [Thread-3] INFO  org.apache.pig.backend.hadoop.executionengine.mapReduceLayer.PigGenericMapReduce$Map - Aliases being processed per job phase (AliasName[line,offset]): M: D[2,4],D[-1,-1],J[3,4],E[1,4],E[-1,-1],J[3,4] C:  R: O[4,4]
2020-04-15 21:03:03,684 [Thread-3] INFO  org.apache.hadoop.mapred.MapTask - Starting flush of map output
2020-04-15 21:03:03,685 [Thread-3] INFO  org.apache.hadoop.mapred.MapTask - Finished spill 0
2020-04-15 21:03:03,692 [Thread-3] INFO  org.apache.hadoop.mapred.Task - Task:attempt_local_0001_m_000001_0 is done. And is in the process of commiting
2020-04-15 21:03:04,026 [main] INFO  org.apache.pig.backend.hadoop.executionengine.mapReduceLayer.MapReduceLauncher - 50% complete
2020-04-15 21:03:04,026 [main] INFO  org.apache.pig.backend.hadoop.executionengine.mapReduceLayer.MapReduceLauncher - Running jobs are [job_local_0001]
2020-04-15 21:03:06,626 [Thread-3] INFO  org.apache.hadoop.mapred.LocalJobRunner - 
2020-04-15 21:03:06,626 [Thread-3] INFO  org.apache.hadoop.mapred.Task - Task 'attempt_local_0001_m_000001_0' done.
2020-04-15 21:03:06,657 [Thread-3] INFO  org.apache.hadoop.mapred.Task -  Using ResourceCalculatorPlugin : org.apache.hadoop.util.LinuxResourceCalculatorPlugin@7e547d9c
2020-04-15 21:03:06,662 [Thread-3] INFO  org.apache.hadoop.mapred.LocalJobRunner - 
2020-04-15 21:03:06,666 [Thread-3] INFO  org.apache.hadoop.mapred.Merger - Merging 2 sorted segments
2020-04-15 21:03:06,678 [Thread-3] INFO  org.apache.hadoop.mapred.Merger - Down to the last merge-pass, with 2 segments left of total size: 132 bytes
2020-04-15 21:03:06,679 [Thread-3] INFO  org.apache.hadoop.mapred.LocalJobRunner - 
2020-04-15 21:03:06,715 [Thread-3] INFO  org.apache.pig.impl.util.SpillableMemoryManager - Selected heap (Tenured Gen) of size 699072512 to monitor. collectionUsageThreshold = 489350752, usageThreshold = 489350752
2020-04-15 21:03:06,715 [Thread-3] WARN  org.apache.pig.data.SchemaTupleBackend - SchemaTupleBackend has already been initialized
2020-04-15 21:03:06,727 [Thread-3] INFO  org.apache.pig.backend.hadoop.executionengine.mapReduceLayer.PigMapReduce$Reduce - Aliases being processed per job phase (AliasName[line,offset]): M: D[2,4],D[-1,-1],J[3,4],E[1,4],E[-1,-1],J[3,4] C:  R: O[4,4]
2020-04-15 21:03:06,748 [Thread-3] INFO  org.apache.hadoop.mapred.Task - Task:attempt_local_0001_r_000000_0 is done. And is in the process of commiting
2020-04-15 21:03:06,749 [Thread-3] INFO  org.apache.hadoop.mapred.LocalJobRunner - 
2020-04-15 21:03:06,754 [Thread-3] INFO  org.apache.hadoop.mapred.Task - Task attempt_local_0001_r_000000_0 is allowed to commit now
2020-04-15 21:03:06,769 [Thread-3] INFO  org.apache.hadoop.mapreduce.lib.output.FileOutputCommitter - Saved output of task 'attempt_local_0001_r_000000_0' to file:/home/adp7372/project6/examples/output
2020-04-15 21:03:09,676 [Thread-3] INFO  org.apache.hadoop.mapred.LocalJobRunner - reduce > reduce
2020-04-15 21:03:09,677 [Thread-3] INFO  org.apache.hadoop.mapred.Task - Task 'attempt_local_0001_r_000000_0' done.
2020-04-15 21:03:10,047 [main] INFO  org.apache.pig.backend.hadoop.executionengine.mapReduceLayer.MapReduceLauncher - 100% complete
2020-04-15 21:03:10,049 [main] INFO  org.apache.pig.tools.pigstats.mapreduce.SimplePigStats - Script Statistics: 

HadoopVersion	PigVersion	UserId	StartedAt	FinishedAt	Features
1.0.4	0.16.0	adp7372	2020-04-15 21:02:59	2020-04-15 21:03:10	HASH_JOIN

Success!

Job Stats (time in seconds):
JobId	Maps	Reduces	MaxMapTime	MinMapTime	AvgMapTime	MedianMapTime	MaxReduceTime	MinReduceTime	AvgReduceTime	MedianReducetime	Alias	Feature	Outputs
job_local_0001	1	1	n/a	n/a	n/a	n/a	n/a	n/a	n/a	n/a	D,E,J,O	HASH_JOIN	file:///home/adp7372/project6/examples/output,

Input(s):
Successfully read 3 records from: "file:///home/adp7372/project6/examples/e.txt"
Successfully read 2 records from: "file:///home/adp7372/project6/examples/d.txt"

Output(s):
Successfully stored 3 records in: "file:///home/adp7372/project6/examples/output"

Counters:
Total records written : 3
Total bytes written : 0
Spillable Memory Manager spill count : 0
Total bags proactively spilled: 0
Total records proactively spilled: 0

Job DAG:
job_local_0001


2020-04-15 21:03:10,052 [main] INFO  org.apache.pig.backend.hadoop.executionengine.mapReduceLayer.MapReduceLauncher - Success!
2020-04-15 21:03:10,108 [main] INFO  org.apache.pig.Main - Pig script completed in 12 seconds and 539 milliseconds (12539 ms)
