2020-03-21 16:57:18,783 INFO  [main] Configuration.deprecation (Configuration.java:warnOnceIfDeprecated(1049)) - session.id is deprecated. Instead, use dfs.metrics.session-id
2020-03-21 16:57:18,786 INFO  [main] jvm.JvmMetrics (JvmMetrics.java:init(76)) - Initializing JVM Metrics with processName=JobTracker, sessionId=
2020-03-21 16:57:19,005 WARN  [main] mapreduce.JobSubmitter (JobSubmitter.java:copyAndConfigureFiles(153)) - Hadoop command-line option parsing not performed. Implement the Tool interface and execute your application with ToolRunner to remedy this.
2020-03-21 16:57:19,042 INFO  [main] input.FileInputFormat (FileInputFormat.java:listStatus(281)) - Total input paths to process : 1
2020-03-21 16:57:19,074 INFO  [main] mapreduce.JobSubmitter (JobSubmitter.java:submitJobInternal(494)) - number of splits:1
2020-03-21 16:57:19,242 INFO  [main] mapreduce.JobSubmitter (JobSubmitter.java:printTokens(583)) - Submitting tokens for job: job_local910247121_0001
2020-03-21 16:57:19,457 INFO  [main] mapreduce.Job (Job.java:submit(1300)) - The url to track the job: http://localhost:8080/
2020-03-21 16:57:19,458 INFO  [main] mapreduce.Job (Job.java:monitorAndPrintJob(1345)) - Running job: job_local910247121_0001
2020-03-21 16:57:19,463 INFO  [Thread-3] mapred.LocalJobRunner (LocalJobRunner.java:createOutputCommitter(471)) - OutputCommitter set in config null
2020-03-21 16:57:19,470 INFO  [Thread-3] mapred.LocalJobRunner (LocalJobRunner.java:createOutputCommitter(489)) - OutputCommitter is org.apache.hadoop.mapreduce.lib.output.FileOutputCommitter
2020-03-21 16:57:19,569 INFO  [Thread-3] mapred.LocalJobRunner (LocalJobRunner.java:runTasks(448)) - Waiting for map tasks
2020-03-21 16:57:19,569 INFO  [LocalJobRunner Map Task Executor #0] mapred.LocalJobRunner (LocalJobRunner.java:run(224)) - Starting task: attempt_local910247121_0001_m_000000_0
2020-03-21 16:57:19,673 INFO  [LocalJobRunner Map Task Executor #0] mapred.Task (Task.java:initialize(587)) -  Using ResourceCalculatorProcessTree : [ ]
2020-03-21 16:57:19,676 INFO  [LocalJobRunner Map Task Executor #0] mapred.MapTask (MapTask.java:runNewMapper(753)) - Processing split: file:/home/adp7372/project3/small-graph.txt:0+56
2020-03-21 16:57:19,759 INFO  [LocalJobRunner Map Task Executor #0] mapred.MapTask (MapTask.java:setEquator(1202)) - (EQUATOR) 0 kvi 26214396(104857584)
2020-03-21 16:57:19,760 INFO  [LocalJobRunner Map Task Executor #0] mapred.MapTask (MapTask.java:init(995)) - mapreduce.task.io.sort.mb: 100
2020-03-21 16:57:19,762 INFO  [LocalJobRunner Map Task Executor #0] mapred.MapTask (MapTask.java:init(996)) - soft limit at 83886080
2020-03-21 16:57:19,762 INFO  [LocalJobRunner Map Task Executor #0] mapred.MapTask (MapTask.java:init(997)) - bufstart = 0; bufvoid = 104857600
2020-03-21 16:57:19,762 INFO  [LocalJobRunner Map Task Executor #0] mapred.MapTask (MapTask.java:init(998)) - kvstart = 26214396; length = 6553600
2020-03-21 16:57:19,767 INFO  [LocalJobRunner Map Task Executor #0] mapred.MapTask (MapTask.java:createSortingCollector(402)) - Map output collector class = org.apache.hadoop.mapred.MapTask$MapOutputBuffer
2020-03-21 16:57:19,792 INFO  [LocalJobRunner Map Task Executor #0] mapred.LocalJobRunner (LocalJobRunner.java:statusUpdate(591)) - 
2020-03-21 16:57:19,798 INFO  [LocalJobRunner Map Task Executor #0] mapred.MapTask (MapTask.java:flush(1457)) - Starting flush of map output
2020-03-21 16:57:19,799 INFO  [LocalJobRunner Map Task Executor #0] mapred.MapTask (MapTask.java:flush(1475)) - Spilling map output
2020-03-21 16:57:19,799 INFO  [LocalJobRunner Map Task Executor #0] mapred.MapTask (MapTask.java:flush(1476)) - bufstart = 0; bufend = 464; bufvoid = 104857600
2020-03-21 16:57:19,799 INFO  [LocalJobRunner Map Task Executor #0] mapred.MapTask (MapTask.java:flush(1478)) - kvstart = 26214396(104857584); kvend = 26214360(104857440); length = 37/6553600
2020-03-21 16:57:19,805 INFO  [LocalJobRunner Map Task Executor #0] mapred.MapTask (MapTask.java:sortAndSpill(1660)) - Finished spill 0
2020-03-21 16:57:19,814 INFO  [LocalJobRunner Map Task Executor #0] mapred.Task (Task.java:done(1001)) - Task:attempt_local910247121_0001_m_000000_0 is done. And is in the process of committing
2020-03-21 16:57:19,823 INFO  [LocalJobRunner Map Task Executor #0] mapred.LocalJobRunner (LocalJobRunner.java:statusUpdate(591)) - map
2020-03-21 16:57:19,823 INFO  [LocalJobRunner Map Task Executor #0] mapred.Task (Task.java:sendDone(1121)) - Task 'attempt_local910247121_0001_m_000000_0' done.
2020-03-21 16:57:19,824 INFO  [LocalJobRunner Map Task Executor #0] mapred.LocalJobRunner (LocalJobRunner.java:run(249)) - Finishing task: attempt_local910247121_0001_m_000000_0
2020-03-21 16:57:19,824 INFO  [Thread-3] mapred.LocalJobRunner (LocalJobRunner.java:runTasks(456)) - map task executor complete.
2020-03-21 16:57:19,826 INFO  [Thread-3] mapred.LocalJobRunner (LocalJobRunner.java:runTasks(448)) - Waiting for reduce tasks
2020-03-21 16:57:19,827 INFO  [pool-3-thread-1] mapred.LocalJobRunner (LocalJobRunner.java:run(302)) - Starting task: attempt_local910247121_0001_r_000000_0
2020-03-21 16:57:19,833 INFO  [pool-3-thread-1] mapred.Task (Task.java:initialize(587)) -  Using ResourceCalculatorProcessTree : [ ]
2020-03-21 16:57:19,836 INFO  [pool-3-thread-1] mapred.ReduceTask (ReduceTask.java:run(362)) - Using ShuffleConsumerPlugin: org.apache.hadoop.mapreduce.task.reduce.Shuffle@1a372781
2020-03-21 16:57:19,868 INFO  [pool-3-thread-1] reduce.MergeManagerImpl (MergeManagerImpl.java:<init>(196)) - MergerManager: memoryLimit=709551680, maxSingleShuffleLimit=177387920, mergeThreshold=468304128, ioSortFactor=10, memToMemMergeOutputsThreshold=10
2020-03-21 16:57:19,883 INFO  [EventFetcher for fetching Map Completion Events] reduce.EventFetcher (EventFetcher.java:run(61)) - attempt_local910247121_0001_r_000000_0 Thread started: EventFetcher for fetching Map Completion Events
2020-03-21 16:57:19,966 INFO  [localfetcher#1] reduce.LocalFetcher (LocalFetcher.java:copyMapOutput(141)) - localfetcher#1 about to shuffle output of map attempt_local910247121_0001_m_000000_0 decomp: 486 len: 490 to MEMORY
2020-03-21 16:57:19,984 INFO  [localfetcher#1] reduce.InMemoryMapOutput (InMemoryMapOutput.java:shuffle(100)) - Read 486 bytes from map-output for attempt_local910247121_0001_m_000000_0
2020-03-21 16:57:20,003 INFO  [localfetcher#1] reduce.MergeManagerImpl (MergeManagerImpl.java:closeInMemoryFile(314)) - closeInMemoryFile -> map-output of size: 486, inMemoryMapOutputs.size() -> 1, commitMemory -> 0, usedMemory ->486
2020-03-21 16:57:20,017 INFO  [EventFetcher for fetching Map Completion Events] reduce.EventFetcher (EventFetcher.java:run(76)) - EventFetcher is interrupted.. Returning
2020-03-21 16:57:20,018 INFO  [pool-3-thread-1] mapred.LocalJobRunner (LocalJobRunner.java:statusUpdate(591)) - 1 / 1 copied.
2020-03-21 16:57:20,018 INFO  [pool-3-thread-1] reduce.MergeManagerImpl (MergeManagerImpl.java:finalMerge(674)) - finalMerge called with 1 in-memory map-outputs and 0 on-disk map-outputs
2020-03-21 16:57:20,023 INFO  [pool-3-thread-1] mapred.Merger (Merger.java:merge(597)) - Merging 1 sorted segments
2020-03-21 16:57:20,024 INFO  [pool-3-thread-1] mapred.Merger (Merger.java:merge(696)) - Down to the last merge-pass, with 1 segments left of total size: 476 bytes
2020-03-21 16:57:20,024 INFO  [pool-3-thread-1] reduce.MergeManagerImpl (MergeManagerImpl.java:finalMerge(751)) - Merged 1 segments, 486 bytes to disk to satisfy reduce memory limit
2020-03-21 16:57:20,025 INFO  [pool-3-thread-1] reduce.MergeManagerImpl (MergeManagerImpl.java:finalMerge(781)) - Merging 1 files, 490 bytes from disk
2020-03-21 16:57:20,025 INFO  [pool-3-thread-1] reduce.MergeManagerImpl (MergeManagerImpl.java:finalMerge(796)) - Merging 0 segments, 0 bytes from memory into reduce
2020-03-21 16:57:20,025 INFO  [pool-3-thread-1] mapred.Merger (Merger.java:merge(597)) - Merging 1 sorted segments
2020-03-21 16:57:20,026 INFO  [pool-3-thread-1] mapred.Merger (Merger.java:merge(696)) - Down to the last merge-pass, with 1 segments left of total size: 476 bytes
2020-03-21 16:57:20,026 INFO  [pool-3-thread-1] mapred.LocalJobRunner (LocalJobRunner.java:statusUpdate(591)) - 1 / 1 copied.
2020-03-21 16:57:20,044 INFO  [pool-3-thread-1] Configuration.deprecation (Configuration.java:warnOnceIfDeprecated(1049)) - mapred.skip.on is deprecated. Instead, use mapreduce.job.skiprecords
2020-03-21 16:57:20,051 INFO  [pool-3-thread-1] mapred.Task (Task.java:done(1001)) - Task:attempt_local910247121_0001_r_000000_0 is done. And is in the process of committing
2020-03-21 16:57:20,055 INFO  [pool-3-thread-1] mapred.LocalJobRunner (LocalJobRunner.java:statusUpdate(591)) - 1 / 1 copied.
2020-03-21 16:57:20,055 INFO  [pool-3-thread-1] mapred.Task (Task.java:commit(1162)) - Task attempt_local910247121_0001_r_000000_0 is allowed to commit now
2020-03-21 16:57:20,058 INFO  [pool-3-thread-1] output.FileOutputCommitter (FileOutputCommitter.java:commitTask(439)) - Saved output of task 'attempt_local910247121_0001_r_000000_0' to file:/home/adp7372/project3/intermediate/f0/_temporary/0/task_local910247121_0001_r_000000
2020-03-21 16:57:20,059 INFO  [pool-3-thread-1] mapred.LocalJobRunner (LocalJobRunner.java:statusUpdate(591)) - reduce > reduce
2020-03-21 16:57:20,060 INFO  [pool-3-thread-1] mapred.Task (Task.java:sendDone(1121)) - Task 'attempt_local910247121_0001_r_000000_0' done.
2020-03-21 16:57:20,060 INFO  [pool-3-thread-1] mapred.LocalJobRunner (LocalJobRunner.java:run(325)) - Finishing task: attempt_local910247121_0001_r_000000_0
2020-03-21 16:57:20,060 INFO  [Thread-3] mapred.LocalJobRunner (LocalJobRunner.java:runTasks(456)) - reduce task executor complete.
2020-03-21 16:57:20,462 INFO  [main] mapreduce.Job (Job.java:monitorAndPrintJob(1366)) - Job job_local910247121_0001 running in uber mode : false
2020-03-21 16:57:20,463 INFO  [main] mapreduce.Job (Job.java:monitorAndPrintJob(1373)) -  map 100% reduce 100%
2020-03-21 16:57:20,463 INFO  [main] mapreduce.Job (Job.java:monitorAndPrintJob(1384)) - Job job_local910247121_0001 completed successfully
2020-03-21 16:57:20,473 INFO  [main] mapreduce.Job (Job.java:monitorAndPrintJob(1391)) - Counters: 33
	File System Counters
		FILE: Number of bytes read=15730
		FILE: Number of bytes written=522587
		FILE: Number of read operations=0
		FILE: Number of large read operations=0
		FILE: Number of write operations=0
	Map-Reduce Framework
		Map input records=10
		Map output records=10
		Map output bytes=464
		Map output materialized bytes=490
		Input split bytes=108
		Combine input records=0
		Combine output records=0
		Reduce input groups=10
		Reduce shuffle bytes=490
		Reduce input records=10
		Reduce output records=10
		Spilled Records=20
		Shuffled Maps =1
		Failed Shuffles=0
		Merged Map outputs=1
		GC time elapsed (ms)=17
		CPU time spent (ms)=0
		Physical memory (bytes) snapshot=0
		Virtual memory (bytes) snapshot=0
		Total committed heap usage (bytes)=372252672
	Shuffle Errors
		BAD_ID=0
		CONNECTION=0
		IO_ERROR=0
		WRONG_LENGTH=0
		WRONG_MAP=0
		WRONG_REDUCE=0
	File Input Format Counters 
		Bytes Read=56
	File Output Format Counters 
		Bytes Written=627
2020-03-21 16:57:20,507 INFO  [main] jvm.JvmMetrics (JvmMetrics.java:init(71)) - Cannot initialize JVM Metrics with processName=JobTracker, sessionId= - already initialized
2020-03-21 16:57:20,526 WARN  [main] mapreduce.JobSubmitter (JobSubmitter.java:copyAndConfigureFiles(153)) - Hadoop command-line option parsing not performed. Implement the Tool interface and execute your application with ToolRunner to remedy this.
2020-03-21 16:57:20,554 INFO  [main] input.FileInputFormat (FileInputFormat.java:listStatus(281)) - Total input paths to process : 1
2020-03-21 16:57:20,555 INFO  [main] mapreduce.JobSubmitter (JobSubmitter.java:submitJobInternal(494)) - number of splits:1
2020-03-21 16:57:20,571 INFO  [main] mapreduce.JobSubmitter (JobSubmitter.java:printTokens(583)) - Submitting tokens for job: job_local256499540_0002
2020-03-21 16:57:20,703 INFO  [main] mapreduce.Job (Job.java:submit(1300)) - The url to track the job: http://localhost:8080/
2020-03-21 16:57:20,703 INFO  [main] mapreduce.Job (Job.java:monitorAndPrintJob(1345)) - Running job: job_local256499540_0002
2020-03-21 16:57:20,704 INFO  [Thread-14] mapred.LocalJobRunner (LocalJobRunner.java:createOutputCommitter(471)) - OutputCommitter set in config null
2020-03-21 16:57:20,704 INFO  [Thread-14] mapred.LocalJobRunner (LocalJobRunner.java:createOutputCommitter(489)) - OutputCommitter is org.apache.hadoop.mapreduce.lib.output.FileOutputCommitter
2020-03-21 16:57:20,730 INFO  [Thread-14] mapred.LocalJobRunner (LocalJobRunner.java:runTasks(448)) - Waiting for map tasks
2020-03-21 16:57:20,730 INFO  [LocalJobRunner Map Task Executor #0] mapred.LocalJobRunner (LocalJobRunner.java:run(224)) - Starting task: attempt_local256499540_0002_m_000000_0
2020-03-21 16:57:20,738 INFO  [LocalJobRunner Map Task Executor #0] mapred.Task (Task.java:initialize(587)) -  Using ResourceCalculatorProcessTree : [ ]
2020-03-21 16:57:20,740 INFO  [LocalJobRunner Map Task Executor #0] mapred.MapTask (MapTask.java:runNewMapper(753)) - Processing split: file:/home/adp7372/project3/intermediate/f0/part-r-00000:0+611
2020-03-21 16:57:20,799 INFO  [LocalJobRunner Map Task Executor #0] mapred.MapTask (MapTask.java:setEquator(1202)) - (EQUATOR) 0 kvi 26214396(104857584)
2020-03-21 16:57:20,799 INFO  [LocalJobRunner Map Task Executor #0] mapred.MapTask (MapTask.java:init(995)) - mapreduce.task.io.sort.mb: 100
2020-03-21 16:57:20,799 INFO  [LocalJobRunner Map Task Executor #0] mapred.MapTask (MapTask.java:init(996)) - soft limit at 83886080
2020-03-21 16:57:20,800 INFO  [LocalJobRunner Map Task Executor #0] mapred.MapTask (MapTask.java:init(997)) - bufstart = 0; bufvoid = 104857600
2020-03-21 16:57:20,800 INFO  [LocalJobRunner Map Task Executor #0] mapred.MapTask (MapTask.java:init(998)) - kvstart = 26214396; length = 6553600
2020-03-21 16:57:20,814 INFO  [LocalJobRunner Map Task Executor #0] mapred.MapTask (MapTask.java:createSortingCollector(402)) - Map output collector class = org.apache.hadoop.mapred.MapTask$MapOutputBuffer
2020-03-21 16:57:20,826 INFO  [LocalJobRunner Map Task Executor #0] mapred.LocalJobRunner (LocalJobRunner.java:statusUpdate(591)) - 
2020-03-21 16:57:20,827 INFO  [LocalJobRunner Map Task Executor #0] mapred.MapTask (MapTask.java:flush(1457)) - Starting flush of map output
2020-03-21 16:57:20,827 INFO  [LocalJobRunner Map Task Executor #0] mapred.MapTask (MapTask.java:flush(1475)) - Spilling map output
2020-03-21 16:57:20,827 INFO  [LocalJobRunner Map Task Executor #0] mapred.MapTask (MapTask.java:flush(1476)) - bufstart = 0; bufend = 1040; bufvoid = 104857600
2020-03-21 16:57:20,827 INFO  [LocalJobRunner Map Task Executor #0] mapred.MapTask (MapTask.java:flush(1478)) - kvstart = 26214396(104857584); kvend = 26214288(104857152); length = 109/6553600
2020-03-21 16:57:20,828 INFO  [LocalJobRunner Map Task Executor #0] mapred.MapTask (MapTask.java:sortAndSpill(1660)) - Finished spill 0
2020-03-21 16:57:20,831 INFO  [LocalJobRunner Map Task Executor #0] mapred.Task (Task.java:done(1001)) - Task:attempt_local256499540_0002_m_000000_0 is done. And is in the process of committing
2020-03-21 16:57:20,833 INFO  [LocalJobRunner Map Task Executor #0] mapred.LocalJobRunner (LocalJobRunner.java:statusUpdate(591)) - map
2020-03-21 16:57:20,833 INFO  [LocalJobRunner Map Task Executor #0] mapred.Task (Task.java:sendDone(1121)) - Task 'attempt_local256499540_0002_m_000000_0' done.
2020-03-21 16:57:20,833 INFO  [LocalJobRunner Map Task Executor #0] mapred.LocalJobRunner (LocalJobRunner.java:run(249)) - Finishing task: attempt_local256499540_0002_m_000000_0
2020-03-21 16:57:20,833 INFO  [Thread-14] mapred.LocalJobRunner (LocalJobRunner.java:runTasks(456)) - map task executor complete.
2020-03-21 16:57:20,849 INFO  [Thread-14] mapred.LocalJobRunner (LocalJobRunner.java:runTasks(448)) - Waiting for reduce tasks
2020-03-21 16:57:20,850 INFO  [pool-8-thread-1] mapred.LocalJobRunner (LocalJobRunner.java:run(302)) - Starting task: attempt_local256499540_0002_r_000000_0
2020-03-21 16:57:20,852 INFO  [pool-8-thread-1] mapred.Task (Task.java:initialize(587)) -  Using ResourceCalculatorProcessTree : [ ]
2020-03-21 16:57:20,852 INFO  [pool-8-thread-1] mapred.ReduceTask (ReduceTask.java:run(362)) - Using ShuffleConsumerPlugin: org.apache.hadoop.mapreduce.task.reduce.Shuffle@6c3447ef
2020-03-21 16:57:20,867 INFO  [pool-8-thread-1] reduce.MergeManagerImpl (MergeManagerImpl.java:<init>(196)) - MergerManager: memoryLimit=709551680, maxSingleShuffleLimit=177387920, mergeThreshold=468304128, ioSortFactor=10, memToMemMergeOutputsThreshold=10
2020-03-21 16:57:20,882 INFO  [EventFetcher for fetching Map Completion Events] reduce.EventFetcher (EventFetcher.java:run(61)) - attempt_local256499540_0002_r_000000_0 Thread started: EventFetcher for fetching Map Completion Events
2020-03-21 16:57:20,889 INFO  [localfetcher#2] reduce.LocalFetcher (LocalFetcher.java:copyMapOutput(141)) - localfetcher#2 about to shuffle output of map attempt_local256499540_0002_m_000000_0 decomp: 1098 len: 1102 to MEMORY
2020-03-21 16:57:20,902 INFO  [localfetcher#2] reduce.InMemoryMapOutput (InMemoryMapOutput.java:shuffle(100)) - Read 1098 bytes from map-output for attempt_local256499540_0002_m_000000_0
2020-03-21 16:57:20,902 INFO  [localfetcher#2] reduce.MergeManagerImpl (MergeManagerImpl.java:closeInMemoryFile(314)) - closeInMemoryFile -> map-output of size: 1098, inMemoryMapOutputs.size() -> 1, commitMemory -> 0, usedMemory ->1098
2020-03-21 16:57:20,903 INFO  [EventFetcher for fetching Map Completion Events] reduce.EventFetcher (EventFetcher.java:run(76)) - EventFetcher is interrupted.. Returning
2020-03-21 16:57:20,903 INFO  [pool-8-thread-1] mapred.LocalJobRunner (LocalJobRunner.java:statusUpdate(591)) - 1 / 1 copied.
2020-03-21 16:57:20,903 INFO  [pool-8-thread-1] reduce.MergeManagerImpl (MergeManagerImpl.java:finalMerge(674)) - finalMerge called with 1 in-memory map-outputs and 0 on-disk map-outputs
2020-03-21 16:57:20,904 INFO  [pool-8-thread-1] mapred.Merger (Merger.java:merge(597)) - Merging 1 sorted segments
2020-03-21 16:57:20,904 INFO  [pool-8-thread-1] mapred.Merger (Merger.java:merge(696)) - Down to the last merge-pass, with 1 segments left of total size: 1088 bytes
2020-03-21 16:57:20,905 INFO  [pool-8-thread-1] reduce.MergeManagerImpl (MergeManagerImpl.java:finalMerge(751)) - Merged 1 segments, 1098 bytes to disk to satisfy reduce memory limit
2020-03-21 16:57:20,905 INFO  [pool-8-thread-1] reduce.MergeManagerImpl (MergeManagerImpl.java:finalMerge(781)) - Merging 1 files, 1102 bytes from disk
2020-03-21 16:57:20,905 INFO  [pool-8-thread-1] reduce.MergeManagerImpl (MergeManagerImpl.java:finalMerge(796)) - Merging 0 segments, 0 bytes from memory into reduce
2020-03-21 16:57:20,905 INFO  [pool-8-thread-1] mapred.Merger (Merger.java:merge(597)) - Merging 1 sorted segments
2020-03-21 16:57:20,907 WARN  [Readahead Thread #2] io.ReadaheadPool (ReadaheadPool.java:run(214)) - Failed readahead on ifile
EBADF: Bad file descriptor
	at org.apache.hadoop.io.nativeio.NativeIO$POSIX.posix_fadvise(Native Method)
	at org.apache.hadoop.io.nativeio.NativeIO$POSIX.posixFadviseIfPossible(NativeIO.java:267)
	at org.apache.hadoop.io.nativeio.NativeIO$POSIX$CacheManipulator.posixFadviseIfPossible(NativeIO.java:146)
	at org.apache.hadoop.io.ReadaheadPool$ReadaheadRequestImpl.run(ReadaheadPool.java:206)
	at java.util.concurrent.ThreadPoolExecutor.runWorker(ThreadPoolExecutor.java:1149)
	at java.util.concurrent.ThreadPoolExecutor$Worker.run(ThreadPoolExecutor.java:624)
	at java.lang.Thread.run(Thread.java:748)
2020-03-21 16:57:20,908 INFO  [pool-8-thread-1] mapred.Merger (Merger.java:merge(696)) - Down to the last merge-pass, with 1 segments left of total size: 1088 bytes
2020-03-21 16:57:20,917 INFO  [pool-8-thread-1] mapred.LocalJobRunner (LocalJobRunner.java:statusUpdate(591)) - 1 / 1 copied.
2020-03-21 16:57:20,926 INFO  [pool-8-thread-1] mapred.Task (Task.java:done(1001)) - Task:attempt_local256499540_0002_r_000000_0 is done. And is in the process of committing
2020-03-21 16:57:20,927 INFO  [pool-8-thread-1] mapred.LocalJobRunner (LocalJobRunner.java:statusUpdate(591)) - 1 / 1 copied.
2020-03-21 16:57:20,927 INFO  [pool-8-thread-1] mapred.Task (Task.java:commit(1162)) - Task attempt_local256499540_0002_r_000000_0 is allowed to commit now
2020-03-21 16:57:20,929 INFO  [pool-8-thread-1] output.FileOutputCommitter (FileOutputCommitter.java:commitTask(439)) - Saved output of task 'attempt_local256499540_0002_r_000000_0' to file:/home/adp7372/project3/intermediate/f1/_temporary/0/task_local256499540_0002_r_000000
2020-03-21 16:57:20,929 INFO  [pool-8-thread-1] mapred.LocalJobRunner (LocalJobRunner.java:statusUpdate(591)) - reduce > reduce
2020-03-21 16:57:20,929 INFO  [pool-8-thread-1] mapred.Task (Task.java:sendDone(1121)) - Task 'attempt_local256499540_0002_r_000000_0' done.
2020-03-21 16:57:20,930 INFO  [pool-8-thread-1] mapred.LocalJobRunner (LocalJobRunner.java:run(325)) - Finishing task: attempt_local256499540_0002_r_000000_0
2020-03-21 16:57:20,930 INFO  [Thread-14] mapred.LocalJobRunner (LocalJobRunner.java:runTasks(456)) - reduce task executor complete.
2020-03-21 16:57:21,704 INFO  [main] mapreduce.Job (Job.java:monitorAndPrintJob(1366)) - Job job_local256499540_0002 running in uber mode : false
2020-03-21 16:57:21,704 INFO  [main] mapreduce.Job (Job.java:monitorAndPrintJob(1373)) -  map 100% reduce 100%
2020-03-21 16:57:21,704 INFO  [main] mapreduce.Job (Job.java:monitorAndPrintJob(1384)) - Job job_local256499540_0002 completed successfully
2020-03-21 16:57:21,707 INFO  [main] mapreduce.Job (Job.java:monitorAndPrintJob(1391)) - Counters: 33
	File System Counters
		FILE: Number of bytes read=34868
		FILE: Number of bytes written=1048945
		FILE: Number of read operations=0
		FILE: Number of large read operations=0
		FILE: Number of write operations=0
	Map-Reduce Framework
		Map input records=10
		Map output records=28
		Map output bytes=1040
		Map output materialized bytes=1102
		Input split bytes=121
		Combine input records=0
		Combine output records=0
		Reduce input groups=10
		Reduce shuffle bytes=1102
		Reduce input records=28
		Reduce output records=10
		Spilled Records=56
		Shuffled Maps =1
		Failed Shuffles=0
		Merged Map outputs=1
		GC time elapsed (ms)=32
		CPU time spent (ms)=0
		Physical memory (bytes) snapshot=0
		Virtual memory (bytes) snapshot=0
		Total committed heap usage (bytes)=466624512
	Shuffle Errors
		BAD_ID=0
		CONNECTION=0
		IO_ERROR=0
		WRONG_LENGTH=0
		WRONG_MAP=0
		WRONG_REDUCE=0
	File Input Format Counters 
		Bytes Read=627
	File Output Format Counters 
		Bytes Written=627
2020-03-21 16:57:21,728 INFO  [main] jvm.JvmMetrics (JvmMetrics.java:init(71)) - Cannot initialize JVM Metrics with processName=JobTracker, sessionId= - already initialized
2020-03-21 16:57:21,755 WARN  [main] mapreduce.JobSubmitter (JobSubmitter.java:copyAndConfigureFiles(153)) - Hadoop command-line option parsing not performed. Implement the Tool interface and execute your application with ToolRunner to remedy this.
2020-03-21 16:57:21,826 INFO  [main] input.FileInputFormat (FileInputFormat.java:listStatus(281)) - Total input paths to process : 1
2020-03-21 16:57:21,828 INFO  [main] mapreduce.JobSubmitter (JobSubmitter.java:submitJobInternal(494)) - number of splits:1
2020-03-21 16:57:21,836 INFO  [main] mapreduce.JobSubmitter (JobSubmitter.java:printTokens(583)) - Submitting tokens for job: job_local1074756135_0003
2020-03-21 16:57:21,961 INFO  [main] mapreduce.Job (Job.java:submit(1300)) - The url to track the job: http://localhost:8080/
2020-03-21 16:57:21,962 INFO  [main] mapreduce.Job (Job.java:monitorAndPrintJob(1345)) - Running job: job_local1074756135_0003
2020-03-21 16:57:21,962 INFO  [Thread-23] mapred.LocalJobRunner (LocalJobRunner.java:createOutputCommitter(471)) - OutputCommitter set in config null
2020-03-21 16:57:21,963 INFO  [Thread-23] mapred.LocalJobRunner (LocalJobRunner.java:createOutputCommitter(489)) - OutputCommitter is org.apache.hadoop.mapreduce.lib.output.FileOutputCommitter
2020-03-21 16:57:21,989 INFO  [Thread-23] mapred.LocalJobRunner (LocalJobRunner.java:runTasks(448)) - Waiting for map tasks
2020-03-21 16:57:21,989 INFO  [LocalJobRunner Map Task Executor #0] mapred.LocalJobRunner (LocalJobRunner.java:run(224)) - Starting task: attempt_local1074756135_0003_m_000000_0
2020-03-21 16:57:22,003 INFO  [LocalJobRunner Map Task Executor #0] mapred.Task (Task.java:initialize(587)) -  Using ResourceCalculatorProcessTree : [ ]
2020-03-21 16:57:22,004 INFO  [LocalJobRunner Map Task Executor #0] mapred.MapTask (MapTask.java:runNewMapper(753)) - Processing split: file:/home/adp7372/project3/intermediate/f1/part-r-00000:0+611
2020-03-21 16:57:22,059 INFO  [LocalJobRunner Map Task Executor #0] mapred.MapTask (MapTask.java:setEquator(1202)) - (EQUATOR) 0 kvi 26214396(104857584)
2020-03-21 16:57:22,059 INFO  [LocalJobRunner Map Task Executor #0] mapred.MapTask (MapTask.java:init(995)) - mapreduce.task.io.sort.mb: 100
2020-03-21 16:57:22,059 INFO  [LocalJobRunner Map Task Executor #0] mapred.MapTask (MapTask.java:init(996)) - soft limit at 83886080
2020-03-21 16:57:22,060 INFO  [LocalJobRunner Map Task Executor #0] mapred.MapTask (MapTask.java:init(997)) - bufstart = 0; bufvoid = 104857600
2020-03-21 16:57:22,060 INFO  [LocalJobRunner Map Task Executor #0] mapred.MapTask (MapTask.java:init(998)) - kvstart = 26214396; length = 6553600
2020-03-21 16:57:22,073 INFO  [LocalJobRunner Map Task Executor #0] mapred.MapTask (MapTask.java:createSortingCollector(402)) - Map output collector class = org.apache.hadoop.mapred.MapTask$MapOutputBuffer
2020-03-21 16:57:22,077 INFO  [LocalJobRunner Map Task Executor #0] mapred.LocalJobRunner (LocalJobRunner.java:statusUpdate(591)) - 
2020-03-21 16:57:22,077 INFO  [LocalJobRunner Map Task Executor #0] mapred.MapTask (MapTask.java:flush(1457)) - Starting flush of map output
2020-03-21 16:57:22,077 INFO  [LocalJobRunner Map Task Executor #0] mapred.MapTask (MapTask.java:flush(1475)) - Spilling map output
2020-03-21 16:57:22,077 INFO  [LocalJobRunner Map Task Executor #0] mapred.MapTask (MapTask.java:flush(1476)) - bufstart = 0; bufend = 1040; bufvoid = 104857600
2020-03-21 16:57:22,077 INFO  [LocalJobRunner Map Task Executor #0] mapred.MapTask (MapTask.java:flush(1478)) - kvstart = 26214396(104857584); kvend = 26214288(104857152); length = 109/6553600
2020-03-21 16:57:22,078 INFO  [LocalJobRunner Map Task Executor #0] mapred.MapTask (MapTask.java:sortAndSpill(1660)) - Finished spill 0
2020-03-21 16:57:22,080 INFO  [LocalJobRunner Map Task Executor #0] mapred.Task (Task.java:done(1001)) - Task:attempt_local1074756135_0003_m_000000_0 is done. And is in the process of committing
2020-03-21 16:57:22,082 INFO  [LocalJobRunner Map Task Executor #0] mapred.LocalJobRunner (LocalJobRunner.java:statusUpdate(591)) - map
2020-03-21 16:57:22,082 INFO  [LocalJobRunner Map Task Executor #0] mapred.Task (Task.java:sendDone(1121)) - Task 'attempt_local1074756135_0003_m_000000_0' done.
2020-03-21 16:57:22,082 INFO  [LocalJobRunner Map Task Executor #0] mapred.LocalJobRunner (LocalJobRunner.java:run(249)) - Finishing task: attempt_local1074756135_0003_m_000000_0
2020-03-21 16:57:22,083 INFO  [Thread-23] mapred.LocalJobRunner (LocalJobRunner.java:runTasks(456)) - map task executor complete.
2020-03-21 16:57:22,089 INFO  [Thread-23] mapred.LocalJobRunner (LocalJobRunner.java:runTasks(448)) - Waiting for reduce tasks
2020-03-21 16:57:22,089 INFO  [pool-11-thread-1] mapred.LocalJobRunner (LocalJobRunner.java:run(302)) - Starting task: attempt_local1074756135_0003_r_000000_0
2020-03-21 16:57:22,104 INFO  [pool-11-thread-1] mapred.Task (Task.java:initialize(587)) -  Using ResourceCalculatorProcessTree : [ ]
2020-03-21 16:57:22,104 INFO  [pool-11-thread-1] mapred.ReduceTask (ReduceTask.java:run(362)) - Using ShuffleConsumerPlugin: org.apache.hadoop.mapreduce.task.reduce.Shuffle@54290f01
2020-03-21 16:57:22,121 INFO  [pool-11-thread-1] reduce.MergeManagerImpl (MergeManagerImpl.java:<init>(196)) - MergerManager: memoryLimit=709551680, maxSingleShuffleLimit=177387920, mergeThreshold=468304128, ioSortFactor=10, memToMemMergeOutputsThreshold=10
2020-03-21 16:57:22,140 INFO  [EventFetcher for fetching Map Completion Events] reduce.EventFetcher (EventFetcher.java:run(61)) - attempt_local1074756135_0003_r_000000_0 Thread started: EventFetcher for fetching Map Completion Events
2020-03-21 16:57:22,141 INFO  [localfetcher#3] reduce.LocalFetcher (LocalFetcher.java:copyMapOutput(141)) - localfetcher#3 about to shuffle output of map attempt_local1074756135_0003_m_000000_0 decomp: 1098 len: 1102 to MEMORY
2020-03-21 16:57:22,141 INFO  [localfetcher#3] reduce.InMemoryMapOutput (InMemoryMapOutput.java:shuffle(100)) - Read 1098 bytes from map-output for attempt_local1074756135_0003_m_000000_0
2020-03-21 16:57:22,141 INFO  [localfetcher#3] reduce.MergeManagerImpl (MergeManagerImpl.java:closeInMemoryFile(314)) - closeInMemoryFile -> map-output of size: 1098, inMemoryMapOutputs.size() -> 1, commitMemory -> 0, usedMemory ->1098
2020-03-21 16:57:22,150 INFO  [EventFetcher for fetching Map Completion Events] reduce.EventFetcher (EventFetcher.java:run(76)) - EventFetcher is interrupted.. Returning
2020-03-21 16:57:22,151 INFO  [pool-11-thread-1] mapred.LocalJobRunner (LocalJobRunner.java:statusUpdate(591)) - 1 / 1 copied.
2020-03-21 16:57:22,152 INFO  [pool-11-thread-1] reduce.MergeManagerImpl (MergeManagerImpl.java:finalMerge(674)) - finalMerge called with 1 in-memory map-outputs and 0 on-disk map-outputs
2020-03-21 16:57:22,152 INFO  [pool-11-thread-1] mapred.Merger (Merger.java:merge(597)) - Merging 1 sorted segments
2020-03-21 16:57:22,152 INFO  [pool-11-thread-1] mapred.Merger (Merger.java:merge(696)) - Down to the last merge-pass, with 1 segments left of total size: 1088 bytes
2020-03-21 16:57:22,153 INFO  [pool-11-thread-1] reduce.MergeManagerImpl (MergeManagerImpl.java:finalMerge(751)) - Merged 1 segments, 1098 bytes to disk to satisfy reduce memory limit
2020-03-21 16:57:22,153 INFO  [pool-11-thread-1] reduce.MergeManagerImpl (MergeManagerImpl.java:finalMerge(781)) - Merging 1 files, 1102 bytes from disk
2020-03-21 16:57:22,153 INFO  [pool-11-thread-1] reduce.MergeManagerImpl (MergeManagerImpl.java:finalMerge(796)) - Merging 0 segments, 0 bytes from memory into reduce
2020-03-21 16:57:22,153 INFO  [pool-11-thread-1] mapred.Merger (Merger.java:merge(597)) - Merging 1 sorted segments
2020-03-21 16:57:22,154 INFO  [pool-11-thread-1] mapred.Merger (Merger.java:merge(696)) - Down to the last merge-pass, with 1 segments left of total size: 1088 bytes
2020-03-21 16:57:22,154 INFO  [pool-11-thread-1] mapred.LocalJobRunner (LocalJobRunner.java:statusUpdate(591)) - 1 / 1 copied.
2020-03-21 16:57:22,162 INFO  [pool-11-thread-1] mapred.Task (Task.java:done(1001)) - Task:attempt_local1074756135_0003_r_000000_0 is done. And is in the process of committing
2020-03-21 16:57:22,162 INFO  [pool-11-thread-1] mapred.LocalJobRunner (LocalJobRunner.java:statusUpdate(591)) - 1 / 1 copied.
2020-03-21 16:57:22,163 INFO  [pool-11-thread-1] mapred.Task (Task.java:commit(1162)) - Task attempt_local1074756135_0003_r_000000_0 is allowed to commit now
2020-03-21 16:57:22,165 INFO  [pool-11-thread-1] output.FileOutputCommitter (FileOutputCommitter.java:commitTask(439)) - Saved output of task 'attempt_local1074756135_0003_r_000000_0' to file:/home/adp7372/project3/intermediate/f2/_temporary/0/task_local1074756135_0003_r_000000
2020-03-21 16:57:22,166 INFO  [pool-11-thread-1] mapred.LocalJobRunner (LocalJobRunner.java:statusUpdate(591)) - reduce > reduce
2020-03-21 16:57:22,166 INFO  [pool-11-thread-1] mapred.Task (Task.java:sendDone(1121)) - Task 'attempt_local1074756135_0003_r_000000_0' done.
2020-03-21 16:57:22,166 INFO  [pool-11-thread-1] mapred.LocalJobRunner (LocalJobRunner.java:run(325)) - Finishing task: attempt_local1074756135_0003_r_000000_0
2020-03-21 16:57:22,166 INFO  [Thread-23] mapred.LocalJobRunner (LocalJobRunner.java:runTasks(456)) - reduce task executor complete.
2020-03-21 16:57:22,962 INFO  [main] mapreduce.Job (Job.java:monitorAndPrintJob(1366)) - Job job_local1074756135_0003 running in uber mode : false
2020-03-21 16:57:22,962 INFO  [main] mapreduce.Job (Job.java:monitorAndPrintJob(1373)) -  map 100% reduce 100%
2020-03-21 16:57:22,963 INFO  [main] mapreduce.Job (Job.java:monitorAndPrintJob(1384)) - Job job_local1074756135_0003 completed successfully
2020-03-21 16:57:22,967 INFO  [main] mapreduce.Job (Job.java:monitorAndPrintJob(1391)) - Counters: 33
	File System Counters
		FILE: Number of bytes read=55230
		FILE: Number of bytes written=1578635
		FILE: Number of read operations=0
		FILE: Number of large read operations=0
		FILE: Number of write operations=0
	Map-Reduce Framework
		Map input records=10
		Map output records=28
		Map output bytes=1040
		Map output materialized bytes=1102
		Input split bytes=121
		Combine input records=0
		Combine output records=0
		Reduce input groups=10
		Reduce shuffle bytes=1102
		Reduce input records=28
		Reduce output records=10
		Spilled Records=56
		Shuffled Maps =1
		Failed Shuffles=0
		Merged Map outputs=1
		GC time elapsed (ms)=33
		CPU time spent (ms)=0
		Physical memory (bytes) snapshot=0
		Virtual memory (bytes) snapshot=0
		Total committed heap usage (bytes)=436215808
	Shuffle Errors
		BAD_ID=0
		CONNECTION=0
		IO_ERROR=0
		WRONG_LENGTH=0
		WRONG_MAP=0
		WRONG_REDUCE=0
	File Input Format Counters 
		Bytes Read=627
	File Output Format Counters 
		Bytes Written=627
2020-03-21 16:57:22,992 INFO  [main] jvm.JvmMetrics (JvmMetrics.java:init(71)) - Cannot initialize JVM Metrics with processName=JobTracker, sessionId= - already initialized
2020-03-21 16:57:23,000 WARN  [main] mapreduce.JobSubmitter (JobSubmitter.java:copyAndConfigureFiles(153)) - Hadoop command-line option parsing not performed. Implement the Tool interface and execute your application with ToolRunner to remedy this.
2020-03-21 16:57:23,078 INFO  [main] input.FileInputFormat (FileInputFormat.java:listStatus(281)) - Total input paths to process : 1
2020-03-21 16:57:23,079 INFO  [main] mapreduce.JobSubmitter (JobSubmitter.java:submitJobInternal(494)) - number of splits:1
2020-03-21 16:57:23,086 INFO  [main] mapreduce.JobSubmitter (JobSubmitter.java:printTokens(583)) - Submitting tokens for job: job_local1945469401_0004
2020-03-21 16:57:23,203 INFO  [main] mapreduce.Job (Job.java:submit(1300)) - The url to track the job: http://localhost:8080/
2020-03-21 16:57:23,203 INFO  [main] mapreduce.Job (Job.java:monitorAndPrintJob(1345)) - Running job: job_local1945469401_0004
2020-03-21 16:57:23,204 INFO  [Thread-32] mapred.LocalJobRunner (LocalJobRunner.java:createOutputCommitter(471)) - OutputCommitter set in config null
2020-03-21 16:57:23,204 INFO  [Thread-32] mapred.LocalJobRunner (LocalJobRunner.java:createOutputCommitter(489)) - OutputCommitter is org.apache.hadoop.mapreduce.lib.output.FileOutputCommitter
2020-03-21 16:57:23,220 INFO  [Thread-32] mapred.LocalJobRunner (LocalJobRunner.java:runTasks(448)) - Waiting for map tasks
2020-03-21 16:57:23,221 INFO  [LocalJobRunner Map Task Executor #0] mapred.LocalJobRunner (LocalJobRunner.java:run(224)) - Starting task: attempt_local1945469401_0004_m_000000_0
2020-03-21 16:57:23,224 INFO  [LocalJobRunner Map Task Executor #0] mapred.Task (Task.java:initialize(587)) -  Using ResourceCalculatorProcessTree : [ ]
2020-03-21 16:57:23,224 INFO  [LocalJobRunner Map Task Executor #0] mapred.MapTask (MapTask.java:runNewMapper(753)) - Processing split: file:/home/adp7372/project3/intermediate/f2/part-r-00000:0+611
2020-03-21 16:57:23,277 INFO  [LocalJobRunner Map Task Executor #0] mapred.MapTask (MapTask.java:setEquator(1202)) - (EQUATOR) 0 kvi 26214396(104857584)
2020-03-21 16:57:23,277 INFO  [LocalJobRunner Map Task Executor #0] mapred.MapTask (MapTask.java:init(995)) - mapreduce.task.io.sort.mb: 100
2020-03-21 16:57:23,280 INFO  [LocalJobRunner Map Task Executor #0] mapred.MapTask (MapTask.java:init(996)) - soft limit at 83886080
2020-03-21 16:57:23,280 INFO  [LocalJobRunner Map Task Executor #0] mapred.MapTask (MapTask.java:init(997)) - bufstart = 0; bufvoid = 104857600
2020-03-21 16:57:23,280 INFO  [LocalJobRunner Map Task Executor #0] mapred.MapTask (MapTask.java:init(998)) - kvstart = 26214396; length = 6553600
2020-03-21 16:57:23,281 INFO  [LocalJobRunner Map Task Executor #0] mapred.MapTask (MapTask.java:createSortingCollector(402)) - Map output collector class = org.apache.hadoop.mapred.MapTask$MapOutputBuffer
2020-03-21 16:57:23,286 INFO  [LocalJobRunner Map Task Executor #0] mapred.LocalJobRunner (LocalJobRunner.java:statusUpdate(591)) - 
2020-03-21 16:57:23,288 INFO  [LocalJobRunner Map Task Executor #0] mapred.MapTask (MapTask.java:flush(1457)) - Starting flush of map output
2020-03-21 16:57:23,288 INFO  [LocalJobRunner Map Task Executor #0] mapred.MapTask (MapTask.java:flush(1475)) - Spilling map output
2020-03-21 16:57:23,288 INFO  [LocalJobRunner Map Task Executor #0] mapred.MapTask (MapTask.java:flush(1476)) - bufstart = 0; bufend = 1040; bufvoid = 104857600
2020-03-21 16:57:23,288 INFO  [LocalJobRunner Map Task Executor #0] mapred.MapTask (MapTask.java:flush(1478)) - kvstart = 26214396(104857584); kvend = 26214288(104857152); length = 109/6553600
2020-03-21 16:57:23,289 INFO  [LocalJobRunner Map Task Executor #0] mapred.MapTask (MapTask.java:sortAndSpill(1660)) - Finished spill 0
2020-03-21 16:57:23,292 INFO  [LocalJobRunner Map Task Executor #0] mapred.Task (Task.java:done(1001)) - Task:attempt_local1945469401_0004_m_000000_0 is done. And is in the process of committing
2020-03-21 16:57:23,295 INFO  [LocalJobRunner Map Task Executor #0] mapred.LocalJobRunner (LocalJobRunner.java:statusUpdate(591)) - map
2020-03-21 16:57:23,295 INFO  [LocalJobRunner Map Task Executor #0] mapred.Task (Task.java:sendDone(1121)) - Task 'attempt_local1945469401_0004_m_000000_0' done.
2020-03-21 16:57:23,295 INFO  [LocalJobRunner Map Task Executor #0] mapred.LocalJobRunner (LocalJobRunner.java:run(249)) - Finishing task: attempt_local1945469401_0004_m_000000_0
2020-03-21 16:57:23,295 INFO  [Thread-32] mapred.LocalJobRunner (LocalJobRunner.java:runTasks(456)) - map task executor complete.
2020-03-21 16:57:23,296 INFO  [Thread-32] mapred.LocalJobRunner (LocalJobRunner.java:runTasks(448)) - Waiting for reduce tasks
2020-03-21 16:57:23,296 INFO  [pool-14-thread-1] mapred.LocalJobRunner (LocalJobRunner.java:run(302)) - Starting task: attempt_local1945469401_0004_r_000000_0
2020-03-21 16:57:23,297 INFO  [pool-14-thread-1] mapred.Task (Task.java:initialize(587)) -  Using ResourceCalculatorProcessTree : [ ]
2020-03-21 16:57:23,297 INFO  [pool-14-thread-1] mapred.ReduceTask (ReduceTask.java:run(362)) - Using ShuffleConsumerPlugin: org.apache.hadoop.mapreduce.task.reduce.Shuffle@1aae92b9
2020-03-21 16:57:23,306 INFO  [pool-14-thread-1] reduce.MergeManagerImpl (MergeManagerImpl.java:<init>(196)) - MergerManager: memoryLimit=709551680, maxSingleShuffleLimit=177387920, mergeThreshold=468304128, ioSortFactor=10, memToMemMergeOutputsThreshold=10
2020-03-21 16:57:23,308 INFO  [EventFetcher for fetching Map Completion Events] reduce.EventFetcher (EventFetcher.java:run(61)) - attempt_local1945469401_0004_r_000000_0 Thread started: EventFetcher for fetching Map Completion Events
2020-03-21 16:57:23,309 INFO  [localfetcher#4] reduce.LocalFetcher (LocalFetcher.java:copyMapOutput(141)) - localfetcher#4 about to shuffle output of map attempt_local1945469401_0004_m_000000_0 decomp: 1098 len: 1102 to MEMORY
2020-03-21 16:57:23,309 INFO  [localfetcher#4] reduce.InMemoryMapOutput (InMemoryMapOutput.java:shuffle(100)) - Read 1098 bytes from map-output for attempt_local1945469401_0004_m_000000_0
2020-03-21 16:57:23,309 INFO  [localfetcher#4] reduce.MergeManagerImpl (MergeManagerImpl.java:closeInMemoryFile(314)) - closeInMemoryFile -> map-output of size: 1098, inMemoryMapOutputs.size() -> 1, commitMemory -> 0, usedMemory ->1098
2020-03-21 16:57:23,310 INFO  [EventFetcher for fetching Map Completion Events] reduce.EventFetcher (EventFetcher.java:run(76)) - EventFetcher is interrupted.. Returning
2020-03-21 16:57:23,310 INFO  [pool-14-thread-1] mapred.LocalJobRunner (LocalJobRunner.java:statusUpdate(591)) - 1 / 1 copied.
2020-03-21 16:57:23,310 INFO  [pool-14-thread-1] reduce.MergeManagerImpl (MergeManagerImpl.java:finalMerge(674)) - finalMerge called with 1 in-memory map-outputs and 0 on-disk map-outputs
2020-03-21 16:57:23,311 INFO  [pool-14-thread-1] mapred.Merger (Merger.java:merge(597)) - Merging 1 sorted segments
2020-03-21 16:57:23,311 INFO  [pool-14-thread-1] mapred.Merger (Merger.java:merge(696)) - Down to the last merge-pass, with 1 segments left of total size: 1088 bytes
2020-03-21 16:57:23,312 INFO  [pool-14-thread-1] reduce.MergeManagerImpl (MergeManagerImpl.java:finalMerge(751)) - Merged 1 segments, 1098 bytes to disk to satisfy reduce memory limit
2020-03-21 16:57:23,313 INFO  [pool-14-thread-1] reduce.MergeManagerImpl (MergeManagerImpl.java:finalMerge(781)) - Merging 1 files, 1102 bytes from disk
2020-03-21 16:57:23,313 INFO  [pool-14-thread-1] reduce.MergeManagerImpl (MergeManagerImpl.java:finalMerge(796)) - Merging 0 segments, 0 bytes from memory into reduce
2020-03-21 16:57:23,313 INFO  [pool-14-thread-1] mapred.Merger (Merger.java:merge(597)) - Merging 1 sorted segments
2020-03-21 16:57:23,313 INFO  [pool-14-thread-1] mapred.Merger (Merger.java:merge(696)) - Down to the last merge-pass, with 1 segments left of total size: 1088 bytes
2020-03-21 16:57:23,313 INFO  [pool-14-thread-1] mapred.LocalJobRunner (LocalJobRunner.java:statusUpdate(591)) - 1 / 1 copied.
2020-03-21 16:57:23,326 INFO  [pool-14-thread-1] mapred.Task (Task.java:done(1001)) - Task:attempt_local1945469401_0004_r_000000_0 is done. And is in the process of committing
2020-03-21 16:57:23,327 INFO  [pool-14-thread-1] mapred.LocalJobRunner (LocalJobRunner.java:statusUpdate(591)) - 1 / 1 copied.
2020-03-21 16:57:23,327 INFO  [pool-14-thread-1] mapred.Task (Task.java:commit(1162)) - Task attempt_local1945469401_0004_r_000000_0 is allowed to commit now
2020-03-21 16:57:23,333 INFO  [pool-14-thread-1] output.FileOutputCommitter (FileOutputCommitter.java:commitTask(439)) - Saved output of task 'attempt_local1945469401_0004_r_000000_0' to file:/home/adp7372/project3/intermediate/f3/_temporary/0/task_local1945469401_0004_r_000000
2020-03-21 16:57:23,333 INFO  [pool-14-thread-1] mapred.LocalJobRunner (LocalJobRunner.java:statusUpdate(591)) - reduce > reduce
2020-03-21 16:57:23,333 INFO  [pool-14-thread-1] mapred.Task (Task.java:sendDone(1121)) - Task 'attempt_local1945469401_0004_r_000000_0' done.
2020-03-21 16:57:23,334 INFO  [pool-14-thread-1] mapred.LocalJobRunner (LocalJobRunner.java:run(325)) - Finishing task: attempt_local1945469401_0004_r_000000_0
2020-03-21 16:57:23,334 INFO  [Thread-32] mapred.LocalJobRunner (LocalJobRunner.java:runTasks(456)) - reduce task executor complete.
2020-03-21 16:57:24,204 INFO  [main] mapreduce.Job (Job.java:monitorAndPrintJob(1366)) - Job job_local1945469401_0004 running in uber mode : false
2020-03-21 16:57:24,204 INFO  [main] mapreduce.Job (Job.java:monitorAndPrintJob(1373)) -  map 100% reduce 100%
2020-03-21 16:57:24,204 INFO  [main] mapreduce.Job (Job.java:monitorAndPrintJob(1384)) - Job job_local1945469401_0004 completed successfully
2020-03-21 16:57:24,208 INFO  [main] mapreduce.Job (Job.java:monitorAndPrintJob(1391)) - Counters: 33
	File System Counters
		FILE: Number of bytes read=75592
		FILE: Number of bytes written=2108325
		FILE: Number of read operations=0
		FILE: Number of large read operations=0
		FILE: Number of write operations=0
	Map-Reduce Framework
		Map input records=10
		Map output records=28
		Map output bytes=1040
		Map output materialized bytes=1102
		Input split bytes=121
		Combine input records=0
		Combine output records=0
		Reduce input groups=10
		Reduce shuffle bytes=1102
		Reduce input records=28
		Reduce output records=10
		Spilled Records=56
		Shuffled Maps =1
		Failed Shuffles=0
		Merged Map outputs=1
		GC time elapsed (ms)=23
		CPU time spent (ms)=0
		Physical memory (bytes) snapshot=0
		Virtual memory (bytes) snapshot=0
		Total committed heap usage (bytes)=326639616
	Shuffle Errors
		BAD_ID=0
		CONNECTION=0
		IO_ERROR=0
		WRONG_LENGTH=0
		WRONG_MAP=0
		WRONG_REDUCE=0
	File Input Format Counters 
		Bytes Read=627
	File Output Format Counters 
		Bytes Written=627
2020-03-21 16:57:24,219 INFO  [main] jvm.JvmMetrics (JvmMetrics.java:init(71)) - Cannot initialize JVM Metrics with processName=JobTracker, sessionId= - already initialized
2020-03-21 16:57:24,244 WARN  [main] mapreduce.JobSubmitter (JobSubmitter.java:copyAndConfigureFiles(153)) - Hadoop command-line option parsing not performed. Implement the Tool interface and execute your application with ToolRunner to remedy this.
2020-03-21 16:57:24,286 INFO  [main] input.FileInputFormat (FileInputFormat.java:listStatus(281)) - Total input paths to process : 1
2020-03-21 16:57:24,287 INFO  [main] mapreduce.JobSubmitter (JobSubmitter.java:submitJobInternal(494)) - number of splits:1
2020-03-21 16:57:24,292 INFO  [main] mapreduce.JobSubmitter (JobSubmitter.java:printTokens(583)) - Submitting tokens for job: job_local87113634_0005
2020-03-21 16:57:24,417 INFO  [main] mapreduce.Job (Job.java:submit(1300)) - The url to track the job: http://localhost:8080/
2020-03-21 16:57:24,417 INFO  [main] mapreduce.Job (Job.java:monitorAndPrintJob(1345)) - Running job: job_local87113634_0005
2020-03-21 16:57:24,418 INFO  [Thread-41] mapred.LocalJobRunner (LocalJobRunner.java:createOutputCommitter(471)) - OutputCommitter set in config null
2020-03-21 16:57:24,418 INFO  [Thread-41] mapred.LocalJobRunner (LocalJobRunner.java:createOutputCommitter(489)) - OutputCommitter is org.apache.hadoop.mapreduce.lib.output.FileOutputCommitter
2020-03-21 16:57:24,435 INFO  [Thread-41] mapred.LocalJobRunner (LocalJobRunner.java:runTasks(448)) - Waiting for map tasks
2020-03-21 16:57:24,436 INFO  [LocalJobRunner Map Task Executor #0] mapred.LocalJobRunner (LocalJobRunner.java:run(224)) - Starting task: attempt_local87113634_0005_m_000000_0
2020-03-21 16:57:24,437 INFO  [LocalJobRunner Map Task Executor #0] mapred.Task (Task.java:initialize(587)) -  Using ResourceCalculatorProcessTree : [ ]
2020-03-21 16:57:24,438 INFO  [LocalJobRunner Map Task Executor #0] mapred.MapTask (MapTask.java:runNewMapper(753)) - Processing split: file:/home/adp7372/project3/intermediate/f3/part-r-00000:0+611
2020-03-21 16:57:24,562 INFO  [LocalJobRunner Map Task Executor #0] mapred.MapTask (MapTask.java:setEquator(1202)) - (EQUATOR) 0 kvi 26214396(104857584)
2020-03-21 16:57:24,563 INFO  [LocalJobRunner Map Task Executor #0] mapred.MapTask (MapTask.java:init(995)) - mapreduce.task.io.sort.mb: 100
2020-03-21 16:57:24,563 INFO  [LocalJobRunner Map Task Executor #0] mapred.MapTask (MapTask.java:init(996)) - soft limit at 83886080
2020-03-21 16:57:24,563 INFO  [LocalJobRunner Map Task Executor #0] mapred.MapTask (MapTask.java:init(997)) - bufstart = 0; bufvoid = 104857600
2020-03-21 16:57:24,563 INFO  [LocalJobRunner Map Task Executor #0] mapred.MapTask (MapTask.java:init(998)) - kvstart = 26214396; length = 6553600
2020-03-21 16:57:24,577 INFO  [LocalJobRunner Map Task Executor #0] mapred.MapTask (MapTask.java:createSortingCollector(402)) - Map output collector class = org.apache.hadoop.mapred.MapTask$MapOutputBuffer
2020-03-21 16:57:24,581 INFO  [LocalJobRunner Map Task Executor #0] mapred.LocalJobRunner (LocalJobRunner.java:statusUpdate(591)) - 
2020-03-21 16:57:24,582 INFO  [LocalJobRunner Map Task Executor #0] mapred.MapTask (MapTask.java:flush(1457)) - Starting flush of map output
2020-03-21 16:57:24,582 INFO  [LocalJobRunner Map Task Executor #0] mapred.MapTask (MapTask.java:flush(1475)) - Spilling map output
2020-03-21 16:57:24,582 INFO  [LocalJobRunner Map Task Executor #0] mapred.MapTask (MapTask.java:flush(1476)) - bufstart = 0; bufend = 1040; bufvoid = 104857600
2020-03-21 16:57:24,582 INFO  [LocalJobRunner Map Task Executor #0] mapred.MapTask (MapTask.java:flush(1478)) - kvstart = 26214396(104857584); kvend = 26214288(104857152); length = 109/6553600
2020-03-21 16:57:24,583 INFO  [LocalJobRunner Map Task Executor #0] mapred.MapTask (MapTask.java:sortAndSpill(1660)) - Finished spill 0
2020-03-21 16:57:24,585 INFO  [LocalJobRunner Map Task Executor #0] mapred.Task (Task.java:done(1001)) - Task:attempt_local87113634_0005_m_000000_0 is done. And is in the process of committing
2020-03-21 16:57:24,587 INFO  [LocalJobRunner Map Task Executor #0] mapred.LocalJobRunner (LocalJobRunner.java:statusUpdate(591)) - map
2020-03-21 16:57:24,587 INFO  [LocalJobRunner Map Task Executor #0] mapred.Task (Task.java:sendDone(1121)) - Task 'attempt_local87113634_0005_m_000000_0' done.
2020-03-21 16:57:24,587 INFO  [LocalJobRunner Map Task Executor #0] mapred.LocalJobRunner (LocalJobRunner.java:run(249)) - Finishing task: attempt_local87113634_0005_m_000000_0
2020-03-21 16:57:24,587 INFO  [Thread-41] mapred.LocalJobRunner (LocalJobRunner.java:runTasks(456)) - map task executor complete.
2020-03-21 16:57:24,600 INFO  [Thread-41] mapred.LocalJobRunner (LocalJobRunner.java:runTasks(448)) - Waiting for reduce tasks
2020-03-21 16:57:24,600 INFO  [pool-17-thread-1] mapred.LocalJobRunner (LocalJobRunner.java:run(302)) - Starting task: attempt_local87113634_0005_r_000000_0
2020-03-21 16:57:24,608 INFO  [pool-17-thread-1] mapred.Task (Task.java:initialize(587)) -  Using ResourceCalculatorProcessTree : [ ]
2020-03-21 16:57:24,608 INFO  [pool-17-thread-1] mapred.ReduceTask (ReduceTask.java:run(362)) - Using ShuffleConsumerPlugin: org.apache.hadoop.mapreduce.task.reduce.Shuffle@7a62cf03
2020-03-21 16:57:24,612 INFO  [pool-17-thread-1] reduce.MergeManagerImpl (MergeManagerImpl.java:<init>(196)) - MergerManager: memoryLimit=709551680, maxSingleShuffleLimit=177387920, mergeThreshold=468304128, ioSortFactor=10, memToMemMergeOutputsThreshold=10
2020-03-21 16:57:24,612 INFO  [EventFetcher for fetching Map Completion Events] reduce.EventFetcher (EventFetcher.java:run(61)) - attempt_local87113634_0005_r_000000_0 Thread started: EventFetcher for fetching Map Completion Events
2020-03-21 16:57:24,613 INFO  [localfetcher#5] reduce.LocalFetcher (LocalFetcher.java:copyMapOutput(141)) - localfetcher#5 about to shuffle output of map attempt_local87113634_0005_m_000000_0 decomp: 1098 len: 1102 to MEMORY
2020-03-21 16:57:24,615 INFO  [localfetcher#5] reduce.InMemoryMapOutput (InMemoryMapOutput.java:shuffle(100)) - Read 1098 bytes from map-output for attempt_local87113634_0005_m_000000_0
2020-03-21 16:57:24,615 INFO  [localfetcher#5] reduce.MergeManagerImpl (MergeManagerImpl.java:closeInMemoryFile(314)) - closeInMemoryFile -> map-output of size: 1098, inMemoryMapOutputs.size() -> 1, commitMemory -> 0, usedMemory ->1098
2020-03-21 16:57:24,615 INFO  [EventFetcher for fetching Map Completion Events] reduce.EventFetcher (EventFetcher.java:run(76)) - EventFetcher is interrupted.. Returning
2020-03-21 16:57:24,616 INFO  [pool-17-thread-1] mapred.LocalJobRunner (LocalJobRunner.java:statusUpdate(591)) - 1 / 1 copied.
2020-03-21 16:57:24,616 INFO  [pool-17-thread-1] reduce.MergeManagerImpl (MergeManagerImpl.java:finalMerge(674)) - finalMerge called with 1 in-memory map-outputs and 0 on-disk map-outputs
2020-03-21 16:57:24,617 INFO  [pool-17-thread-1] mapred.Merger (Merger.java:merge(597)) - Merging 1 sorted segments
2020-03-21 16:57:24,617 INFO  [pool-17-thread-1] mapred.Merger (Merger.java:merge(696)) - Down to the last merge-pass, with 1 segments left of total size: 1088 bytes
2020-03-21 16:57:24,619 INFO  [pool-17-thread-1] reduce.MergeManagerImpl (MergeManagerImpl.java:finalMerge(751)) - Merged 1 segments, 1098 bytes to disk to satisfy reduce memory limit
2020-03-21 16:57:24,619 INFO  [pool-17-thread-1] reduce.MergeManagerImpl (MergeManagerImpl.java:finalMerge(781)) - Merging 1 files, 1102 bytes from disk
2020-03-21 16:57:24,619 INFO  [pool-17-thread-1] reduce.MergeManagerImpl (MergeManagerImpl.java:finalMerge(796)) - Merging 0 segments, 0 bytes from memory into reduce
2020-03-21 16:57:24,619 INFO  [pool-17-thread-1] mapred.Merger (Merger.java:merge(597)) - Merging 1 sorted segments
2020-03-21 16:57:24,619 INFO  [pool-17-thread-1] mapred.Merger (Merger.java:merge(696)) - Down to the last merge-pass, with 1 segments left of total size: 1088 bytes
2020-03-21 16:57:24,620 INFO  [pool-17-thread-1] mapred.LocalJobRunner (LocalJobRunner.java:statusUpdate(591)) - 1 / 1 copied.
2020-03-21 16:57:24,629 INFO  [pool-17-thread-1] mapred.Task (Task.java:done(1001)) - Task:attempt_local87113634_0005_r_000000_0 is done. And is in the process of committing
2020-03-21 16:57:24,630 INFO  [pool-17-thread-1] mapred.LocalJobRunner (LocalJobRunner.java:statusUpdate(591)) - 1 / 1 copied.
2020-03-21 16:57:24,630 INFO  [pool-17-thread-1] mapred.Task (Task.java:commit(1162)) - Task attempt_local87113634_0005_r_000000_0 is allowed to commit now
2020-03-21 16:57:24,632 INFO  [pool-17-thread-1] output.FileOutputCommitter (FileOutputCommitter.java:commitTask(439)) - Saved output of task 'attempt_local87113634_0005_r_000000_0' to file:/home/adp7372/project3/intermediate/f4/_temporary/0/task_local87113634_0005_r_000000
2020-03-21 16:57:24,633 INFO  [pool-17-thread-1] mapred.LocalJobRunner (LocalJobRunner.java:statusUpdate(591)) - reduce > reduce
2020-03-21 16:57:24,633 INFO  [pool-17-thread-1] mapred.Task (Task.java:sendDone(1121)) - Task 'attempt_local87113634_0005_r_000000_0' done.
2020-03-21 16:57:24,633 INFO  [pool-17-thread-1] mapred.LocalJobRunner (LocalJobRunner.java:run(325)) - Finishing task: attempt_local87113634_0005_r_000000_0
2020-03-21 16:57:24,633 INFO  [Thread-41] mapred.LocalJobRunner (LocalJobRunner.java:runTasks(456)) - reduce task executor complete.
2020-03-21 16:57:25,418 INFO  [main] mapreduce.Job (Job.java:monitorAndPrintJob(1366)) - Job job_local87113634_0005 running in uber mode : false
2020-03-21 16:57:25,418 INFO  [main] mapreduce.Job (Job.java:monitorAndPrintJob(1373)) -  map 100% reduce 100%
2020-03-21 16:57:25,419 INFO  [main] mapreduce.Job (Job.java:monitorAndPrintJob(1384)) - Job job_local87113634_0005 completed successfully
2020-03-21 16:57:25,426 INFO  [main] mapreduce.Job (Job.java:monitorAndPrintJob(1391)) - Counters: 33
	File System Counters
		FILE: Number of bytes read=95954
		FILE: Number of bytes written=2632583
		FILE: Number of read operations=0
		FILE: Number of large read operations=0
		FILE: Number of write operations=0
	Map-Reduce Framework
		Map input records=10
		Map output records=28
		Map output bytes=1040
		Map output materialized bytes=1102
		Input split bytes=121
		Combine input records=0
		Combine output records=0
		Reduce input groups=10
		Reduce shuffle bytes=1102
		Reduce input records=28
		Reduce output records=10
		Spilled Records=56
		Shuffled Maps =1
		Failed Shuffles=0
		Merged Map outputs=1
		GC time elapsed (ms)=20
		CPU time spent (ms)=0
		Physical memory (bytes) snapshot=0
		Virtual memory (bytes) snapshot=0
		Total committed heap usage (bytes)=372252672
	Shuffle Errors
		BAD_ID=0
		CONNECTION=0
		IO_ERROR=0
		WRONG_LENGTH=0
		WRONG_MAP=0
		WRONG_REDUCE=0
	File Input Format Counters 
		Bytes Read=627
	File Output Format Counters 
		Bytes Written=627
2020-03-21 16:57:25,461 INFO  [main] jvm.JvmMetrics (JvmMetrics.java:init(71)) - Cannot initialize JVM Metrics with processName=JobTracker, sessionId= - already initialized
2020-03-21 16:57:25,477 WARN  [main] mapreduce.JobSubmitter (JobSubmitter.java:copyAndConfigureFiles(153)) - Hadoop command-line option parsing not performed. Implement the Tool interface and execute your application with ToolRunner to remedy this.
2020-03-21 16:57:25,522 INFO  [main] input.FileInputFormat (FileInputFormat.java:listStatus(281)) - Total input paths to process : 1
2020-03-21 16:57:25,524 INFO  [main] mapreduce.JobSubmitter (JobSubmitter.java:submitJobInternal(494)) - number of splits:1
2020-03-21 16:57:25,533 INFO  [main] mapreduce.JobSubmitter (JobSubmitter.java:printTokens(583)) - Submitting tokens for job: job_local47343135_0006
2020-03-21 16:57:25,658 INFO  [main] mapreduce.Job (Job.java:submit(1300)) - The url to track the job: http://localhost:8080/
2020-03-21 16:57:25,658 INFO  [main] mapreduce.Job (Job.java:monitorAndPrintJob(1345)) - Running job: job_local47343135_0006
2020-03-21 16:57:25,658 INFO  [Thread-50] mapred.LocalJobRunner (LocalJobRunner.java:createOutputCommitter(471)) - OutputCommitter set in config null
2020-03-21 16:57:25,659 INFO  [Thread-50] mapred.LocalJobRunner (LocalJobRunner.java:createOutputCommitter(489)) - OutputCommitter is org.apache.hadoop.mapreduce.lib.output.FileOutputCommitter
2020-03-21 16:57:25,685 INFO  [Thread-50] mapred.LocalJobRunner (LocalJobRunner.java:runTasks(448)) - Waiting for map tasks
2020-03-21 16:57:25,685 INFO  [LocalJobRunner Map Task Executor #0] mapred.LocalJobRunner (LocalJobRunner.java:run(224)) - Starting task: attempt_local47343135_0006_m_000000_0
2020-03-21 16:57:25,697 INFO  [LocalJobRunner Map Task Executor #0] mapred.Task (Task.java:initialize(587)) -  Using ResourceCalculatorProcessTree : [ ]
2020-03-21 16:57:25,698 INFO  [LocalJobRunner Map Task Executor #0] mapred.MapTask (MapTask.java:runNewMapper(753)) - Processing split: file:/home/adp7372/project3/intermediate/f4/part-r-00000:0+611
2020-03-21 16:57:25,768 INFO  [LocalJobRunner Map Task Executor #0] mapred.MapTask (MapTask.java:setEquator(1202)) - (EQUATOR) 0 kvi 26214396(104857584)
2020-03-21 16:57:25,769 INFO  [LocalJobRunner Map Task Executor #0] mapred.MapTask (MapTask.java:init(995)) - mapreduce.task.io.sort.mb: 100
2020-03-21 16:57:25,769 INFO  [LocalJobRunner Map Task Executor #0] mapred.MapTask (MapTask.java:init(996)) - soft limit at 83886080
2020-03-21 16:57:25,769 INFO  [LocalJobRunner Map Task Executor #0] mapred.MapTask (MapTask.java:init(997)) - bufstart = 0; bufvoid = 104857600
2020-03-21 16:57:25,769 INFO  [LocalJobRunner Map Task Executor #0] mapred.MapTask (MapTask.java:init(998)) - kvstart = 26214396; length = 6553600
2020-03-21 16:57:25,769 INFO  [LocalJobRunner Map Task Executor #0] mapred.MapTask (MapTask.java:createSortingCollector(402)) - Map output collector class = org.apache.hadoop.mapred.MapTask$MapOutputBuffer
2020-03-21 16:57:25,773 INFO  [LocalJobRunner Map Task Executor #0] mapred.LocalJobRunner (LocalJobRunner.java:statusUpdate(591)) - 
2020-03-21 16:57:25,774 INFO  [LocalJobRunner Map Task Executor #0] mapred.MapTask (MapTask.java:flush(1457)) - Starting flush of map output
2020-03-21 16:57:25,774 INFO  [LocalJobRunner Map Task Executor #0] mapred.MapTask (MapTask.java:flush(1475)) - Spilling map output
2020-03-21 16:57:25,774 INFO  [LocalJobRunner Map Task Executor #0] mapred.MapTask (MapTask.java:flush(1476)) - bufstart = 0; bufend = 1040; bufvoid = 104857600
2020-03-21 16:57:25,774 INFO  [LocalJobRunner Map Task Executor #0] mapred.MapTask (MapTask.java:flush(1478)) - kvstart = 26214396(104857584); kvend = 26214288(104857152); length = 109/6553600
2020-03-21 16:57:25,775 INFO  [LocalJobRunner Map Task Executor #0] mapred.MapTask (MapTask.java:sortAndSpill(1660)) - Finished spill 0
2020-03-21 16:57:25,778 INFO  [LocalJobRunner Map Task Executor #0] mapred.Task (Task.java:done(1001)) - Task:attempt_local47343135_0006_m_000000_0 is done. And is in the process of committing
2020-03-21 16:57:25,780 INFO  [LocalJobRunner Map Task Executor #0] mapred.LocalJobRunner (LocalJobRunner.java:statusUpdate(591)) - map
2020-03-21 16:57:25,780 INFO  [LocalJobRunner Map Task Executor #0] mapred.Task (Task.java:sendDone(1121)) - Task 'attempt_local47343135_0006_m_000000_0' done.
2020-03-21 16:57:25,780 INFO  [LocalJobRunner Map Task Executor #0] mapred.LocalJobRunner (LocalJobRunner.java:run(249)) - Finishing task: attempt_local47343135_0006_m_000000_0
2020-03-21 16:57:25,780 INFO  [Thread-50] mapred.LocalJobRunner (LocalJobRunner.java:runTasks(456)) - map task executor complete.
2020-03-21 16:57:25,781 INFO  [Thread-50] mapred.LocalJobRunner (LocalJobRunner.java:runTasks(448)) - Waiting for reduce tasks
2020-03-21 16:57:25,781 INFO  [pool-20-thread-1] mapred.LocalJobRunner (LocalJobRunner.java:run(302)) - Starting task: attempt_local47343135_0006_r_000000_0
2020-03-21 16:57:25,783 INFO  [pool-20-thread-1] mapred.Task (Task.java:initialize(587)) -  Using ResourceCalculatorProcessTree : [ ]
2020-03-21 16:57:25,783 INFO  [pool-20-thread-1] mapred.ReduceTask (ReduceTask.java:run(362)) - Using ShuffleConsumerPlugin: org.apache.hadoop.mapreduce.task.reduce.Shuffle@7c317e02
2020-03-21 16:57:25,787 INFO  [pool-20-thread-1] reduce.MergeManagerImpl (MergeManagerImpl.java:<init>(196)) - MergerManager: memoryLimit=709551680, maxSingleShuffleLimit=177387920, mergeThreshold=468304128, ioSortFactor=10, memToMemMergeOutputsThreshold=10
2020-03-21 16:57:25,787 INFO  [EventFetcher for fetching Map Completion Events] reduce.EventFetcher (EventFetcher.java:run(61)) - attempt_local47343135_0006_r_000000_0 Thread started: EventFetcher for fetching Map Completion Events
2020-03-21 16:57:25,790 INFO  [localfetcher#6] reduce.LocalFetcher (LocalFetcher.java:copyMapOutput(141)) - localfetcher#6 about to shuffle output of map attempt_local47343135_0006_m_000000_0 decomp: 1098 len: 1102 to MEMORY
2020-03-21 16:57:25,791 INFO  [localfetcher#6] reduce.InMemoryMapOutput (InMemoryMapOutput.java:shuffle(100)) - Read 1098 bytes from map-output for attempt_local47343135_0006_m_000000_0
2020-03-21 16:57:25,791 INFO  [localfetcher#6] reduce.MergeManagerImpl (MergeManagerImpl.java:closeInMemoryFile(314)) - closeInMemoryFile -> map-output of size: 1098, inMemoryMapOutputs.size() -> 1, commitMemory -> 0, usedMemory ->1098
2020-03-21 16:57:25,791 INFO  [EventFetcher for fetching Map Completion Events] reduce.EventFetcher (EventFetcher.java:run(76)) - EventFetcher is interrupted.. Returning
2020-03-21 16:57:25,792 INFO  [pool-20-thread-1] mapred.LocalJobRunner (LocalJobRunner.java:statusUpdate(591)) - 1 / 1 copied.
2020-03-21 16:57:25,792 INFO  [pool-20-thread-1] reduce.MergeManagerImpl (MergeManagerImpl.java:finalMerge(674)) - finalMerge called with 1 in-memory map-outputs and 0 on-disk map-outputs
2020-03-21 16:57:25,792 INFO  [pool-20-thread-1] mapred.Merger (Merger.java:merge(597)) - Merging 1 sorted segments
2020-03-21 16:57:25,792 INFO  [pool-20-thread-1] mapred.Merger (Merger.java:merge(696)) - Down to the last merge-pass, with 1 segments left of total size: 1088 bytes
2020-03-21 16:57:25,795 INFO  [pool-20-thread-1] reduce.MergeManagerImpl (MergeManagerImpl.java:finalMerge(751)) - Merged 1 segments, 1098 bytes to disk to satisfy reduce memory limit
2020-03-21 16:57:25,795 INFO  [pool-20-thread-1] reduce.MergeManagerImpl (MergeManagerImpl.java:finalMerge(781)) - Merging 1 files, 1102 bytes from disk
2020-03-21 16:57:25,795 INFO  [pool-20-thread-1] reduce.MergeManagerImpl (MergeManagerImpl.java:finalMerge(796)) - Merging 0 segments, 0 bytes from memory into reduce
2020-03-21 16:57:25,795 INFO  [pool-20-thread-1] mapred.Merger (Merger.java:merge(597)) - Merging 1 sorted segments
2020-03-21 16:57:25,795 INFO  [pool-20-thread-1] mapred.Merger (Merger.java:merge(696)) - Down to the last merge-pass, with 1 segments left of total size: 1088 bytes
2020-03-21 16:57:25,795 INFO  [pool-20-thread-1] mapred.LocalJobRunner (LocalJobRunner.java:statusUpdate(591)) - 1 / 1 copied.
2020-03-21 16:57:25,803 INFO  [pool-20-thread-1] mapred.Task (Task.java:done(1001)) - Task:attempt_local47343135_0006_r_000000_0 is done. And is in the process of committing
2020-03-21 16:57:25,804 INFO  [pool-20-thread-1] mapred.LocalJobRunner (LocalJobRunner.java:statusUpdate(591)) - 1 / 1 copied.
2020-03-21 16:57:25,804 INFO  [pool-20-thread-1] mapred.Task (Task.java:commit(1162)) - Task attempt_local47343135_0006_r_000000_0 is allowed to commit now
2020-03-21 16:57:25,806 INFO  [pool-20-thread-1] output.FileOutputCommitter (FileOutputCommitter.java:commitTask(439)) - Saved output of task 'attempt_local47343135_0006_r_000000_0' to file:/home/adp7372/project3/intermediate/f5/_temporary/0/task_local47343135_0006_r_000000
2020-03-21 16:57:25,806 INFO  [pool-20-thread-1] mapred.LocalJobRunner (LocalJobRunner.java:statusUpdate(591)) - reduce > reduce
2020-03-21 16:57:25,806 INFO  [pool-20-thread-1] mapred.Task (Task.java:sendDone(1121)) - Task 'attempt_local47343135_0006_r_000000_0' done.
2020-03-21 16:57:25,807 INFO  [pool-20-thread-1] mapred.LocalJobRunner (LocalJobRunner.java:run(325)) - Finishing task: attempt_local47343135_0006_r_000000_0
2020-03-21 16:57:25,807 INFO  [Thread-50] mapred.LocalJobRunner (LocalJobRunner.java:runTasks(456)) - reduce task executor complete.
2020-03-21 16:57:26,658 INFO  [main] mapreduce.Job (Job.java:monitorAndPrintJob(1366)) - Job job_local47343135_0006 running in uber mode : false
2020-03-21 16:57:26,659 INFO  [main] mapreduce.Job (Job.java:monitorAndPrintJob(1373)) -  map 100% reduce 100%
2020-03-21 16:57:26,659 INFO  [main] mapreduce.Job (Job.java:monitorAndPrintJob(1384)) - Job job_local47343135_0006 completed successfully
2020-03-21 16:57:26,661 INFO  [main] mapreduce.Job (Job.java:monitorAndPrintJob(1391)) - Counters: 33
	File System Counters
		FILE: Number of bytes read=116316
		FILE: Number of bytes written=3156841
		FILE: Number of read operations=0
		FILE: Number of large read operations=0
		FILE: Number of write operations=0
	Map-Reduce Framework
		Map input records=10
		Map output records=28
		Map output bytes=1040
		Map output materialized bytes=1102
		Input split bytes=121
		Combine input records=0
		Combine output records=0
		Reduce input groups=10
		Reduce shuffle bytes=1102
		Reduce input records=28
		Reduce output records=10
		Spilled Records=56
		Shuffled Maps =1
		Failed Shuffles=0
		Merged Map outputs=1
		GC time elapsed (ms)=21
		CPU time spent (ms)=0
		Physical memory (bytes) snapshot=0
		Virtual memory (bytes) snapshot=0
		Total committed heap usage (bytes)=372260864
	Shuffle Errors
		BAD_ID=0
		CONNECTION=0
		IO_ERROR=0
		WRONG_LENGTH=0
		WRONG_MAP=0
		WRONG_REDUCE=0
	File Input Format Counters 
		Bytes Read=627
	File Output Format Counters 
		Bytes Written=627
2020-03-21 16:57:26,679 INFO  [main] jvm.JvmMetrics (JvmMetrics.java:init(71)) - Cannot initialize JVM Metrics with processName=JobTracker, sessionId= - already initialized
2020-03-21 16:57:26,685 WARN  [main] mapreduce.JobSubmitter (JobSubmitter.java:copyAndConfigureFiles(153)) - Hadoop command-line option parsing not performed. Implement the Tool interface and execute your application with ToolRunner to remedy this.
2020-03-21 16:57:26,720 INFO  [main] input.FileInputFormat (FileInputFormat.java:listStatus(281)) - Total input paths to process : 1
2020-03-21 16:57:26,721 INFO  [main] mapreduce.JobSubmitter (JobSubmitter.java:submitJobInternal(494)) - number of splits:1
2020-03-21 16:57:26,726 INFO  [main] mapreduce.JobSubmitter (JobSubmitter.java:printTokens(583)) - Submitting tokens for job: job_local1556052784_0007
2020-03-21 16:57:26,831 INFO  [main] mapreduce.Job (Job.java:submit(1300)) - The url to track the job: http://localhost:8080/
2020-03-21 16:57:26,831 INFO  [main] mapreduce.Job (Job.java:monitorAndPrintJob(1345)) - Running job: job_local1556052784_0007
2020-03-21 16:57:26,831 INFO  [Thread-59] mapred.LocalJobRunner (LocalJobRunner.java:createOutputCommitter(471)) - OutputCommitter set in config null
2020-03-21 16:57:26,831 INFO  [Thread-59] mapred.LocalJobRunner (LocalJobRunner.java:createOutputCommitter(489)) - OutputCommitter is org.apache.hadoop.mapreduce.lib.output.FileOutputCommitter
2020-03-21 16:57:26,843 INFO  [Thread-59] mapred.LocalJobRunner (LocalJobRunner.java:runTasks(448)) - Waiting for map tasks
2020-03-21 16:57:26,843 INFO  [LocalJobRunner Map Task Executor #0] mapred.LocalJobRunner (LocalJobRunner.java:run(224)) - Starting task: attempt_local1556052784_0007_m_000000_0
2020-03-21 16:57:26,844 INFO  [LocalJobRunner Map Task Executor #0] mapred.Task (Task.java:initialize(587)) -  Using ResourceCalculatorProcessTree : [ ]
2020-03-21 16:57:26,845 INFO  [LocalJobRunner Map Task Executor #0] mapred.MapTask (MapTask.java:runNewMapper(753)) - Processing split: file:/home/adp7372/project3/intermediate/f5/part-r-00000:0+611
2020-03-21 16:57:26,915 INFO  [LocalJobRunner Map Task Executor #0] mapred.MapTask (MapTask.java:setEquator(1202)) - (EQUATOR) 0 kvi 26214396(104857584)
2020-03-21 16:57:26,915 INFO  [LocalJobRunner Map Task Executor #0] mapred.MapTask (MapTask.java:init(995)) - mapreduce.task.io.sort.mb: 100
2020-03-21 16:57:26,915 INFO  [LocalJobRunner Map Task Executor #0] mapred.MapTask (MapTask.java:init(996)) - soft limit at 83886080
2020-03-21 16:57:26,916 INFO  [LocalJobRunner Map Task Executor #0] mapred.MapTask (MapTask.java:init(997)) - bufstart = 0; bufvoid = 104857600
2020-03-21 16:57:26,916 INFO  [LocalJobRunner Map Task Executor #0] mapred.MapTask (MapTask.java:init(998)) - kvstart = 26214396; length = 6553600
2020-03-21 16:57:26,916 INFO  [LocalJobRunner Map Task Executor #0] mapred.MapTask (MapTask.java:createSortingCollector(402)) - Map output collector class = org.apache.hadoop.mapred.MapTask$MapOutputBuffer
2020-03-21 16:57:26,920 INFO  [LocalJobRunner Map Task Executor #0] mapred.LocalJobRunner (LocalJobRunner.java:statusUpdate(591)) - 
2020-03-21 16:57:26,921 INFO  [LocalJobRunner Map Task Executor #0] mapred.MapTask (MapTask.java:flush(1457)) - Starting flush of map output
2020-03-21 16:57:26,921 INFO  [LocalJobRunner Map Task Executor #0] mapred.MapTask (MapTask.java:flush(1475)) - Spilling map output
2020-03-21 16:57:26,921 INFO  [LocalJobRunner Map Task Executor #0] mapred.MapTask (MapTask.java:flush(1476)) - bufstart = 0; bufend = 160; bufvoid = 104857600
2020-03-21 16:57:26,921 INFO  [LocalJobRunner Map Task Executor #0] mapred.MapTask (MapTask.java:flush(1478)) - kvstart = 26214396(104857584); kvend = 26214360(104857440); length = 37/6553600
2020-03-21 16:57:26,921 INFO  [LocalJobRunner Map Task Executor #0] mapred.MapTask (MapTask.java:sortAndSpill(1660)) - Finished spill 0
2020-03-21 16:57:26,923 INFO  [LocalJobRunner Map Task Executor #0] mapred.Task (Task.java:done(1001)) - Task:attempt_local1556052784_0007_m_000000_0 is done. And is in the process of committing
2020-03-21 16:57:26,924 INFO  [LocalJobRunner Map Task Executor #0] mapred.LocalJobRunner (LocalJobRunner.java:statusUpdate(591)) - map
2020-03-21 16:57:26,924 INFO  [LocalJobRunner Map Task Executor #0] mapred.Task (Task.java:sendDone(1121)) - Task 'attempt_local1556052784_0007_m_000000_0' done.
2020-03-21 16:57:26,924 INFO  [LocalJobRunner Map Task Executor #0] mapred.LocalJobRunner (LocalJobRunner.java:run(249)) - Finishing task: attempt_local1556052784_0007_m_000000_0
2020-03-21 16:57:26,924 INFO  [Thread-59] mapred.LocalJobRunner (LocalJobRunner.java:runTasks(456)) - map task executor complete.
2020-03-21 16:57:26,925 INFO  [Thread-59] mapred.LocalJobRunner (LocalJobRunner.java:runTasks(448)) - Waiting for reduce tasks
2020-03-21 16:57:26,925 INFO  [pool-23-thread-1] mapred.LocalJobRunner (LocalJobRunner.java:run(302)) - Starting task: attempt_local1556052784_0007_r_000000_0
2020-03-21 16:57:26,927 INFO  [pool-23-thread-1] mapred.Task (Task.java:initialize(587)) -  Using ResourceCalculatorProcessTree : [ ]
2020-03-21 16:57:26,927 INFO  [pool-23-thread-1] mapred.ReduceTask (ReduceTask.java:run(362)) - Using ShuffleConsumerPlugin: org.apache.hadoop.mapreduce.task.reduce.Shuffle@e403aa2
2020-03-21 16:57:26,931 INFO  [pool-23-thread-1] reduce.MergeManagerImpl (MergeManagerImpl.java:<init>(196)) - MergerManager: memoryLimit=709551680, maxSingleShuffleLimit=177387920, mergeThreshold=468304128, ioSortFactor=10, memToMemMergeOutputsThreshold=10
2020-03-21 16:57:26,932 INFO  [EventFetcher for fetching Map Completion Events] reduce.EventFetcher (EventFetcher.java:run(61)) - attempt_local1556052784_0007_r_000000_0 Thread started: EventFetcher for fetching Map Completion Events
2020-03-21 16:57:26,933 INFO  [localfetcher#7] reduce.LocalFetcher (LocalFetcher.java:copyMapOutput(141)) - localfetcher#7 about to shuffle output of map attempt_local1556052784_0007_m_000000_0 decomp: 182 len: 186 to MEMORY
2020-03-21 16:57:26,933 INFO  [localfetcher#7] reduce.InMemoryMapOutput (InMemoryMapOutput.java:shuffle(100)) - Read 182 bytes from map-output for attempt_local1556052784_0007_m_000000_0
2020-03-21 16:57:26,933 INFO  [localfetcher#7] reduce.MergeManagerImpl (MergeManagerImpl.java:closeInMemoryFile(314)) - closeInMemoryFile -> map-output of size: 182, inMemoryMapOutputs.size() -> 1, commitMemory -> 0, usedMemory ->182
2020-03-21 16:57:26,934 INFO  [EventFetcher for fetching Map Completion Events] reduce.EventFetcher (EventFetcher.java:run(76)) - EventFetcher is interrupted.. Returning
2020-03-21 16:57:26,935 INFO  [pool-23-thread-1] mapred.LocalJobRunner (LocalJobRunner.java:statusUpdate(591)) - 1 / 1 copied.
2020-03-21 16:57:26,935 INFO  [pool-23-thread-1] reduce.MergeManagerImpl (MergeManagerImpl.java:finalMerge(674)) - finalMerge called with 1 in-memory map-outputs and 0 on-disk map-outputs
2020-03-21 16:57:26,935 INFO  [pool-23-thread-1] mapred.Merger (Merger.java:merge(597)) - Merging 1 sorted segments
2020-03-21 16:57:26,935 INFO  [pool-23-thread-1] mapred.Merger (Merger.java:merge(696)) - Down to the last merge-pass, with 1 segments left of total size: 172 bytes
2020-03-21 16:57:26,936 INFO  [pool-23-thread-1] reduce.MergeManagerImpl (MergeManagerImpl.java:finalMerge(751)) - Merged 1 segments, 182 bytes to disk to satisfy reduce memory limit
2020-03-21 16:57:26,936 INFO  [pool-23-thread-1] reduce.MergeManagerImpl (MergeManagerImpl.java:finalMerge(781)) - Merging 1 files, 186 bytes from disk
2020-03-21 16:57:26,936 INFO  [pool-23-thread-1] reduce.MergeManagerImpl (MergeManagerImpl.java:finalMerge(796)) - Merging 0 segments, 0 bytes from memory into reduce
2020-03-21 16:57:26,936 INFO  [pool-23-thread-1] mapred.Merger (Merger.java:merge(597)) - Merging 1 sorted segments
2020-03-21 16:57:26,936 INFO  [pool-23-thread-1] mapred.Merger (Merger.java:merge(696)) - Down to the last merge-pass, with 1 segments left of total size: 172 bytes
2020-03-21 16:57:26,937 INFO  [pool-23-thread-1] mapred.LocalJobRunner (LocalJobRunner.java:statusUpdate(591)) - 1 / 1 copied.
2020-03-21 16:57:26,946 INFO  [pool-23-thread-1] mapred.Task (Task.java:done(1001)) - Task:attempt_local1556052784_0007_r_000000_0 is done. And is in the process of committing
2020-03-21 16:57:26,947 INFO  [pool-23-thread-1] mapred.LocalJobRunner (LocalJobRunner.java:statusUpdate(591)) - 1 / 1 copied.
2020-03-21 16:57:26,947 INFO  [pool-23-thread-1] mapred.Task (Task.java:commit(1162)) - Task attempt_local1556052784_0007_r_000000_0 is allowed to commit now
2020-03-21 16:57:26,950 INFO  [pool-23-thread-1] output.FileOutputCommitter (FileOutputCommitter.java:commitTask(439)) - Saved output of task 'attempt_local1556052784_0007_r_000000_0' to file:/home/adp7372/project3/output/_temporary/0/task_local1556052784_0007_r_000000
2020-03-21 16:57:26,951 INFO  [pool-23-thread-1] mapred.LocalJobRunner (LocalJobRunner.java:statusUpdate(591)) - reduce > reduce
2020-03-21 16:57:26,951 INFO  [pool-23-thread-1] mapred.Task (Task.java:sendDone(1121)) - Task 'attempt_local1556052784_0007_r_000000_0' done.
2020-03-21 16:57:26,951 INFO  [pool-23-thread-1] mapred.LocalJobRunner (LocalJobRunner.java:run(325)) - Finishing task: attempt_local1556052784_0007_r_000000_0
2020-03-21 16:57:26,951 INFO  [Thread-59] mapred.LocalJobRunner (LocalJobRunner.java:runTasks(456)) - reduce task executor complete.
2020-03-21 16:57:27,831 INFO  [main] mapreduce.Job (Job.java:monitorAndPrintJob(1366)) - Job job_local1556052784_0007 running in uber mode : false
2020-03-21 16:57:27,831 INFO  [main] mapreduce.Job (Job.java:monitorAndPrintJob(1373)) -  map 100% reduce 100%
2020-03-21 16:57:27,832 INFO  [main] mapreduce.Job (Job.java:monitorAndPrintJob(1384)) - Job job_local1556052784_0007 completed successfully
2020-03-21 16:57:27,833 INFO  [main] mapreduce.Job (Job.java:monitorAndPrintJob(1391)) - Counters: 33
	File System Counters
		FILE: Number of bytes read=134846
		FILE: Number of bytes written=3683360
		FILE: Number of read operations=0
		FILE: Number of large read operations=0
		FILE: Number of write operations=0
	Map-Reduce Framework
		Map input records=10
		Map output records=10
		Map output bytes=160
		Map output materialized bytes=186
		Input split bytes=121
		Combine input records=0
		Combine output records=0
		Reduce input groups=2
		Reduce shuffle bytes=186
		Reduce input records=10
		Reduce output records=2
		Spilled Records=20
		Shuffled Maps =1
		Failed Shuffles=0
		Merged Map outputs=1
		GC time elapsed (ms)=20
		CPU time spent (ms)=0
		Physical memory (bytes) snapshot=0
		Virtual memory (bytes) snapshot=0
		Total committed heap usage (bytes)=372260864
	Shuffle Errors
		BAD_ID=0
		CONNECTION=0
		IO_ERROR=0
		WRONG_LENGTH=0
		WRONG_MAP=0
		WRONG_REDUCE=0
	File Input Format Counters 
		Bytes Read=627
	File Output Format Counters 
		Bytes Written=20
