myHadoop: Setting MH_IPOIB_TRANSFORM='s/\([^.]*\).*$/\1.ibnet/' from myhadoop.conf
myHadoop: Setting MH_SCRATCH_DIR=/scratch/$USER/$SLURM_JOBID from myhadoop.conf
myHadoop: Using HADOOP_HOME=/opt/hadoop/2.6.0
myHadoop: Using MH_SCRATCH_DIR=/scratch/adp7372/32217546
myHadoop: Using JAVA_HOME=/lib/jvm/java
myHadoop: Generating Hadoop configuration in directory in /home/adp7372/cometcluster...
myHadoop: Backing up old config dir to /home/adp7372/cometcluster.6...
‘/home/adp7372/cometcluster’ -> ‘/home/adp7372/cometcluster.6’
myHadoop: Designating comet-06-46.ibnet as master node (namenode, secondary namenode, and jobtracker)
myHadoop: The following nodes will be slaves (datanode, tasktracer):
comet-06-46.ibnet
comet-06-49.ibnet
20/03/21 17:05:21 INFO namenode.NameNode: STARTUP_MSG: 
/************************************************************
STARTUP_MSG: Starting NameNode
STARTUP_MSG:   host = comet-06-46.sdsc.edu/198.202.114.116
STARTUP_MSG:   args = [-format]
STARTUP_MSG:   version = 2.6.0
STARTUP_MSG:   classpath = /home/adp7372/cometcluster:/opt/hadoop/2.6.0/share/hadoop/common/lib/jersey-core-1.9.jar:/opt/hadoop/2.6.0/share/hadoop/common/lib/jersey-server-1.9.jar:/opt/hadoop/2.6.0/share/hadoop/common/lib/paranamer-2.3.jar:/opt/hadoop/2.6.0/share/hadoop/common/lib/jaxb-api-2.2.2.jar:/opt/hadoop/2.6.0/share/hadoop/common/lib/xmlenc-0.52.jar:/opt/hadoop/2.6.0/share/hadoop/common/lib/slf4j-api-1.7.5.jar:/opt/hadoop/2.6.0/share/hadoop/common/lib/commons-beanutils-1.7.0.jar:/opt/hadoop/2.6.0/share/hadoop/common/lib/commons-lang-2.6.jar:/opt/hadoop/2.6.0/share/hadoop/common/lib/stax-api-1.0-2.jar:/opt/hadoop/2.6.0/share/hadoop/common/lib/jetty-util-6.1.26.jar:/opt/hadoop/2.6.0/share/hadoop/common/lib/api-util-1.0.0-M20.jar:/opt/hadoop/2.6.0/share/hadoop/common/lib/commons-io-2.4.jar:/opt/hadoop/2.6.0/share/hadoop/common/lib/jackson-core-asl-1.9.13.jar:/opt/hadoop/2.6.0/share/hadoop/common/lib/xz-1.0.jar:/opt/hadoop/2.6.0/share/hadoop/common/lib/netty-3.6.2.Final.jar:/opt/hadoop/2.6.0/share/hadoop/common/lib/apacheds-kerberos-codec-2.0.0-M15.jar:/opt/hadoop/2.6.0/share/hadoop/common/lib/hadoop-annotations-2.6.0.jar:/opt/hadoop/2.6.0/share/hadoop/common/lib/log4j-1.2.17.jar:/opt/hadoop/2.6.0/share/hadoop/common/lib/hadoop-auth-2.6.0.jar:/opt/hadoop/2.6.0/share/hadoop/common/lib/commons-el-1.0.jar:/opt/hadoop/2.6.0/share/hadoop/common/lib/java-xmlbuilder-0.4.jar:/opt/hadoop/2.6.0/share/hadoop/common/lib/curator-framework-2.6.0.jar:/opt/hadoop/2.6.0/share/hadoop/common/lib/avro-1.7.4.jar:/opt/hadoop/2.6.0/share/hadoop/common/lib/jaxb-impl-2.2.3-1.jar:/opt/hadoop/2.6.0/share/hadoop/common/lib/jasper-compiler-5.5.23.jar:/opt/hadoop/2.6.0/share/hadoop/common/lib/zookeeper-3.4.6.jar:/opt/hadoop/2.6.0/share/hadoop/common/lib/commons-collections-3.2.1.jar:/opt/hadoop/2.6.0/share/hadoop/common/lib/asm-3.2.jar:/opt/hadoop/2.6.0/share/hadoop/common/lib/jetty-6.1.26.jar:/opt/hadoop/2.6.0/share/hadoop/common/lib/commons-beanutils-core-1.8.0.jar:/opt/hadoop/2.6.0/share/hadoop/common/lib/mockito-all-1.8.5.jar:/opt/hadoop/2.6.0/share/hadoop/common/lib/commons-net-3.1.jar:/opt/hadoop/2.6.0/share/hadoop/common/lib/apacheds-i18n-2.0.0-M15.jar:/opt/hadoop/2.6.0/share/hadoop/common/lib/snappy-java-1.0.4.1.jar:/opt/hadoop/2.6.0/share/hadoop/common/lib/commons-logging-1.1.3.jar:/opt/hadoop/2.6.0/share/hadoop/common/lib/slf4j-log4j12-1.7.5.jar:/opt/hadoop/2.6.0/share/hadoop/common/lib/jsp-api-2.1.jar:/opt/hadoop/2.6.0/share/hadoop/common/lib/protobuf-java-2.5.0.jar:/opt/hadoop/2.6.0/share/hadoop/common/lib/activation-1.1.jar:/opt/hadoop/2.6.0/share/hadoop/common/lib/commons-digester-1.8.jar:/opt/hadoop/2.6.0/share/hadoop/common/lib/jersey-json-1.9.jar:/opt/hadoop/2.6.0/share/hadoop/common/lib/jackson-mapper-asl-1.9.13.jar:/opt/hadoop/2.6.0/share/hadoop/common/lib/jasper-runtime-5.5.23.jar:/opt/hadoop/2.6.0/share/hadoop/common/lib/curator-recipes-2.6.0.jar:/opt/hadoop/2.6.0/share/hadoop/common/lib/jackson-jaxrs-1.9.13.jar:/opt/hadoop/2.6.0/share/hadoop/common/lib/api-asn1-api-1.0.0-M20.jar:/opt/hadoop/2.6.0/share/hadoop/common/lib/htrace-core-3.0.4.jar:/opt/hadoop/2.6.0/share/hadoop/common/lib/junit-4.11.jar:/opt/hadoop/2.6.0/share/hadoop/common/lib/curator-client-2.6.0.jar:/opt/hadoop/2.6.0/share/hadoop/common/lib/hamcrest-core-1.3.jar:/opt/hadoop/2.6.0/share/hadoop/common/lib/commons-compress-1.4.1.jar:/opt/hadoop/2.6.0/share/hadoop/common/lib/jsch-0.1.42.jar:/opt/hadoop/2.6.0/share/hadoop/common/lib/commons-cli-1.2.jar:/opt/hadoop/2.6.0/share/hadoop/common/lib/servlet-api-2.5.jar:/opt/hadoop/2.6.0/share/hadoop/common/lib/httpclient-4.2.5.jar:/opt/hadoop/2.6.0/share/hadoop/common/lib/commons-math3-3.1.1.jar:/opt/hadoop/2.6.0/share/hadoop/common/lib/jsr305-1.3.9.jar:/opt/hadoop/2.6.0/share/hadoop/common/lib/jettison-1.1.jar:/opt/hadoop/2.6.0/share/hadoop/common/lib/commons-httpclient-3.1.jar:/opt/hadoop/2.6.0/share/hadoop/common/lib/guava-11.0.2.jar:/opt/hadoop/2.6.0/share/hadoop/common/lib/gson-2.2.4.jar:/opt/hadoop/2.6.0/share/hadoop/common/lib/jackson-xc-1.9.13.jar:/opt/hadoop/2.6.0/share/hadoop/common/lib/httpcore-4.2.5.jar:/opt/hadoop/2.6.0/share/hadoop/common/lib/commons-codec-1.4.jar:/opt/hadoop/2.6.0/share/hadoop/common/lib/commons-configuration-1.6.jar:/opt/hadoop/2.6.0/share/hadoop/common/lib/jets3t-0.9.0.jar:/opt/hadoop/2.6.0/share/hadoop/common/hadoop-common-2.6.0-tests.jar:/opt/hadoop/2.6.0/share/hadoop/common/hadoop-common-2.6.0.jar:/opt/hadoop/2.6.0/share/hadoop/common/hadoop-nfs-2.6.0.jar:/opt/hadoop/2.6.0/share/hadoop/hdfs:/opt/hadoop/2.6.0/share/hadoop/hdfs/lib/jersey-core-1.9.jar:/opt/hadoop/2.6.0/share/hadoop/hdfs/lib/jersey-server-1.9.jar:/opt/hadoop/2.6.0/share/hadoop/hdfs/lib/xmlenc-0.52.jar:/opt/hadoop/2.6.0/share/hadoop/hdfs/lib/commons-lang-2.6.jar:/opt/hadoop/2.6.0/share/hadoop/hdfs/lib/jetty-util-6.1.26.jar:/opt/hadoop/2.6.0/share/hadoop/hdfs/lib/commons-io-2.4.jar:/opt/hadoop/2.6.0/share/hadoop/hdfs/lib/jackson-core-asl-1.9.13.jar:/opt/hadoop/2.6.0/share/hadoop/hdfs/lib/netty-3.6.2.Final.jar:/opt/hadoop/2.6.0/share/hadoop/hdfs/lib/xml-apis-1.3.04.jar:/opt/hadoop/2.6.0/share/hadoop/hdfs/lib/log4j-1.2.17.jar:/opt/hadoop/2.6.0/share/hadoop/hdfs/lib/commons-el-1.0.jar:/opt/hadoop/2.6.0/share/hadoop/hdfs/lib/commons-daemon-1.0.13.jar:/opt/hadoop/2.6.0/share/hadoop/hdfs/lib/asm-3.2.jar:/opt/hadoop/2.6.0/share/hadoop/hdfs/lib/jetty-6.1.26.jar:/opt/hadoop/2.6.0/share/hadoop/hdfs/lib/commons-logging-1.1.3.jar:/opt/hadoop/2.6.0/share/hadoop/hdfs/lib/jsp-api-2.1.jar:/opt/hadoop/2.6.0/share/hadoop/hdfs/lib/protobuf-java-2.5.0.jar:/opt/hadoop/2.6.0/share/hadoop/hdfs/lib/jackson-mapper-asl-1.9.13.jar:/opt/hadoop/2.6.0/share/hadoop/hdfs/lib/jasper-runtime-5.5.23.jar:/opt/hadoop/2.6.0/share/hadoop/hdfs/lib/htrace-core-3.0.4.jar:/opt/hadoop/2.6.0/share/hadoop/hdfs/lib/commons-cli-1.2.jar:/opt/hadoop/2.6.0/share/hadoop/hdfs/lib/xercesImpl-2.9.1.jar:/opt/hadoop/2.6.0/share/hadoop/hdfs/lib/servlet-api-2.5.jar:/opt/hadoop/2.6.0/share/hadoop/hdfs/lib/jsr305-1.3.9.jar:/opt/hadoop/2.6.0/share/hadoop/hdfs/lib/guava-11.0.2.jar:/opt/hadoop/2.6.0/share/hadoop/hdfs/lib/commons-codec-1.4.jar:/opt/hadoop/2.6.0/share/hadoop/hdfs/hadoop-hdfs-2.6.0-tests.jar:/opt/hadoop/2.6.0/share/hadoop/hdfs/hadoop-hdfs-nfs-2.6.0.jar:/opt/hadoop/2.6.0/share/hadoop/hdfs/hadoop-hdfs-2.6.0.jar:/opt/hadoop/2.6.0/share/hadoop/yarn/lib/jersey-core-1.9.jar:/opt/hadoop/2.6.0/share/hadoop/yarn/lib/jersey-guice-1.9.jar:/opt/hadoop/2.6.0/share/hadoop/yarn/lib/jersey-server-1.9.jar:/opt/hadoop/2.6.0/share/hadoop/yarn/lib/jaxb-api-2.2.2.jar:/opt/hadoop/2.6.0/share/hadoop/yarn/lib/commons-lang-2.6.jar:/opt/hadoop/2.6.0/share/hadoop/yarn/lib/stax-api-1.0-2.jar:/opt/hadoop/2.6.0/share/hadoop/yarn/lib/jetty-util-6.1.26.jar:/opt/hadoop/2.6.0/share/hadoop/yarn/lib/commons-io-2.4.jar:/opt/hadoop/2.6.0/share/hadoop/yarn/lib/jackson-core-asl-1.9.13.jar:/opt/hadoop/2.6.0/share/hadoop/yarn/lib/jersey-client-1.9.jar:/opt/hadoop/2.6.0/share/hadoop/yarn/lib/xz-1.0.jar:/opt/hadoop/2.6.0/share/hadoop/yarn/lib/netty-3.6.2.Final.jar:/opt/hadoop/2.6.0/share/hadoop/yarn/lib/log4j-1.2.17.jar:/opt/hadoop/2.6.0/share/hadoop/yarn/lib/jaxb-impl-2.2.3-1.jar:/opt/hadoop/2.6.0/share/hadoop/yarn/lib/zookeeper-3.4.6.jar:/opt/hadoop/2.6.0/share/hadoop/yarn/lib/commons-collections-3.2.1.jar:/opt/hadoop/2.6.0/share/hadoop/yarn/lib/asm-3.2.jar:/opt/hadoop/2.6.0/share/hadoop/yarn/lib/guice-3.0.jar:/opt/hadoop/2.6.0/share/hadoop/yarn/lib/jetty-6.1.26.jar:/opt/hadoop/2.6.0/share/hadoop/yarn/lib/guice-servlet-3.0.jar:/opt/hadoop/2.6.0/share/hadoop/yarn/lib/commons-logging-1.1.3.jar:/opt/hadoop/2.6.0/share/hadoop/yarn/lib/leveldbjni-all-1.8.jar:/opt/hadoop/2.6.0/share/hadoop/yarn/lib/protobuf-java-2.5.0.jar:/opt/hadoop/2.6.0/share/hadoop/yarn/lib/activation-1.1.jar:/opt/hadoop/2.6.0/share/hadoop/yarn/lib/jersey-json-1.9.jar:/opt/hadoop/2.6.0/share/hadoop/yarn/lib/jackson-mapper-asl-1.9.13.jar:/opt/hadoop/2.6.0/share/hadoop/yarn/lib/jackson-jaxrs-1.9.13.jar:/opt/hadoop/2.6.0/share/hadoop/yarn/lib/commons-compress-1.4.1.jar:/opt/hadoop/2.6.0/share/hadoop/yarn/lib/commons-cli-1.2.jar:/opt/hadoop/2.6.0/share/hadoop/yarn/lib/jline-0.9.94.jar:/opt/hadoop/2.6.0/share/hadoop/yarn/lib/servlet-api-2.5.jar:/opt/hadoop/2.6.0/share/hadoop/yarn/lib/javax.inject-1.jar:/opt/hadoop/2.6.0/share/hadoop/yarn/lib/jsr305-1.3.9.jar:/opt/hadoop/2.6.0/share/hadoop/yarn/lib/jettison-1.1.jar:/opt/hadoop/2.6.0/share/hadoop/yarn/lib/commons-httpclient-3.1.jar:/opt/hadoop/2.6.0/share/hadoop/yarn/lib/guava-11.0.2.jar:/opt/hadoop/2.6.0/share/hadoop/yarn/lib/jackson-xc-1.9.13.jar:/opt/hadoop/2.6.0/share/hadoop/yarn/lib/aopalliance-1.0.jar:/opt/hadoop/2.6.0/share/hadoop/yarn/lib/commons-codec-1.4.jar:/opt/hadoop/2.6.0/share/hadoop/yarn/hadoop-yarn-server-applicationhistoryservice-2.6.0.jar:/opt/hadoop/2.6.0/share/hadoop/yarn/hadoop-yarn-common-2.6.0.jar:/opt/hadoop/2.6.0/share/hadoop/yarn/hadoop-yarn-server-resourcemanager-2.6.0.jar:/opt/hadoop/2.6.0/share/hadoop/yarn/hadoop-yarn-applications-unmanaged-am-launcher-2.6.0.jar:/opt/hadoop/2.6.0/share/hadoop/yarn/hadoop-yarn-server-tests-2.6.0.jar:/opt/hadoop/2.6.0/share/hadoop/yarn/hadoop-yarn-server-nodemanager-2.6.0.jar:/opt/hadoop/2.6.0/share/hadoop/yarn/hadoop-yarn-registry-2.6.0.jar:/opt/hadoop/2.6.0/share/hadoop/yarn/hadoop-yarn-api-2.6.0.jar:/opt/hadoop/2.6.0/share/hadoop/yarn/hadoop-yarn-server-web-proxy-2.6.0.jar:/opt/hadoop/2.6.0/share/hadoop/yarn/hadoop-yarn-client-2.6.0.jar:/opt/hadoop/2.6.0/share/hadoop/yarn/hadoop-yarn-applications-distributedshell-2.6.0.jar:/opt/hadoop/2.6.0/share/hadoop/yarn/hadoop-yarn-server-common-2.6.0.jar:/opt/hadoop/2.6.0/share/hadoop/mapreduce/lib/jersey-core-1.9.jar:/opt/hadoop/2.6.0/share/hadoop/mapreduce/lib/jersey-guice-1.9.jar:/opt/hadoop/2.6.0/share/hadoop/mapreduce/lib/jersey-server-1.9.jar:/opt/hadoop/2.6.0/share/hadoop/mapreduce/lib/paranamer-2.3.jar:/opt/hadoop/2.6.0/share/hadoop/mapreduce/lib/commons-io-2.4.jar:/opt/hadoop/2.6.0/share/hadoop/mapreduce/lib/jackson-core-asl-1.9.13.jar:/opt/hadoop/2.6.0/share/hadoop/mapreduce/lib/xz-1.0.jar:/opt/hadoop/2.6.0/share/hadoop/mapreduce/lib/netty-3.6.2.Final.jar:/opt/hadoop/2.6.0/share/hadoop/mapreduce/lib/hadoop-annotations-2.6.0.jar:/opt/hadoop/2.6.0/share/hadoop/mapreduce/lib/log4j-1.2.17.jar:/opt/hadoop/2.6.0/share/hadoop/mapreduce/lib/avro-1.7.4.jar:/opt/hadoop/2.6.0/share/hadoop/mapreduce/lib/asm-3.2.jar:/opt/hadoop/2.6.0/share/hadoop/mapreduce/lib/guice-3.0.jar:/opt/hadoop/2.6.0/share/hadoop/mapreduce/lib/guice-servlet-3.0.jar:/opt/hadoop/2.6.0/share/hadoop/mapreduce/lib/snappy-java-1.0.4.1.jar:/opt/hadoop/2.6.0/share/hadoop/mapreduce/lib/leveldbjni-all-1.8.jar:/opt/hadoop/2.6.0/share/hadoop/mapreduce/lib/protobuf-java-2.5.0.jar:/opt/hadoop/2.6.0/share/hadoop/mapreduce/lib/jackson-mapper-asl-1.9.13.jar:/opt/hadoop/2.6.0/share/hadoop/mapreduce/lib/junit-4.11.jar:/opt/hadoop/2.6.0/share/hadoop/mapreduce/lib/hamcrest-core-1.3.jar:/opt/hadoop/2.6.0/share/hadoop/mapreduce/lib/commons-compress-1.4.1.jar:/opt/hadoop/2.6.0/share/hadoop/mapreduce/lib/javax.inject-1.jar:/opt/hadoop/2.6.0/share/hadoop/mapreduce/lib/aopalliance-1.0.jar:/opt/hadoop/2.6.0/share/hadoop/mapreduce/hadoop-mapreduce-client-hs-plugins-2.6.0.jar:/opt/hadoop/2.6.0/share/hadoop/mapreduce/hadoop-mapreduce-client-common-2.6.0.jar:/opt/hadoop/2.6.0/share/hadoop/mapreduce/hadoop-mapreduce-client-hs-2.6.0.jar:/opt/hadoop/2.6.0/share/hadoop/mapreduce/hadoop-mapreduce-client-jobclient-2.6.0.jar:/opt/hadoop/2.6.0/share/hadoop/mapreduce/hadoop-mapreduce-examples-2.6.0.jar:/opt/hadoop/2.6.0/share/hadoop/mapreduce/hadoop-mapreduce-client-app-2.6.0.jar:/opt/hadoop/2.6.0/share/hadoop/mapreduce/hadoop-mapreduce-client-shuffle-2.6.0.jar:/opt/hadoop/2.6.0/share/hadoop/mapreduce/hadoop-mapreduce-client-jobclient-2.6.0-tests.jar:/opt/hadoop/2.6.0/share/hadoop/mapreduce/hadoop-mapreduce-client-core-2.6.0.jar:/opt/hadoop/2.6.0/contrib/capacity-scheduler/*.jar
STARTUP_MSG:   build = https://git-wip-us.apache.org/repos/asf/hadoop.git -r e3496499ecb8d220fba99dc5ed4c99c8f9e33bb1; compiled by 'jenkins' on 2014-11-13T21:10Z
STARTUP_MSG:   java = 1.8.0_212
************************************************************/
20/03/21 17:05:21 INFO namenode.NameNode: registered UNIX signal handlers for [TERM, HUP, INT]
20/03/21 17:05:21 INFO namenode.NameNode: createNameNode [-format]
20/03/21 17:05:22 WARN common.Util: Path /scratch/adp7372/32217546/namenode_data should be specified as a URI in configuration files. Please update hdfs configuration.
20/03/21 17:05:22 WARN common.Util: Path /scratch/adp7372/32217546/namenode_data should be specified as a URI in configuration files. Please update hdfs configuration.
Formatting using clusterid: CID-999a3a70-add6-4501-9e97-5c917bb6d6bf
20/03/21 17:05:22 INFO namenode.FSNamesystem: No KeyProvider found.
20/03/21 17:05:22 INFO namenode.FSNamesystem: fsLock is fair:true
20/03/21 17:05:22 INFO blockmanagement.DatanodeManager: dfs.block.invalidate.limit=1000
20/03/21 17:05:22 INFO blockmanagement.DatanodeManager: dfs.namenode.datanode.registration.ip-hostname-check=true
20/03/21 17:05:22 INFO blockmanagement.BlockManager: dfs.namenode.startup.delay.block.deletion.sec is set to 000:00:00:00.000
20/03/21 17:05:22 INFO blockmanagement.BlockManager: The block deletion will start around 2020 Mar 21 17:05:22
20/03/21 17:05:22 INFO util.GSet: Computing capacity for map BlocksMap
20/03/21 17:05:22 INFO util.GSet: VM type       = 64-bit
20/03/21 17:05:22 INFO util.GSet: 2.0% max memory 958.5 MB = 19.2 MB
20/03/21 17:05:22 INFO util.GSet: capacity      = 2^21 = 2097152 entries
20/03/21 17:05:22 INFO blockmanagement.BlockManager: dfs.block.access.token.enable=false
20/03/21 17:05:22 INFO blockmanagement.BlockManager: defaultReplication         = 3
20/03/21 17:05:22 INFO blockmanagement.BlockManager: maxReplication             = 512
20/03/21 17:05:22 INFO blockmanagement.BlockManager: minReplication             = 1
20/03/21 17:05:22 INFO blockmanagement.BlockManager: maxReplicationStreams      = 2
20/03/21 17:05:22 INFO blockmanagement.BlockManager: shouldCheckForEnoughRacks  = false
20/03/21 17:05:22 INFO blockmanagement.BlockManager: replicationRecheckInterval = 3000
20/03/21 17:05:22 INFO blockmanagement.BlockManager: encryptDataTransfer        = false
20/03/21 17:05:22 INFO blockmanagement.BlockManager: maxNumBlocksToLog          = 1000
20/03/21 17:05:22 INFO namenode.FSNamesystem: fsOwner             = adp7372 (auth:SIMPLE)
20/03/21 17:05:22 INFO namenode.FSNamesystem: supergroup          = supergroup
20/03/21 17:05:22 INFO namenode.FSNamesystem: isPermissionEnabled = true
20/03/21 17:05:22 INFO namenode.FSNamesystem: HA Enabled: false
20/03/21 17:05:22 INFO namenode.FSNamesystem: Append Enabled: true
20/03/21 17:05:22 INFO util.GSet: Computing capacity for map INodeMap
20/03/21 17:05:22 INFO util.GSet: VM type       = 64-bit
20/03/21 17:05:22 INFO util.GSet: 1.0% max memory 958.5 MB = 9.6 MB
20/03/21 17:05:22 INFO util.GSet: capacity      = 2^20 = 1048576 entries
20/03/21 17:05:22 INFO namenode.NameNode: Caching file names occuring more than 10 times
20/03/21 17:05:22 INFO util.GSet: Computing capacity for map cachedBlocks
20/03/21 17:05:22 INFO util.GSet: VM type       = 64-bit
20/03/21 17:05:22 INFO util.GSet: 0.25% max memory 958.5 MB = 2.4 MB
20/03/21 17:05:22 INFO util.GSet: capacity      = 2^18 = 262144 entries
20/03/21 17:05:22 INFO namenode.FSNamesystem: dfs.namenode.safemode.threshold-pct = 0.9990000128746033
20/03/21 17:05:22 INFO namenode.FSNamesystem: dfs.namenode.safemode.min.datanodes = 0
20/03/21 17:05:22 INFO namenode.FSNamesystem: dfs.namenode.safemode.extension     = 30000
20/03/21 17:05:22 INFO namenode.FSNamesystem: Retry cache on namenode is enabled
20/03/21 17:05:22 INFO namenode.FSNamesystem: Retry cache will use 0.03 of total heap and retry cache entry expiry time is 600000 millis
20/03/21 17:05:22 INFO util.GSet: Computing capacity for map NameNodeRetryCache
20/03/21 17:05:22 INFO util.GSet: VM type       = 64-bit
20/03/21 17:05:22 INFO util.GSet: 0.029999999329447746% max memory 958.5 MB = 294.5 KB
20/03/21 17:05:22 INFO util.GSet: capacity      = 2^15 = 32768 entries
20/03/21 17:05:22 INFO namenode.NNConf: ACLs enabled? false
20/03/21 17:05:22 INFO namenode.NNConf: XAttrs enabled? true
20/03/21 17:05:22 INFO namenode.NNConf: Maximum size of an xattr: 16384
20/03/21 17:05:22 INFO namenode.FSImage: Allocated new BlockPoolId: BP-67169956-198.202.114.116-1584835522414
20/03/21 17:05:22 INFO common.Storage: Storage directory /scratch/adp7372/32217546/namenode_data has been successfully formatted.
20/03/21 17:05:22 INFO namenode.NNStorageRetentionManager: Going to retain 1 images with txid >= 0
20/03/21 17:05:22 INFO util.ExitUtil: Exiting with status 0
20/03/21 17:05:22 INFO namenode.NameNode: SHUTDOWN_MSG: 
/************************************************************
SHUTDOWN_MSG: Shutting down NameNode at comet-06-46.sdsc.edu/198.202.114.116
************************************************************/
Starting namenodes on [comet-06-46.ibnet]
comet-06-46.ibnet: starting namenode, logging to /scratch/adp7372/32217546/logs/hadoop-adp7372-namenode-comet-06-46.sdsc.edu.out
comet-06-46.ibnet: starting datanode, logging to /scratch/adp7372/32217546/logs/hadoop-adp7372-datanode-comet-06-46.sdsc.edu.out
comet-06-49.ibnet: starting datanode, logging to /scratch/adp7372/32217546/logs/hadoop-adp7372-datanode-comet-06-49.sdsc.edu.out
Starting secondary namenodes [comet-06-46.ibnet]
comet-06-46.ibnet: starting secondarynamenode, logging to /scratch/adp7372/32217546/logs/hadoop-adp7372-secondarynamenode-comet-06-46.sdsc.edu.out
starting yarn daemons
starting resourcemanager, logging to /scratch/adp7372/32217546/logs/yarn-adp7372-resourcemanager-comet-06-46.out
comet-06-46.ibnet: starting nodemanager, logging to /scratch/adp7372/32217546/logs/yarn-adp7372-nodemanager-comet-06-46.sdsc.edu.out
comet-06-49.ibnet: starting nodemanager, logging to /scratch/adp7372/32217546/logs/yarn-adp7372-nodemanager-comet-06-49.sdsc.edu.out
20/03/21 17:05:47 INFO client.RMProxy: Connecting to ResourceManager at comet-06-46.ibnet/10.22.254.105:8032
20/03/21 17:05:47 WARN mapreduce.JobSubmitter: Hadoop command-line option parsing not performed. Implement the Tool interface and execute your application with ToolRunner to remedy this.
20/03/21 17:05:47 INFO input.FileInputFormat: Total input paths to process : 1
20/03/21 17:05:47 INFO mapreduce.JobSubmitter: number of splits:1
20/03/21 17:05:47 INFO mapreduce.JobSubmitter: Submitting tokens for job: job_1584835540517_0001
20/03/21 17:05:47 INFO impl.YarnClientImpl: Submitted application application_1584835540517_0001
20/03/21 17:05:47 INFO mapreduce.Job: The url to track the job: http://comet-06-46.ibnet:8088/proxy/application_1584835540517_0001/
20/03/21 17:05:47 INFO mapreduce.Job: Running job: job_1584835540517_0001
20/03/21 17:05:53 INFO mapreduce.Job: Job job_1584835540517_0001 running in uber mode : false
20/03/21 17:05:53 INFO mapreduce.Job:  map 0% reduce 0%
20/03/21 17:06:00 INFO mapreduce.Job:  map 100% reduce 0%
20/03/21 17:06:06 INFO mapreduce.Job:  map 100% reduce 100%
20/03/21 17:06:06 INFO mapreduce.Job: Job job_1584835540517_0001 completed successfully
20/03/21 17:06:06 INFO mapreduce.Job: Counters: 49
	File System Counters
		FILE: Number of bytes read=13051432
		FILE: Number of bytes written=26314339
		FILE: Number of read operations=0
		FILE: Number of large read operations=0
		FILE: Number of write operations=0
		HDFS: Number of bytes read=7660495
		HDFS: Number of bytes written=13738811
		HDFS: Number of read operations=6
		HDFS: Number of large read operations=0
		HDFS: Number of write operations=2
	Job Counters 
		Launched map tasks=1
		Launched reduce tasks=1
		Data-local map tasks=1
		Total time spent by all maps in occupied slots (ms)=5394
		Total time spent by all reduces in occupied slots (ms)=2717
		Total time spent by all map tasks (ms)=5394
		Total time spent by all reduce tasks (ms)=2717
		Total vcore-seconds taken by all map tasks=5394
		Total vcore-seconds taken by all reduce tasks=2717
		Total megabyte-seconds taken by all map tasks=5523456
		Total megabyte-seconds taken by all reduce tasks=2782208
	Map-Reduce Framework
		Map input records=100000
		Map output records=100000
		Map output bytes=12807104
		Map output materialized bytes=13051432
		Input split bytes=124
		Combine input records=0
		Combine output records=0
		Reduce input groups=100000
		Reduce shuffle bytes=13051432
		Reduce input records=100000
		Reduce output records=100000
		Spilled Records=200000
		Shuffled Maps =1
		Failed Shuffles=0
		Merged Map outputs=1
		GC time elapsed (ms)=186
		CPU time spent (ms)=8250
		Physical memory (bytes) snapshot=513368064
		Virtual memory (bytes) snapshot=4428783616
		Total committed heap usage (bytes)=352321536
	Shuffle Errors
		BAD_ID=0
		CONNECTION=0
		IO_ERROR=0
		WRONG_LENGTH=0
		WRONG_MAP=0
		WRONG_REDUCE=0
	File Input Format Counters 
		Bytes Read=7660371
	File Output Format Counters 
		Bytes Written=13738811
20/03/21 17:06:06 INFO client.RMProxy: Connecting to ResourceManager at comet-06-46.ibnet/10.22.254.105:8032
20/03/21 17:06:06 WARN mapreduce.JobSubmitter: Hadoop command-line option parsing not performed. Implement the Tool interface and execute your application with ToolRunner to remedy this.
20/03/21 17:06:06 INFO input.FileInputFormat: Total input paths to process : 1
20/03/21 17:06:06 INFO mapreduce.JobSubmitter: number of splits:1
20/03/21 17:06:06 INFO mapreduce.JobSubmitter: Submitting tokens for job: job_1584835540517_0002
20/03/21 17:06:06 INFO impl.YarnClientImpl: Submitted application application_1584835540517_0002
20/03/21 17:06:06 INFO mapreduce.Job: The url to track the job: http://comet-06-46.ibnet:8088/proxy/application_1584835540517_0002/
20/03/21 17:06:06 INFO mapreduce.Job: Running job: job_1584835540517_0002
20/03/21 17:06:11 INFO mapreduce.Job: Job job_1584835540517_0002 running in uber mode : false
20/03/21 17:06:11 INFO mapreduce.Job:  map 0% reduce 0%
20/03/21 17:06:17 INFO mapreduce.Job:  map 100% reduce 0%
20/03/21 17:06:23 INFO mapreduce.Job:  map 100% reduce 100%
20/03/21 17:06:23 INFO mapreduce.Job: Job job_1584835540517_0002 completed successfully
20/03/21 17:06:23 INFO mapreduce.Job: Counters: 49
	File System Counters
		FILE: Number of bytes read=53881624
		FILE: Number of bytes written=108396011
		FILE: Number of read operations=0
		FILE: Number of large read operations=0
		FILE: Number of write operations=0
		HDFS: Number of bytes read=13738948
		HDFS: Number of bytes written=13738811
		HDFS: Number of read operations=7
		HDFS: Number of large read operations=0
		HDFS: Number of write operations=2
	Job Counters 
		Launched map tasks=1
		Launched reduce tasks=1
		Data-local map tasks=1
		Total time spent by all maps in occupied slots (ms)=4351
		Total time spent by all reduces in occupied slots (ms)=3553
		Total time spent by all map tasks (ms)=4351
		Total time spent by all reduce tasks (ms)=3553
		Total vcore-seconds taken by all map tasks=4351
		Total vcore-seconds taken by all reduce tasks=3553
		Total megabyte-seconds taken by all map tasks=4455424
		Total megabyte-seconds taken by all reduce tasks=3638272
	Map-Reduce Framework
		Map input records=100000
		Map output records=1300888
		Map output bytes=51235520
		Map output materialized bytes=53881624
		Input split bytes=137
		Combine input records=0
		Combine output records=0
		Reduce input groups=100000
		Reduce shuffle bytes=53881624
		Reduce input records=1300888
		Reduce output records=100000
		Spilled Records=2601776
		Shuffled Maps =1
		Failed Shuffles=0
		Merged Map outputs=1
		GC time elapsed (ms)=105
		CPU time spent (ms)=7720
		Physical memory (bytes) snapshot=471011328
		Virtual memory (bytes) snapshot=4421779456
		Total committed heap usage (bytes)=341835776
	Shuffle Errors
		BAD_ID=0
		CONNECTION=0
		IO_ERROR=0
		WRONG_LENGTH=0
		WRONG_MAP=0
		WRONG_REDUCE=0
	File Input Format Counters 
		Bytes Read=13738811
	File Output Format Counters 
		Bytes Written=13738811
20/03/21 17:06:23 INFO client.RMProxy: Connecting to ResourceManager at comet-06-46.ibnet/10.22.254.105:8032
20/03/21 17:06:23 WARN mapreduce.JobSubmitter: Hadoop command-line option parsing not performed. Implement the Tool interface and execute your application with ToolRunner to remedy this.
20/03/21 17:06:23 INFO input.FileInputFormat: Total input paths to process : 1
20/03/21 17:06:23 INFO mapreduce.JobSubmitter: number of splits:1
20/03/21 17:06:23 INFO mapreduce.JobSubmitter: Submitting tokens for job: job_1584835540517_0003
20/03/21 17:06:23 INFO impl.YarnClientImpl: Submitted application application_1584835540517_0003
20/03/21 17:06:23 INFO mapreduce.Job: The url to track the job: http://comet-06-46.ibnet:8088/proxy/application_1584835540517_0003/
20/03/21 17:06:23 INFO mapreduce.Job: Running job: job_1584835540517_0003
20/03/21 17:06:27 INFO mapreduce.Job: Job job_1584835540517_0003 running in uber mode : false
20/03/21 17:06:27 INFO mapreduce.Job:  map 0% reduce 0%
20/03/21 17:06:34 INFO mapreduce.Job:  map 100% reduce 0%
20/03/21 17:06:40 INFO mapreduce.Job:  map 100% reduce 100%
20/03/21 17:06:40 INFO mapreduce.Job: Job job_1584835540517_0003 completed successfully
20/03/21 17:06:40 INFO mapreduce.Job: Counters: 49
	File System Counters
		FILE: Number of bytes read=53881624
		FILE: Number of bytes written=108396011
		FILE: Number of read operations=0
		FILE: Number of large read operations=0
		FILE: Number of write operations=0
		HDFS: Number of bytes read=13738948
		HDFS: Number of bytes written=13738811
		HDFS: Number of read operations=7
		HDFS: Number of large read operations=0
		HDFS: Number of write operations=2
	Job Counters 
		Launched map tasks=1
		Launched reduce tasks=1
		Data-local map tasks=1
		Total time spent by all maps in occupied slots (ms)=4410
		Total time spent by all reduces in occupied slots (ms)=3393
		Total time spent by all map tasks (ms)=4410
		Total time spent by all reduce tasks (ms)=3393
		Total vcore-seconds taken by all map tasks=4410
		Total vcore-seconds taken by all reduce tasks=3393
		Total megabyte-seconds taken by all map tasks=4515840
		Total megabyte-seconds taken by all reduce tasks=3474432
	Map-Reduce Framework
		Map input records=100000
		Map output records=1300888
		Map output bytes=51235520
		Map output materialized bytes=53881624
		Input split bytes=137
		Combine input records=0
		Combine output records=0
		Reduce input groups=100000
		Reduce shuffle bytes=53881624
		Reduce input records=1300888
		Reduce output records=100000
		Spilled Records=2601776
		Shuffled Maps =1
		Failed Shuffles=0
		Merged Map outputs=1
		GC time elapsed (ms)=116
		CPU time spent (ms)=8020
		Physical memory (bytes) snapshot=470708224
		Virtual memory (bytes) snapshot=4417605632
		Total committed heap usage (bytes)=342884352
	Shuffle Errors
		BAD_ID=0
		CONNECTION=0
		IO_ERROR=0
		WRONG_LENGTH=0
		WRONG_MAP=0
		WRONG_REDUCE=0
	File Input Format Counters 
		Bytes Read=13738811
	File Output Format Counters 
		Bytes Written=13738811
20/03/21 17:06:40 INFO client.RMProxy: Connecting to ResourceManager at comet-06-46.ibnet/10.22.254.105:8032
20/03/21 17:06:40 WARN mapreduce.JobSubmitter: Hadoop command-line option parsing not performed. Implement the Tool interface and execute your application with ToolRunner to remedy this.
20/03/21 17:06:40 INFO input.FileInputFormat: Total input paths to process : 1
20/03/21 17:06:40 INFO mapreduce.JobSubmitter: number of splits:1
20/03/21 17:06:40 INFO mapreduce.JobSubmitter: Submitting tokens for job: job_1584835540517_0004
20/03/21 17:06:40 INFO impl.YarnClientImpl: Submitted application application_1584835540517_0004
20/03/21 17:06:40 INFO mapreduce.Job: The url to track the job: http://comet-06-46.ibnet:8088/proxy/application_1584835540517_0004/
20/03/21 17:06:40 INFO mapreduce.Job: Running job: job_1584835540517_0004
20/03/21 17:06:44 INFO mapreduce.Job: Job job_1584835540517_0004 running in uber mode : false
20/03/21 17:06:44 INFO mapreduce.Job:  map 0% reduce 0%
20/03/21 17:06:50 INFO mapreduce.Job:  map 100% reduce 0%
20/03/21 17:06:57 INFO mapreduce.Job:  map 100% reduce 100%
20/03/21 17:06:57 INFO mapreduce.Job: Job job_1584835540517_0004 completed successfully
20/03/21 17:06:57 INFO mapreduce.Job: Counters: 49
	File System Counters
		FILE: Number of bytes read=53881624
		FILE: Number of bytes written=108396011
		FILE: Number of read operations=0
		FILE: Number of large read operations=0
		FILE: Number of write operations=0
		HDFS: Number of bytes read=13738948
		HDFS: Number of bytes written=13738811
		HDFS: Number of read operations=7
		HDFS: Number of large read operations=0
		HDFS: Number of write operations=2
	Job Counters 
		Launched map tasks=1
		Launched reduce tasks=1
		Data-local map tasks=1
		Total time spent by all maps in occupied slots (ms)=4336
		Total time spent by all reduces in occupied slots (ms)=3460
		Total time spent by all map tasks (ms)=4336
		Total time spent by all reduce tasks (ms)=3460
		Total vcore-seconds taken by all map tasks=4336
		Total vcore-seconds taken by all reduce tasks=3460
		Total megabyte-seconds taken by all map tasks=4440064
		Total megabyte-seconds taken by all reduce tasks=3543040
	Map-Reduce Framework
		Map input records=100000
		Map output records=1300888
		Map output bytes=51235520
		Map output materialized bytes=53881624
		Input split bytes=137
		Combine input records=0
		Combine output records=0
		Reduce input groups=100000
		Reduce shuffle bytes=53881624
		Reduce input records=1300888
		Reduce output records=100000
		Spilled Records=2601776
		Shuffled Maps =1
		Failed Shuffles=0
		Merged Map outputs=1
		GC time elapsed (ms)=121
		CPU time spent (ms)=7820
		Physical memory (bytes) snapshot=467234816
		Virtual memory (bytes) snapshot=4422152192
		Total committed heap usage (bytes)=341311488
	Shuffle Errors
		BAD_ID=0
		CONNECTION=0
		IO_ERROR=0
		WRONG_LENGTH=0
		WRONG_MAP=0
		WRONG_REDUCE=0
	File Input Format Counters 
		Bytes Read=13738811
	File Output Format Counters 
		Bytes Written=13738811
20/03/21 17:06:57 INFO client.RMProxy: Connecting to ResourceManager at comet-06-46.ibnet/10.22.254.105:8032
20/03/21 17:06:57 WARN mapreduce.JobSubmitter: Hadoop command-line option parsing not performed. Implement the Tool interface and execute your application with ToolRunner to remedy this.
20/03/21 17:06:57 INFO input.FileInputFormat: Total input paths to process : 1
20/03/21 17:06:57 INFO mapreduce.JobSubmitter: number of splits:1
20/03/21 17:06:57 INFO mapreduce.JobSubmitter: Submitting tokens for job: job_1584835540517_0005
20/03/21 17:06:57 INFO impl.YarnClientImpl: Submitted application application_1584835540517_0005
20/03/21 17:06:57 INFO mapreduce.Job: The url to track the job: http://comet-06-46.ibnet:8088/proxy/application_1584835540517_0005/
20/03/21 17:06:57 INFO mapreduce.Job: Running job: job_1584835540517_0005
20/03/21 17:07:01 INFO mapreduce.Job: Job job_1584835540517_0005 running in uber mode : false
20/03/21 17:07:01 INFO mapreduce.Job:  map 0% reduce 0%
20/03/21 17:07:09 INFO mapreduce.Job:  map 100% reduce 0%
20/03/21 17:07:15 INFO mapreduce.Job:  map 100% reduce 100%
20/03/21 17:07:15 INFO mapreduce.Job: Job job_1584835540517_0005 completed successfully
20/03/21 17:07:15 INFO mapreduce.Job: Counters: 49
	File System Counters
		FILE: Number of bytes read=53881624
		FILE: Number of bytes written=108396011
		FILE: Number of read operations=0
		FILE: Number of large read operations=0
		FILE: Number of write operations=0
		HDFS: Number of bytes read=13738948
		HDFS: Number of bytes written=13738811
		HDFS: Number of read operations=7
		HDFS: Number of large read operations=0
		HDFS: Number of write operations=2
	Job Counters 
		Launched map tasks=1
		Launched reduce tasks=1
		Data-local map tasks=1
		Total time spent by all maps in occupied slots (ms)=4366
		Total time spent by all reduces in occupied slots (ms)=3469
		Total time spent by all map tasks (ms)=4366
		Total time spent by all reduce tasks (ms)=3469
		Total vcore-seconds taken by all map tasks=4366
		Total vcore-seconds taken by all reduce tasks=3469
		Total megabyte-seconds taken by all map tasks=4470784
		Total megabyte-seconds taken by all reduce tasks=3552256
	Map-Reduce Framework
		Map input records=100000
		Map output records=1300888
		Map output bytes=51235520
		Map output materialized bytes=53881624
		Input split bytes=137
		Combine input records=0
		Combine output records=0
		Reduce input groups=100000
		Reduce shuffle bytes=53881624
		Reduce input records=1300888
		Reduce output records=100000
		Spilled Records=2601776
		Shuffled Maps =1
		Failed Shuffles=0
		Merged Map outputs=1
		GC time elapsed (ms)=96
		CPU time spent (ms)=7640
		Physical memory (bytes) snapshot=474800128
		Virtual memory (bytes) snapshot=4426174464
		Total committed heap usage (bytes)=343408640
	Shuffle Errors
		BAD_ID=0
		CONNECTION=0
		IO_ERROR=0
		WRONG_LENGTH=0
		WRONG_MAP=0
		WRONG_REDUCE=0
	File Input Format Counters 
		Bytes Read=13738811
	File Output Format Counters 
		Bytes Written=13738811
20/03/21 17:07:15 INFO client.RMProxy: Connecting to ResourceManager at comet-06-46.ibnet/10.22.254.105:8032
20/03/21 17:07:15 WARN mapreduce.JobSubmitter: Hadoop command-line option parsing not performed. Implement the Tool interface and execute your application with ToolRunner to remedy this.
20/03/21 17:07:15 INFO input.FileInputFormat: Total input paths to process : 1
20/03/21 17:07:15 INFO mapreduce.JobSubmitter: number of splits:1
20/03/21 17:07:15 INFO mapreduce.JobSubmitter: Submitting tokens for job: job_1584835540517_0006
20/03/21 17:07:15 INFO impl.YarnClientImpl: Submitted application application_1584835540517_0006
20/03/21 17:07:15 INFO mapreduce.Job: The url to track the job: http://comet-06-46.ibnet:8088/proxy/application_1584835540517_0006/
20/03/21 17:07:15 INFO mapreduce.Job: Running job: job_1584835540517_0006
20/03/21 17:07:19 INFO mapreduce.Job: Job job_1584835540517_0006 running in uber mode : false
20/03/21 17:07:19 INFO mapreduce.Job:  map 0% reduce 0%
20/03/21 17:07:25 INFO mapreduce.Job:  map 100% reduce 0%
20/03/21 17:07:31 INFO mapreduce.Job:  map 100% reduce 100%
20/03/21 17:07:31 INFO mapreduce.Job: Job job_1584835540517_0006 completed successfully
20/03/21 17:07:31 INFO mapreduce.Job: Counters: 49
	File System Counters
		FILE: Number of bytes read=53881624
		FILE: Number of bytes written=108396011
		FILE: Number of read operations=0
		FILE: Number of large read operations=0
		FILE: Number of write operations=0
		HDFS: Number of bytes read=13738948
		HDFS: Number of bytes written=13738811
		HDFS: Number of read operations=7
		HDFS: Number of large read operations=0
		HDFS: Number of write operations=2
	Job Counters 
		Launched map tasks=1
		Launched reduce tasks=1
		Data-local map tasks=1
		Total time spent by all maps in occupied slots (ms)=4377
		Total time spent by all reduces in occupied slots (ms)=3495
		Total time spent by all map tasks (ms)=4377
		Total time spent by all reduce tasks (ms)=3495
		Total vcore-seconds taken by all map tasks=4377
		Total vcore-seconds taken by all reduce tasks=3495
		Total megabyte-seconds taken by all map tasks=4482048
		Total megabyte-seconds taken by all reduce tasks=3578880
	Map-Reduce Framework
		Map input records=100000
		Map output records=1300888
		Map output bytes=51235520
		Map output materialized bytes=53881624
		Input split bytes=137
		Combine input records=0
		Combine output records=0
		Reduce input groups=100000
		Reduce shuffle bytes=53881624
		Reduce input records=1300888
		Reduce output records=100000
		Spilled Records=2601776
		Shuffled Maps =1
		Failed Shuffles=0
		Merged Map outputs=1
		GC time elapsed (ms)=101
		CPU time spent (ms)=7660
		Physical memory (bytes) snapshot=481873920
		Virtual memory (bytes) snapshot=4432490496
		Total committed heap usage (bytes)=339738624
	Shuffle Errors
		BAD_ID=0
		CONNECTION=0
		IO_ERROR=0
		WRONG_LENGTH=0
		WRONG_MAP=0
		WRONG_REDUCE=0
	File Input Format Counters 
		Bytes Read=13738811
	File Output Format Counters 
		Bytes Written=13738811
20/03/21 17:07:31 INFO client.RMProxy: Connecting to ResourceManager at comet-06-46.ibnet/10.22.254.105:8032
20/03/21 17:07:31 WARN mapreduce.JobSubmitter: Hadoop command-line option parsing not performed. Implement the Tool interface and execute your application with ToolRunner to remedy this.
20/03/21 17:07:31 INFO input.FileInputFormat: Total input paths to process : 1
20/03/21 17:07:31 INFO mapreduce.JobSubmitter: number of splits:1
20/03/21 17:07:31 INFO mapreduce.JobSubmitter: Submitting tokens for job: job_1584835540517_0007
20/03/21 17:07:31 INFO impl.YarnClientImpl: Submitted application application_1584835540517_0007
20/03/21 17:07:31 INFO mapreduce.Job: The url to track the job: http://comet-06-46.ibnet:8088/proxy/application_1584835540517_0007/
20/03/21 17:07:31 INFO mapreduce.Job: Running job: job_1584835540517_0007
20/03/21 17:07:36 INFO mapreduce.Job: Job job_1584835540517_0007 running in uber mode : false
20/03/21 17:07:36 INFO mapreduce.Job:  map 0% reduce 0%
20/03/21 17:07:40 INFO mapreduce.Job:  map 100% reduce 0%
20/03/21 17:07:44 INFO mapreduce.Job:  map 100% reduce 100%
20/03/21 17:07:45 INFO mapreduce.Job: Job job_1584835540517_0007 completed successfully
20/03/21 17:07:45 INFO mapreduce.Job: Counters: 49
	File System Counters
		FILE: Number of bytes read=1800006
		FILE: Number of bytes written=3811907
		FILE: Number of read operations=0
		FILE: Number of large read operations=0
		FILE: Number of write operations=0
		HDFS: Number of bytes read=13738948
		HDFS: Number of bytes written=64
		HDFS: Number of read operations=7
		HDFS: Number of large read operations=0
		HDFS: Number of write operations=2
	Job Counters 
		Launched map tasks=1
		Launched reduce tasks=1
		Data-local map tasks=1
		Total time spent by all maps in occupied slots (ms)=2025
		Total time spent by all reduces in occupied slots (ms)=1845
		Total time spent by all map tasks (ms)=2025
		Total time spent by all reduce tasks (ms)=1845
		Total vcore-seconds taken by all map tasks=2025
		Total vcore-seconds taken by all reduce tasks=1845
		Total megabyte-seconds taken by all map tasks=2073600
		Total megabyte-seconds taken by all reduce tasks=1889280
	Map-Reduce Framework
		Map input records=100000
		Map output records=100000
		Map output bytes=1600000
		Map output materialized bytes=1800006
		Input split bytes=137
		Combine input records=0
		Combine output records=0
		Reduce input groups=12
		Reduce shuffle bytes=1800006
		Reduce input records=100000
		Reduce output records=12
		Spilled Records=200000
		Shuffled Maps =1
		Failed Shuffles=0
		Merged Map outputs=1
		GC time elapsed (ms)=87
		CPU time spent (ms)=3160
		Physical memory (bytes) snapshot=471183360
		Virtual memory (bytes) snapshot=4418744320
		Total committed heap usage (bytes)=344457216
	Shuffle Errors
		BAD_ID=0
		CONNECTION=0
		IO_ERROR=0
		WRONG_LENGTH=0
		WRONG_MAP=0
		WRONG_REDUCE=0
	File Input Format Counters 
		Bytes Read=13738811
	File Output Format Counters 
		Bytes Written=64
stopping yarn daemons
stopping resourcemanager
comet-06-46.ibnet: stopping nodemanager
comet-06-46.ibnet: nodemanager did not stop gracefully after 5 seconds: killing with kill -9
comet-06-49.ibnet: stopping nodemanager
comet-06-49.ibnet: nodemanager did not stop gracefully after 5 seconds: killing with kill -9
no proxyserver to stop
Stopping namenodes on [comet-06-46.ibnet]
comet-06-46.ibnet: stopping namenode
comet-06-46.ibnet: stopping datanode
comet-06-49.ibnet: stopping datanode
Stopping secondary namenodes [comet-06-46.ibnet]
comet-06-46.ibnet: stopping secondarynamenode
Copying Hadoop logs back to /home/adp7372/cometcluster/logs...
‘/scratch/adp7372/32217546/logs’ -> ‘/home/adp7372/cometcluster/logs’
‘/scratch/adp7372/32217546/logs/hadoop-adp7372-datanode-comet-06-46.sdsc.edu.log’ -> ‘/home/adp7372/cometcluster/logs/hadoop-adp7372-datanode-comet-06-46.sdsc.edu.log’
‘/scratch/adp7372/32217546/logs/yarn-adp7372-resourcemanager-comet-06-46.out’ -> ‘/home/adp7372/cometcluster/logs/yarn-adp7372-resourcemanager-comet-06-46.out’
‘/scratch/adp7372/32217546/logs/hadoop-adp7372-secondarynamenode-comet-06-46.sdsc.edu.log’ -> ‘/home/adp7372/cometcluster/logs/hadoop-adp7372-secondarynamenode-comet-06-46.sdsc.edu.log’
‘/scratch/adp7372/32217546/logs/yarn-adp7372-nodemanager-comet-06-46.sdsc.edu.out’ -> ‘/home/adp7372/cometcluster/logs/yarn-adp7372-nodemanager-comet-06-46.sdsc.edu.out’
‘/scratch/adp7372/32217546/logs/hadoop-adp7372-namenode-comet-06-46.sdsc.edu.log’ -> ‘/home/adp7372/cometcluster/logs/hadoop-adp7372-namenode-comet-06-46.sdsc.edu.log’
‘/scratch/adp7372/32217546/logs/SecurityAuth-adp7372.audit’ -> ‘/home/adp7372/cometcluster/logs/SecurityAuth-adp7372.audit’
‘/scratch/adp7372/32217546/logs/yarn-adp7372-nodemanager-comet-06-46.sdsc.edu.log’ -> ‘/home/adp7372/cometcluster/logs/yarn-adp7372-nodemanager-comet-06-46.sdsc.edu.log’
‘/scratch/adp7372/32217546/logs/hadoop-adp7372-namenode-comet-06-46.sdsc.edu.out’ -> ‘/home/adp7372/cometcluster/logs/hadoop-adp7372-namenode-comet-06-46.sdsc.edu.out’
‘/scratch/adp7372/32217546/logs/yarn-adp7372-resourcemanager-comet-06-46.log’ -> ‘/home/adp7372/cometcluster/logs/yarn-adp7372-resourcemanager-comet-06-46.log’
‘/scratch/adp7372/32217546/logs/hadoop-adp7372-secondarynamenode-comet-06-46.sdsc.edu.out’ -> ‘/home/adp7372/cometcluster/logs/hadoop-adp7372-secondarynamenode-comet-06-46.sdsc.edu.out’
‘/scratch/adp7372/32217546/logs/hadoop-adp7372-datanode-comet-06-46.sdsc.edu.out’ -> ‘/home/adp7372/cometcluster/logs/hadoop-adp7372-datanode-comet-06-46.sdsc.edu.out’
‘/scratch/adp7372/32217546/logs/userlogs’ -> ‘/home/adp7372/cometcluster/logs/userlogs’
‘/scratch/adp7372/32217546/logs/userlogs/application_1584835540517_0005’ -> ‘/home/adp7372/cometcluster/logs/userlogs/application_1584835540517_0005’
‘/scratch/adp7372/32217546/logs/userlogs/application_1584835540517_0005/container_1584835540517_0005_01_000001’ -> ‘/home/adp7372/cometcluster/logs/userlogs/application_1584835540517_0005/container_1584835540517_0005_01_000001’
‘/scratch/adp7372/32217546/logs/userlogs/application_1584835540517_0005/container_1584835540517_0005_01_000001/stderr’ -> ‘/home/adp7372/cometcluster/logs/userlogs/application_1584835540517_0005/container_1584835540517_0005_01_000001/stderr’
‘/scratch/adp7372/32217546/logs/userlogs/application_1584835540517_0005/container_1584835540517_0005_01_000001/syslog’ -> ‘/home/adp7372/cometcluster/logs/userlogs/application_1584835540517_0005/container_1584835540517_0005_01_000001/syslog’
‘/scratch/adp7372/32217546/logs/userlogs/application_1584835540517_0005/container_1584835540517_0005_01_000001/stdout’ -> ‘/home/adp7372/cometcluster/logs/userlogs/application_1584835540517_0005/container_1584835540517_0005_01_000001/stdout’
‘/scratch/adp7372/32217546/logs/userlogs/application_1584835540517_0001’ -> ‘/home/adp7372/cometcluster/logs/userlogs/application_1584835540517_0001’
‘/scratch/adp7372/32217546/logs/userlogs/application_1584835540517_0001/container_1584835540517_0001_01_000002’ -> ‘/home/adp7372/cometcluster/logs/userlogs/application_1584835540517_0001/container_1584835540517_0001_01_000002’
‘/scratch/adp7372/32217546/logs/userlogs/application_1584835540517_0001/container_1584835540517_0001_01_000002/stderr’ -> ‘/home/adp7372/cometcluster/logs/userlogs/application_1584835540517_0001/container_1584835540517_0001_01_000002/stderr’
‘/scratch/adp7372/32217546/logs/userlogs/application_1584835540517_0001/container_1584835540517_0001_01_000002/stdout’ -> ‘/home/adp7372/cometcluster/logs/userlogs/application_1584835540517_0001/container_1584835540517_0001_01_000002/stdout’
‘/scratch/adp7372/32217546/logs/userlogs/application_1584835540517_0001/container_1584835540517_0001_01_000002/syslog’ -> ‘/home/adp7372/cometcluster/logs/userlogs/application_1584835540517_0001/container_1584835540517_0001_01_000002/syslog’
‘/scratch/adp7372/32217546/logs/userlogs/application_1584835540517_0001/container_1584835540517_0001_01_000003’ -> ‘/home/adp7372/cometcluster/logs/userlogs/application_1584835540517_0001/container_1584835540517_0001_01_000003’
‘/scratch/adp7372/32217546/logs/userlogs/application_1584835540517_0001/container_1584835540517_0001_01_000003/stderr’ -> ‘/home/adp7372/cometcluster/logs/userlogs/application_1584835540517_0001/container_1584835540517_0001_01_000003/stderr’
‘/scratch/adp7372/32217546/logs/userlogs/application_1584835540517_0001/container_1584835540517_0001_01_000003/syslog’ -> ‘/home/adp7372/cometcluster/logs/userlogs/application_1584835540517_0001/container_1584835540517_0001_01_000003/syslog’
‘/scratch/adp7372/32217546/logs/userlogs/application_1584835540517_0001/container_1584835540517_0001_01_000003/stdout’ -> ‘/home/adp7372/cometcluster/logs/userlogs/application_1584835540517_0001/container_1584835540517_0001_01_000003/stdout’
removed directory: ‘/scratch/adp7372/32217546/mapred_scratch/filecache’
removed directory: ‘/scratch/adp7372/32217546/mapred_scratch/nmPrivate’
removed directory: ‘/scratch/adp7372/32217546/mapred_scratch/usercache/adp7372/filecache’
removed directory: ‘/scratch/adp7372/32217546/mapred_scratch/usercache/adp7372/appcache’
removed directory: ‘/scratch/adp7372/32217546/mapred_scratch/usercache/adp7372’
removed directory: ‘/scratch/adp7372/32217546/mapred_scratch/usercache’
removed directory: ‘/scratch/adp7372/32217546/mapred_scratch’
removed ‘/scratch/adp7372/32217546/tmp/dfs/namesecondary/current/edits_0000000000000000001-0000000000000000222’
removed ‘/scratch/adp7372/32217546/tmp/dfs/namesecondary/current/fsimage_0000000000000000222’
removed ‘/scratch/adp7372/32217546/tmp/dfs/namesecondary/current/fsimage_0000000000000000000’
removed ‘/scratch/adp7372/32217546/tmp/dfs/namesecondary/current/fsimage_0000000000000000222.md5’
removed ‘/scratch/adp7372/32217546/tmp/dfs/namesecondary/current/VERSION’
removed ‘/scratch/adp7372/32217546/tmp/dfs/namesecondary/current/fsimage_0000000000000000000.md5’
removed directory: ‘/scratch/adp7372/32217546/tmp/dfs/namesecondary/current’
removed directory: ‘/scratch/adp7372/32217546/tmp/dfs/namesecondary’
removed directory: ‘/scratch/adp7372/32217546/tmp/dfs’
removed directory: ‘/scratch/adp7372/32217546/tmp’
removed ‘/scratch/adp7372/32217546/namenode_data/current/fsimage_0000000000000000000.md5’
removed ‘/scratch/adp7372/32217546/namenode_data/current/VERSION’
removed ‘/scratch/adp7372/32217546/namenode_data/current/fsimage_0000000000000000222.md5’
removed ‘/scratch/adp7372/32217546/namenode_data/current/edits_0000000000000000001-0000000000000000222’
removed ‘/scratch/adp7372/32217546/namenode_data/current/fsimage_0000000000000000000’
removed ‘/scratch/adp7372/32217546/namenode_data/current/seen_txid’
removed ‘/scratch/adp7372/32217546/namenode_data/current/fsimage_0000000000000000222’
removed ‘/scratch/adp7372/32217546/namenode_data/current/edits_inprogress_0000000000000000223’
removed directory: ‘/scratch/adp7372/32217546/namenode_data/current’
removed directory: ‘/scratch/adp7372/32217546/namenode_data’
removed ‘/scratch/adp7372/32217546/hdfs_data/current/VERSION’
removed ‘/scratch/adp7372/32217546/hdfs_data/current/BP-67169956-198.202.114.116-1584835522414/dncp_block_verification.log.curr’
removed directory: ‘/scratch/adp7372/32217546/hdfs_data/current/BP-67169956-198.202.114.116-1584835522414/tmp’
removed ‘/scratch/adp7372/32217546/hdfs_data/current/BP-67169956-198.202.114.116-1584835522414/dncp_block_verification.log.prev’
removed directory: ‘/scratch/adp7372/32217546/hdfs_data/current/BP-67169956-198.202.114.116-1584835522414/current/rbw’
removed ‘/scratch/adp7372/32217546/hdfs_data/current/BP-67169956-198.202.114.116-1584835522414/current/VERSION’
removed ‘/scratch/adp7372/32217546/hdfs_data/current/BP-67169956-198.202.114.116-1584835522414/current/finalized/subdir0/subdir0/blk_1073741843’
removed ‘/scratch/adp7372/32217546/hdfs_data/current/BP-67169956-198.202.114.116-1584835522414/current/finalized/subdir0/subdir0/blk_1073741834’
removed ‘/scratch/adp7372/32217546/hdfs_data/current/BP-67169956-198.202.114.116-1584835522414/current/finalized/subdir0/subdir0/blk_1073741854_1030.meta’
removed ‘/scratch/adp7372/32217546/hdfs_data/current/BP-67169956-198.202.114.116-1584835522414/current/finalized/subdir0/subdir0/blk_1073741885_1061.meta’
removed ‘/scratch/adp7372/32217546/hdfs_data/current/BP-67169956-198.202.114.116-1584835522414/current/finalized/subdir0/subdir0/blk_1073741895’
removed ‘/scratch/adp7372/32217546/hdfs_data/current/BP-67169956-198.202.114.116-1584835522414/current/finalized/subdir0/subdir0/blk_1073741882_1058.meta’
removed ‘/scratch/adp7372/32217546/hdfs_data/current/BP-67169956-198.202.114.116-1584835522414/current/finalized/subdir0/subdir0/blk_1073741862’
removed ‘/scratch/adp7372/32217546/hdfs_data/current/BP-67169956-198.202.114.116-1584835522414/current/finalized/subdir0/subdir0/blk_1073741865_1041.meta’
removed ‘/scratch/adp7372/32217546/hdfs_data/current/BP-67169956-198.202.114.116-1584835522414/current/finalized/subdir0/subdir0/blk_1073741865’
removed ‘/scratch/adp7372/32217546/hdfs_data/current/BP-67169956-198.202.114.116-1584835522414/current/finalized/subdir0/subdir0/blk_1073741892’
removed ‘/scratch/adp7372/32217546/hdfs_data/current/BP-67169956-198.202.114.116-1584835522414/current/finalized/subdir0/subdir0/blk_1073741833’
removed ‘/scratch/adp7372/32217546/hdfs_data/current/BP-67169956-198.202.114.116-1584835522414/current/finalized/subdir0/subdir0/blk_1073741844’
removed ‘/scratch/adp7372/32217546/hdfs_data/current/BP-67169956-198.202.114.116-1584835522414/current/finalized/subdir0/subdir0/blk_1073741852_1028.meta’
removed ‘/scratch/adp7372/32217546/hdfs_data/current/BP-67169956-198.202.114.116-1584835522414/current/finalized/subdir0/subdir0/blk_1073741825_1001.meta’
removed ‘/scratch/adp7372/32217546/hdfs_data/current/BP-67169956-198.202.114.116-1584835522414/current/finalized/subdir0/subdir0/blk_1073741864_1040.meta’
removed ‘/scratch/adp7372/32217546/hdfs_data/current/BP-67169956-198.202.114.116-1584835522414/current/finalized/subdir0/subdir0/blk_1073741872’
removed ‘/scratch/adp7372/32217546/hdfs_data/current/BP-67169956-198.202.114.116-1584835522414/current/finalized/subdir0/subdir0/blk_1073741853’
removed ‘/scratch/adp7372/32217546/hdfs_data/current/BP-67169956-198.202.114.116-1584835522414/current/finalized/subdir0/subdir0/blk_1073741853_1029.meta’
removed ‘/scratch/adp7372/32217546/hdfs_data/current/BP-67169956-198.202.114.116-1584835522414/current/finalized/subdir0/subdir0/blk_1073741885’
removed ‘/scratch/adp7372/32217546/hdfs_data/current/BP-67169956-198.202.114.116-1584835522414/current/finalized/subdir0/subdir0/blk_1073741882’
removed ‘/scratch/adp7372/32217546/hdfs_data/current/BP-67169956-198.202.114.116-1584835522414/current/finalized/subdir0/subdir0/blk_1073741854’
removed ‘/scratch/adp7372/32217546/hdfs_data/current/BP-67169956-198.202.114.116-1584835522414/current/finalized/subdir0/subdir0/blk_1073741855_1031.meta’
removed ‘/scratch/adp7372/32217546/hdfs_data/current/BP-67169956-198.202.114.116-1584835522414/current/finalized/subdir0/subdir0/blk_1073741884_1060.meta’
removed ‘/scratch/adp7372/32217546/hdfs_data/current/BP-67169956-198.202.114.116-1584835522414/current/finalized/subdir0/subdir0/blk_1073741875’
removed ‘/scratch/adp7372/32217546/hdfs_data/current/BP-67169956-198.202.114.116-1584835522414/current/finalized/subdir0/subdir0/blk_1073741883_1059.meta’
removed ‘/scratch/adp7372/32217546/hdfs_data/current/BP-67169956-198.202.114.116-1584835522414/current/finalized/subdir0/subdir0/blk_1073741893’
removed ‘/scratch/adp7372/32217546/hdfs_data/current/BP-67169956-198.202.114.116-1584835522414/current/finalized/subdir0/subdir0/blk_1073741874_1050.meta’
removed ‘/scratch/adp7372/32217546/hdfs_data/current/BP-67169956-198.202.114.116-1584835522414/current/finalized/subdir0/subdir0/blk_1073741845’
removed ‘/scratch/adp7372/32217546/hdfs_data/current/BP-67169956-198.202.114.116-1584835522414/current/finalized/subdir0/subdir0/blk_1073741832’
removed ‘/scratch/adp7372/32217546/hdfs_data/current/BP-67169956-198.202.114.116-1584835522414/current/finalized/subdir0/subdir0/blk_1073741864’
removed ‘/scratch/adp7372/32217546/hdfs_data/current/BP-67169956-198.202.114.116-1584835522414/current/finalized/subdir0/subdir0/blk_1073741834_1010.meta’
removed ‘/scratch/adp7372/32217546/hdfs_data/current/BP-67169956-198.202.114.116-1584835522414/current/finalized/subdir0/subdir0/blk_1073741892_1068.meta’
removed ‘/scratch/adp7372/32217546/hdfs_data/current/BP-67169956-198.202.114.116-1584835522414/current/finalized/subdir0/subdir0/blk_1073741894_1070.meta’
removed ‘/scratch/adp7372/32217546/hdfs_data/current/BP-67169956-198.202.114.116-1584835522414/current/finalized/subdir0/subdir0/blk_1073741845_1021.meta’
removed ‘/scratch/adp7372/32217546/hdfs_data/current/BP-67169956-198.202.114.116-1584835522414/current/finalized/subdir0/subdir0/blk_1073741832_1008.meta’
removed ‘/scratch/adp7372/32217546/hdfs_data/current/BP-67169956-198.202.114.116-1584835522414/current/finalized/subdir0/subdir0/blk_1073741863’
removed ‘/scratch/adp7372/32217546/hdfs_data/current/BP-67169956-198.202.114.116-1584835522414/current/finalized/subdir0/subdir0/blk_1073741835’
removed ‘/scratch/adp7372/32217546/hdfs_data/current/BP-67169956-198.202.114.116-1584835522414/current/finalized/subdir0/subdir0/blk_1073741842’
removed ‘/scratch/adp7372/32217546/hdfs_data/current/BP-67169956-198.202.114.116-1584835522414/current/finalized/subdir0/subdir0/blk_1073741842_1018.meta’
removed ‘/scratch/adp7372/32217546/hdfs_data/current/BP-67169956-198.202.114.116-1584835522414/current/finalized/subdir0/subdir0/blk_1073741872_1048.meta’
removed ‘/scratch/adp7372/32217546/hdfs_data/current/BP-67169956-198.202.114.116-1584835522414/current/finalized/subdir0/subdir0/blk_1073741862_1038.meta’
removed ‘/scratch/adp7372/32217546/hdfs_data/current/BP-67169956-198.202.114.116-1584835522414/current/finalized/subdir0/subdir0/blk_1073741894’
removed ‘/scratch/adp7372/32217546/hdfs_data/current/BP-67169956-198.202.114.116-1584835522414/current/finalized/subdir0/subdir0/blk_1073741874’
removed ‘/scratch/adp7372/32217546/hdfs_data/current/BP-67169956-198.202.114.116-1584835522414/current/finalized/subdir0/subdir0/blk_1073741895_1071.meta’
removed ‘/scratch/adp7372/32217546/hdfs_data/current/BP-67169956-198.202.114.116-1584835522414/current/finalized/subdir0/subdir0/blk_1073741844_1020.meta’
removed ‘/scratch/adp7372/32217546/hdfs_data/current/BP-67169956-198.202.114.116-1584835522414/current/finalized/subdir0/subdir0/blk_1073741833_1009.meta’
removed ‘/scratch/adp7372/32217546/hdfs_data/current/BP-67169956-198.202.114.116-1584835522414/current/finalized/subdir0/subdir0/blk_1073741873_1049.meta’
removed ‘/scratch/adp7372/32217546/hdfs_data/current/BP-67169956-198.202.114.116-1584835522414/current/finalized/subdir0/subdir0/blk_1073741883’
removed ‘/scratch/adp7372/32217546/hdfs_data/current/BP-67169956-198.202.114.116-1584835522414/current/finalized/subdir0/subdir0/blk_1073741863_1039.meta’
removed ‘/scratch/adp7372/32217546/hdfs_data/current/BP-67169956-198.202.114.116-1584835522414/current/finalized/subdir0/subdir0/blk_1073741855’
removed ‘/scratch/adp7372/32217546/hdfs_data/current/BP-67169956-198.202.114.116-1584835522414/current/finalized/subdir0/subdir0/blk_1073741843_1019.meta’
removed ‘/scratch/adp7372/32217546/hdfs_data/current/BP-67169956-198.202.114.116-1584835522414/current/finalized/subdir0/subdir0/blk_1073741852’
removed ‘/scratch/adp7372/32217546/hdfs_data/current/BP-67169956-198.202.114.116-1584835522414/current/finalized/subdir0/subdir0/blk_1073741825’
removed ‘/scratch/adp7372/32217546/hdfs_data/current/BP-67169956-198.202.114.116-1584835522414/current/finalized/subdir0/subdir0/blk_1073741884’
removed ‘/scratch/adp7372/32217546/hdfs_data/current/BP-67169956-198.202.114.116-1584835522414/current/finalized/subdir0/subdir0/blk_1073741875_1051.meta’
removed ‘/scratch/adp7372/32217546/hdfs_data/current/BP-67169956-198.202.114.116-1584835522414/current/finalized/subdir0/subdir0/blk_1073741835_1011.meta’
removed ‘/scratch/adp7372/32217546/hdfs_data/current/BP-67169956-198.202.114.116-1584835522414/current/finalized/subdir0/subdir0/blk_1073741893_1069.meta’
removed ‘/scratch/adp7372/32217546/hdfs_data/current/BP-67169956-198.202.114.116-1584835522414/current/finalized/subdir0/subdir0/blk_1073741873’
removed directory: ‘/scratch/adp7372/32217546/hdfs_data/current/BP-67169956-198.202.114.116-1584835522414/current/finalized/subdir0/subdir0’
removed directory: ‘/scratch/adp7372/32217546/hdfs_data/current/BP-67169956-198.202.114.116-1584835522414/current/finalized/subdir0’
removed directory: ‘/scratch/adp7372/32217546/hdfs_data/current/BP-67169956-198.202.114.116-1584835522414/current/finalized’
removed ‘/scratch/adp7372/32217546/hdfs_data/current/BP-67169956-198.202.114.116-1584835522414/current/dfsUsed’
removed directory: ‘/scratch/adp7372/32217546/hdfs_data/current/BP-67169956-198.202.114.116-1584835522414/current’
removed directory: ‘/scratch/adp7372/32217546/hdfs_data/current/BP-67169956-198.202.114.116-1584835522414’
removed directory: ‘/scratch/adp7372/32217546/hdfs_data/current’
removed directory: ‘/scratch/adp7372/32217546/hdfs_data’
removed directory: ‘/scratch/adp7372/32217546/pids’
removed ‘/scratch/adp7372/32217546/logs/hadoop-adp7372-datanode-comet-06-46.sdsc.edu.log’
removed ‘/scratch/adp7372/32217546/logs/yarn-adp7372-resourcemanager-comet-06-46.out’
removed ‘/scratch/adp7372/32217546/logs/hadoop-adp7372-secondarynamenode-comet-06-46.sdsc.edu.log’
removed ‘/scratch/adp7372/32217546/logs/yarn-adp7372-nodemanager-comet-06-46.sdsc.edu.out’
removed ‘/scratch/adp7372/32217546/logs/hadoop-adp7372-namenode-comet-06-46.sdsc.edu.log’
removed ‘/scratch/adp7372/32217546/logs/SecurityAuth-adp7372.audit’
removed ‘/scratch/adp7372/32217546/logs/yarn-adp7372-nodemanager-comet-06-46.sdsc.edu.log’
removed ‘/scratch/adp7372/32217546/logs/hadoop-adp7372-namenode-comet-06-46.sdsc.edu.out’
removed ‘/scratch/adp7372/32217546/logs/yarn-adp7372-resourcemanager-comet-06-46.log’
removed ‘/scratch/adp7372/32217546/logs/hadoop-adp7372-secondarynamenode-comet-06-46.sdsc.edu.out’
removed ‘/scratch/adp7372/32217546/logs/hadoop-adp7372-datanode-comet-06-46.sdsc.edu.out’
removed ‘/scratch/adp7372/32217546/logs/userlogs/application_1584835540517_0005/container_1584835540517_0005_01_000001/stderr’
removed ‘/scratch/adp7372/32217546/logs/userlogs/application_1584835540517_0005/container_1584835540517_0005_01_000001/syslog’
removed ‘/scratch/adp7372/32217546/logs/userlogs/application_1584835540517_0005/container_1584835540517_0005_01_000001/stdout’
removed directory: ‘/scratch/adp7372/32217546/logs/userlogs/application_1584835540517_0005/container_1584835540517_0005_01_000001’
removed directory: ‘/scratch/adp7372/32217546/logs/userlogs/application_1584835540517_0005’
removed ‘/scratch/adp7372/32217546/logs/userlogs/application_1584835540517_0001/container_1584835540517_0001_01_000002/stderr’
removed ‘/scratch/adp7372/32217546/logs/userlogs/application_1584835540517_0001/container_1584835540517_0001_01_000002/stdout’
removed ‘/scratch/adp7372/32217546/logs/userlogs/application_1584835540517_0001/container_1584835540517_0001_01_000002/syslog’
removed directory: ‘/scratch/adp7372/32217546/logs/userlogs/application_1584835540517_0001/container_1584835540517_0001_01_000002’
removed ‘/scratch/adp7372/32217546/logs/userlogs/application_1584835540517_0001/container_1584835540517_0001_01_000003/stderr’
removed ‘/scratch/adp7372/32217546/logs/userlogs/application_1584835540517_0001/container_1584835540517_0001_01_000003/syslog’
removed ‘/scratch/adp7372/32217546/logs/userlogs/application_1584835540517_0001/container_1584835540517_0001_01_000003/stdout’
removed directory: ‘/scratch/adp7372/32217546/logs/userlogs/application_1584835540517_0001/container_1584835540517_0001_01_000003’
removed directory: ‘/scratch/adp7372/32217546/logs/userlogs/application_1584835540517_0001’
removed directory: ‘/scratch/adp7372/32217546/logs/userlogs’
removed directory: ‘/scratch/adp7372/32217546/logs’
removed directory: ‘/scratch/adp7372/32217546/mapred_scratch/nmPrivate’
removed directory: ‘/scratch/adp7372/32217546/mapred_scratch/usercache/adp7372/appcache’
removed directory: ‘/scratch/adp7372/32217546/mapred_scratch/usercache/adp7372/filecache’
removed directory: ‘/scratch/adp7372/32217546/mapred_scratch/usercache/adp7372’
removed directory: ‘/scratch/adp7372/32217546/mapred_scratch/usercache’
removed directory: ‘/scratch/adp7372/32217546/mapred_scratch/filecache’
removed directory: ‘/scratch/adp7372/32217546/mapred_scratch’
removed ‘/scratch/adp7372/32217546/hdfs_data/current/VERSION’
removed directory: ‘/scratch/adp7372/32217546/hdfs_data/current/BP-67169956-198.202.114.116-1584835522414/current/rbw’
removed ‘/scratch/adp7372/32217546/hdfs_data/current/BP-67169956-198.202.114.116-1584835522414/current/VERSION’
removed ‘/scratch/adp7372/32217546/hdfs_data/current/BP-67169956-198.202.114.116-1584835522414/current/finalized/subdir0/subdir0/blk_1073741885_1061.meta’
removed ‘/scratch/adp7372/32217546/hdfs_data/current/BP-67169956-198.202.114.116-1584835522414/current/finalized/subdir0/subdir0/blk_1073741854_1030.meta’
removed ‘/scratch/adp7372/32217546/hdfs_data/current/BP-67169956-198.202.114.116-1584835522414/current/finalized/subdir0/subdir0/blk_1073741865’
removed ‘/scratch/adp7372/32217546/hdfs_data/current/BP-67169956-198.202.114.116-1584835522414/current/finalized/subdir0/subdir0/blk_1073741844’
removed ‘/scratch/adp7372/32217546/hdfs_data/current/BP-67169956-198.202.114.116-1584835522414/current/finalized/subdir0/subdir0/blk_1073741833’
removed ‘/scratch/adp7372/32217546/hdfs_data/current/BP-67169956-198.202.114.116-1584835522414/current/finalized/subdir0/subdir0/blk_1073741882_1058.meta’
removed ‘/scratch/adp7372/32217546/hdfs_data/current/BP-67169956-198.202.114.116-1584835522414/current/finalized/subdir0/subdir0/blk_1073741892’
removed ‘/scratch/adp7372/32217546/hdfs_data/current/BP-67169956-198.202.114.116-1584835522414/current/finalized/subdir0/subdir0/blk_1073741895’
removed ‘/scratch/adp7372/32217546/hdfs_data/current/BP-67169956-198.202.114.116-1584835522414/current/finalized/subdir0/subdir0/blk_1073741865_1041.meta’
removed ‘/scratch/adp7372/32217546/hdfs_data/current/BP-67169956-198.202.114.116-1584835522414/current/finalized/subdir0/subdir0/blk_1073741834’
removed ‘/scratch/adp7372/32217546/hdfs_data/current/BP-67169956-198.202.114.116-1584835522414/current/finalized/subdir0/subdir0/blk_1073741843’
removed ‘/scratch/adp7372/32217546/hdfs_data/current/BP-67169956-198.202.114.116-1584835522414/current/finalized/subdir0/subdir0/blk_1073741862’
removed ‘/scratch/adp7372/32217546/hdfs_data/current/BP-67169956-198.202.114.116-1584835522414/current/finalized/subdir0/subdir0/blk_1073741825_1001.meta’
removed ‘/scratch/adp7372/32217546/hdfs_data/current/BP-67169956-198.202.114.116-1584835522414/current/finalized/subdir0/subdir0/blk_1073741852_1028.meta’
removed ‘/scratch/adp7372/32217546/hdfs_data/current/BP-67169956-198.202.114.116-1584835522414/current/finalized/subdir0/subdir0/blk_1073741854’
removed ‘/scratch/adp7372/32217546/hdfs_data/current/BP-67169956-198.202.114.116-1584835522414/current/finalized/subdir0/subdir0/blk_1073741882’
removed ‘/scratch/adp7372/32217546/hdfs_data/current/BP-67169956-198.202.114.116-1584835522414/current/finalized/subdir0/subdir0/blk_1073741864_1040.meta’
removed ‘/scratch/adp7372/32217546/hdfs_data/current/BP-67169956-198.202.114.116-1584835522414/current/finalized/subdir0/subdir0/blk_1073741853_1029.meta’
removed ‘/scratch/adp7372/32217546/hdfs_data/current/BP-67169956-198.202.114.116-1584835522414/current/finalized/subdir0/subdir0/blk_1073741875’
removed ‘/scratch/adp7372/32217546/hdfs_data/current/BP-67169956-198.202.114.116-1584835522414/current/finalized/subdir0/subdir0/blk_1073741872’
removed ‘/scratch/adp7372/32217546/hdfs_data/current/BP-67169956-198.202.114.116-1584835522414/current/finalized/subdir0/subdir0/blk_1073741884_1060.meta’
removed ‘/scratch/adp7372/32217546/hdfs_data/current/BP-67169956-198.202.114.116-1584835522414/current/finalized/subdir0/subdir0/blk_1073741855_1031.meta’
removed ‘/scratch/adp7372/32217546/hdfs_data/current/BP-67169956-198.202.114.116-1584835522414/current/finalized/subdir0/subdir0/blk_1073741885’
removed ‘/scratch/adp7372/32217546/hdfs_data/current/BP-67169956-198.202.114.116-1584835522414/current/finalized/subdir0/subdir0/blk_1073741853’
removed ‘/scratch/adp7372/32217546/hdfs_data/current/BP-67169956-198.202.114.116-1584835522414/current/finalized/subdir0/subdir0/blk_1073741883_1059.meta’
removed ‘/scratch/adp7372/32217546/hdfs_data/current/BP-67169956-198.202.114.116-1584835522414/current/finalized/subdir0/subdir0/blk_1073741874_1050.meta’
removed ‘/scratch/adp7372/32217546/hdfs_data/current/BP-67169956-198.202.114.116-1584835522414/current/finalized/subdir0/subdir0/blk_1073741863’
removed ‘/scratch/adp7372/32217546/hdfs_data/current/BP-67169956-198.202.114.116-1584835522414/current/finalized/subdir0/subdir0/blk_1073741894’
removed ‘/scratch/adp7372/32217546/hdfs_data/current/BP-67169956-198.202.114.116-1584835522414/current/finalized/subdir0/subdir0/blk_1073741842’
removed ‘/scratch/adp7372/32217546/hdfs_data/current/BP-67169956-198.202.114.116-1584835522414/current/finalized/subdir0/subdir0/blk_1073741835’
removed ‘/scratch/adp7372/32217546/hdfs_data/current/BP-67169956-198.202.114.116-1584835522414/current/finalized/subdir0/subdir0/blk_1073741892_1068.meta’
removed ‘/scratch/adp7372/32217546/hdfs_data/current/BP-67169956-198.202.114.116-1584835522414/current/finalized/subdir0/subdir0/blk_1073741834_1010.meta’
removed ‘/scratch/adp7372/32217546/hdfs_data/current/BP-67169956-198.202.114.116-1584835522414/current/finalized/subdir0/subdir0/blk_1073741832_1008.meta’
removed ‘/scratch/adp7372/32217546/hdfs_data/current/BP-67169956-198.202.114.116-1584835522414/current/finalized/subdir0/subdir0/blk_1073741845_1021.meta’
removed ‘/scratch/adp7372/32217546/hdfs_data/current/BP-67169956-198.202.114.116-1584835522414/current/finalized/subdir0/subdir0/blk_1073741894_1070.meta’
removed ‘/scratch/adp7372/32217546/hdfs_data/current/BP-67169956-198.202.114.116-1584835522414/current/finalized/subdir0/subdir0/blk_1073741832’
removed ‘/scratch/adp7372/32217546/hdfs_data/current/BP-67169956-198.202.114.116-1584835522414/current/finalized/subdir0/subdir0/blk_1073741845’
removed ‘/scratch/adp7372/32217546/hdfs_data/current/BP-67169956-198.202.114.116-1584835522414/current/finalized/subdir0/subdir0/blk_1073741893’
removed ‘/scratch/adp7372/32217546/hdfs_data/current/BP-67169956-198.202.114.116-1584835522414/current/finalized/subdir0/subdir0/blk_1073741842_1018.meta’
removed ‘/scratch/adp7372/32217546/hdfs_data/current/BP-67169956-198.202.114.116-1584835522414/current/finalized/subdir0/subdir0/blk_1073741862_1038.meta’
removed ‘/scratch/adp7372/32217546/hdfs_data/current/BP-67169956-198.202.114.116-1584835522414/current/finalized/subdir0/subdir0/blk_1073741872_1048.meta’
removed ‘/scratch/adp7372/32217546/hdfs_data/current/BP-67169956-198.202.114.116-1584835522414/current/finalized/subdir0/subdir0/blk_1073741864’
removed ‘/scratch/adp7372/32217546/hdfs_data/current/BP-67169956-198.202.114.116-1584835522414/current/finalized/subdir0/subdir0/blk_1073741884’
removed ‘/scratch/adp7372/32217546/hdfs_data/current/BP-67169956-198.202.114.116-1584835522414/current/finalized/subdir0/subdir0/blk_1073741833_1009.meta’
removed ‘/scratch/adp7372/32217546/hdfs_data/current/BP-67169956-198.202.114.116-1584835522414/current/finalized/subdir0/subdir0/blk_1073741844_1020.meta’
removed ‘/scratch/adp7372/32217546/hdfs_data/current/BP-67169956-198.202.114.116-1584835522414/current/finalized/subdir0/subdir0/blk_1073741895_1071.meta’
removed ‘/scratch/adp7372/32217546/hdfs_data/current/BP-67169956-198.202.114.116-1584835522414/current/finalized/subdir0/subdir0/blk_1073741825’
removed ‘/scratch/adp7372/32217546/hdfs_data/current/BP-67169956-198.202.114.116-1584835522414/current/finalized/subdir0/subdir0/blk_1073741852’
removed ‘/scratch/adp7372/32217546/hdfs_data/current/BP-67169956-198.202.114.116-1584835522414/current/finalized/subdir0/subdir0/blk_1073741863_1039.meta’
removed ‘/scratch/adp7372/32217546/hdfs_data/current/BP-67169956-198.202.114.116-1584835522414/current/finalized/subdir0/subdir0/blk_1073741873_1049.meta’
removed ‘/scratch/adp7372/32217546/hdfs_data/current/BP-67169956-198.202.114.116-1584835522414/current/finalized/subdir0/subdir0/blk_1073741873’
removed ‘/scratch/adp7372/32217546/hdfs_data/current/BP-67169956-198.202.114.116-1584835522414/current/finalized/subdir0/subdir0/blk_1073741843_1019.meta’
removed ‘/scratch/adp7372/32217546/hdfs_data/current/BP-67169956-198.202.114.116-1584835522414/current/finalized/subdir0/subdir0/blk_1073741875_1051.meta’
removed ‘/scratch/adp7372/32217546/hdfs_data/current/BP-67169956-198.202.114.116-1584835522414/current/finalized/subdir0/subdir0/blk_1073741874’
removed ‘/scratch/adp7372/32217546/hdfs_data/current/BP-67169956-198.202.114.116-1584835522414/current/finalized/subdir0/subdir0/blk_1073741855’
removed ‘/scratch/adp7372/32217546/hdfs_data/current/BP-67169956-198.202.114.116-1584835522414/current/finalized/subdir0/subdir0/blk_1073741893_1069.meta’
removed ‘/scratch/adp7372/32217546/hdfs_data/current/BP-67169956-198.202.114.116-1584835522414/current/finalized/subdir0/subdir0/blk_1073741835_1011.meta’
removed ‘/scratch/adp7372/32217546/hdfs_data/current/BP-67169956-198.202.114.116-1584835522414/current/finalized/subdir0/subdir0/blk_1073741883’
removed directory: ‘/scratch/adp7372/32217546/hdfs_data/current/BP-67169956-198.202.114.116-1584835522414/current/finalized/subdir0/subdir0’
removed directory: ‘/scratch/adp7372/32217546/hdfs_data/current/BP-67169956-198.202.114.116-1584835522414/current/finalized/subdir0’
removed directory: ‘/scratch/adp7372/32217546/hdfs_data/current/BP-67169956-198.202.114.116-1584835522414/current/finalized’
removed ‘/scratch/adp7372/32217546/hdfs_data/current/BP-67169956-198.202.114.116-1584835522414/current/dfsUsed’
removed directory: ‘/scratch/adp7372/32217546/hdfs_data/current/BP-67169956-198.202.114.116-1584835522414/current’
removed directory: ‘/scratch/adp7372/32217546/hdfs_data/current/BP-67169956-198.202.114.116-1584835522414/tmp’
removed ‘/scratch/adp7372/32217546/hdfs_data/current/BP-67169956-198.202.114.116-1584835522414/dncp_block_verification.log.curr’
removed ‘/scratch/adp7372/32217546/hdfs_data/current/BP-67169956-198.202.114.116-1584835522414/dncp_block_verification.log.prev’
removed directory: ‘/scratch/adp7372/32217546/hdfs_data/current/BP-67169956-198.202.114.116-1584835522414’
removed directory: ‘/scratch/adp7372/32217546/hdfs_data/current’
removed directory: ‘/scratch/adp7372/32217546/hdfs_data’
removed directory: ‘/scratch/adp7372/32217546/pids’
removed ‘/scratch/adp7372/32217546/logs/yarn-adp7372-nodemanager-comet-06-49.sdsc.edu.log’
removed ‘/scratch/adp7372/32217546/logs/hadoop-adp7372-datanode-comet-06-49.sdsc.edu.out’
removed ‘/scratch/adp7372/32217546/logs/userlogs/application_1584835540517_0005/container_1584835540517_0005_01_000002/stdout’
removed ‘/scratch/adp7372/32217546/logs/userlogs/application_1584835540517_0005/container_1584835540517_0005_01_000002/syslog’
removed ‘/scratch/adp7372/32217546/logs/userlogs/application_1584835540517_0005/container_1584835540517_0005_01_000002/stderr’
removed directory: ‘/scratch/adp7372/32217546/logs/userlogs/application_1584835540517_0005/container_1584835540517_0005_01_000002’
removed ‘/scratch/adp7372/32217546/logs/userlogs/application_1584835540517_0005/container_1584835540517_0005_01_000003/stderr’
removed ‘/scratch/adp7372/32217546/logs/userlogs/application_1584835540517_0005/container_1584835540517_0005_01_000003/syslog’
removed ‘/scratch/adp7372/32217546/logs/userlogs/application_1584835540517_0005/container_1584835540517_0005_01_000003/stdout’
removed directory: ‘/scratch/adp7372/32217546/logs/userlogs/application_1584835540517_0005/container_1584835540517_0005_01_000003’
removed directory: ‘/scratch/adp7372/32217546/logs/userlogs/application_1584835540517_0005’
removed ‘/scratch/adp7372/32217546/logs/userlogs/application_1584835540517_0002/container_1584835540517_0002_01_000003/stderr’
removed ‘/scratch/adp7372/32217546/logs/userlogs/application_1584835540517_0002/container_1584835540517_0002_01_000003/stdout’
removed ‘/scratch/adp7372/32217546/logs/userlogs/application_1584835540517_0002/container_1584835540517_0002_01_000003/syslog’
removed directory: ‘/scratch/adp7372/32217546/logs/userlogs/application_1584835540517_0002/container_1584835540517_0002_01_000003’
removed ‘/scratch/adp7372/32217546/logs/userlogs/application_1584835540517_0002/container_1584835540517_0002_01_000001/stderr’
removed ‘/scratch/adp7372/32217546/logs/userlogs/application_1584835540517_0002/container_1584835540517_0002_01_000001/stdout’
removed ‘/scratch/adp7372/32217546/logs/userlogs/application_1584835540517_0002/container_1584835540517_0002_01_000001/syslog’
removed directory: ‘/scratch/adp7372/32217546/logs/userlogs/application_1584835540517_0002/container_1584835540517_0002_01_000001’
removed ‘/scratch/adp7372/32217546/logs/userlogs/application_1584835540517_0002/container_1584835540517_0002_01_000002/syslog’
removed ‘/scratch/adp7372/32217546/logs/userlogs/application_1584835540517_0002/container_1584835540517_0002_01_000002/stdout’
removed ‘/scratch/adp7372/32217546/logs/userlogs/application_1584835540517_0002/container_1584835540517_0002_01_000002/stderr’
removed directory: ‘/scratch/adp7372/32217546/logs/userlogs/application_1584835540517_0002/container_1584835540517_0002_01_000002’
removed directory: ‘/scratch/adp7372/32217546/logs/userlogs/application_1584835540517_0002’
removed ‘/scratch/adp7372/32217546/logs/userlogs/application_1584835540517_0006/container_1584835540517_0006_01_000003/stderr’
removed ‘/scratch/adp7372/32217546/logs/userlogs/application_1584835540517_0006/container_1584835540517_0006_01_000003/syslog’
removed ‘/scratch/adp7372/32217546/logs/userlogs/application_1584835540517_0006/container_1584835540517_0006_01_000003/stdout’
removed directory: ‘/scratch/adp7372/32217546/logs/userlogs/application_1584835540517_0006/container_1584835540517_0006_01_000003’
removed ‘/scratch/adp7372/32217546/logs/userlogs/application_1584835540517_0006/container_1584835540517_0006_01_000001/syslog’
removed ‘/scratch/adp7372/32217546/logs/userlogs/application_1584835540517_0006/container_1584835540517_0006_01_000001/stdout’
removed ‘/scratch/adp7372/32217546/logs/userlogs/application_1584835540517_0006/container_1584835540517_0006_01_000001/stderr’
removed directory: ‘/scratch/adp7372/32217546/logs/userlogs/application_1584835540517_0006/container_1584835540517_0006_01_000001’
removed ‘/scratch/adp7372/32217546/logs/userlogs/application_1584835540517_0006/container_1584835540517_0006_01_000002/stdout’
removed ‘/scratch/adp7372/32217546/logs/userlogs/application_1584835540517_0006/container_1584835540517_0006_01_000002/syslog’
removed ‘/scratch/adp7372/32217546/logs/userlogs/application_1584835540517_0006/container_1584835540517_0006_01_000002/stderr’
removed directory: ‘/scratch/adp7372/32217546/logs/userlogs/application_1584835540517_0006/container_1584835540517_0006_01_000002’
removed directory: ‘/scratch/adp7372/32217546/logs/userlogs/application_1584835540517_0006’
removed ‘/scratch/adp7372/32217546/logs/userlogs/application_1584835540517_0001/container_1584835540517_0001_01_000001/stdout’
removed ‘/scratch/adp7372/32217546/logs/userlogs/application_1584835540517_0001/container_1584835540517_0001_01_000001/syslog’
removed ‘/scratch/adp7372/32217546/logs/userlogs/application_1584835540517_0001/container_1584835540517_0001_01_000001/stderr’
removed directory: ‘/scratch/adp7372/32217546/logs/userlogs/application_1584835540517_0001/container_1584835540517_0001_01_000001’
removed directory: ‘/scratch/adp7372/32217546/logs/userlogs/application_1584835540517_0001’
removed ‘/scratch/adp7372/32217546/logs/userlogs/application_1584835540517_0003/container_1584835540517_0003_01_000003/stderr’
removed ‘/scratch/adp7372/32217546/logs/userlogs/application_1584835540517_0003/container_1584835540517_0003_01_000003/syslog’
removed ‘/scratch/adp7372/32217546/logs/userlogs/application_1584835540517_0003/container_1584835540517_0003_01_000003/stdout’
removed directory: ‘/scratch/adp7372/32217546/logs/userlogs/application_1584835540517_0003/container_1584835540517_0003_01_000003’
removed ‘/scratch/adp7372/32217546/logs/userlogs/application_1584835540517_0003/container_1584835540517_0003_01_000001/stdout’
removed ‘/scratch/adp7372/32217546/logs/userlogs/application_1584835540517_0003/container_1584835540517_0003_01_000001/syslog’
removed ‘/scratch/adp7372/32217546/logs/userlogs/application_1584835540517_0003/container_1584835540517_0003_01_000001/stderr’
removed directory: ‘/scratch/adp7372/32217546/logs/userlogs/application_1584835540517_0003/container_1584835540517_0003_01_000001’
removed ‘/scratch/adp7372/32217546/logs/userlogs/application_1584835540517_0003/container_1584835540517_0003_01_000002/syslog’
removed ‘/scratch/adp7372/32217546/logs/userlogs/application_1584835540517_0003/container_1584835540517_0003_01_000002/stdout’
removed ‘/scratch/adp7372/32217546/logs/userlogs/application_1584835540517_0003/container_1584835540517_0003_01_000002/stderr’
removed directory: ‘/scratch/adp7372/32217546/logs/userlogs/application_1584835540517_0003/container_1584835540517_0003_01_000002’
removed directory: ‘/scratch/adp7372/32217546/logs/userlogs/application_1584835540517_0003’
removed ‘/scratch/adp7372/32217546/logs/userlogs/application_1584835540517_0004/container_1584835540517_0004_01_000002/stderr’
removed ‘/scratch/adp7372/32217546/logs/userlogs/application_1584835540517_0004/container_1584835540517_0004_01_000002/stdout’
removed ‘/scratch/adp7372/32217546/logs/userlogs/application_1584835540517_0004/container_1584835540517_0004_01_000002/syslog’
removed directory: ‘/scratch/adp7372/32217546/logs/userlogs/application_1584835540517_0004/container_1584835540517_0004_01_000002’
removed ‘/scratch/adp7372/32217546/logs/userlogs/application_1584835540517_0004/container_1584835540517_0004_01_000001/stderr’
removed ‘/scratch/adp7372/32217546/logs/userlogs/application_1584835540517_0004/container_1584835540517_0004_01_000001/stdout’
removed ‘/scratch/adp7372/32217546/logs/userlogs/application_1584835540517_0004/container_1584835540517_0004_01_000001/syslog’
removed directory: ‘/scratch/adp7372/32217546/logs/userlogs/application_1584835540517_0004/container_1584835540517_0004_01_000001’
removed ‘/scratch/adp7372/32217546/logs/userlogs/application_1584835540517_0004/container_1584835540517_0004_01_000003/stderr’
removed ‘/scratch/adp7372/32217546/logs/userlogs/application_1584835540517_0004/container_1584835540517_0004_01_000003/stdout’
removed ‘/scratch/adp7372/32217546/logs/userlogs/application_1584835540517_0004/container_1584835540517_0004_01_000003/syslog’
removed directory: ‘/scratch/adp7372/32217546/logs/userlogs/application_1584835540517_0004/container_1584835540517_0004_01_000003’
removed directory: ‘/scratch/adp7372/32217546/logs/userlogs/application_1584835540517_0004’
removed ‘/scratch/adp7372/32217546/logs/userlogs/application_1584835540517_0007/container_1584835540517_0007_01_000003/stdout’
removed ‘/scratch/adp7372/32217546/logs/userlogs/application_1584835540517_0007/container_1584835540517_0007_01_000003/syslog’
removed ‘/scratch/adp7372/32217546/logs/userlogs/application_1584835540517_0007/container_1584835540517_0007_01_000003/stderr’
removed directory: ‘/scratch/adp7372/32217546/logs/userlogs/application_1584835540517_0007/container_1584835540517_0007_01_000003’
removed ‘/scratch/adp7372/32217546/logs/userlogs/application_1584835540517_0007/container_1584835540517_0007_01_000002/syslog’
removed ‘/scratch/adp7372/32217546/logs/userlogs/application_1584835540517_0007/container_1584835540517_0007_01_000002/stdout’
removed ‘/scratch/adp7372/32217546/logs/userlogs/application_1584835540517_0007/container_1584835540517_0007_01_000002/stderr’
removed directory: ‘/scratch/adp7372/32217546/logs/userlogs/application_1584835540517_0007/container_1584835540517_0007_01_000002’
removed ‘/scratch/adp7372/32217546/logs/userlogs/application_1584835540517_0007/container_1584835540517_0007_01_000001/stdout’
removed ‘/scratch/adp7372/32217546/logs/userlogs/application_1584835540517_0007/container_1584835540517_0007_01_000001/syslog’
removed ‘/scratch/adp7372/32217546/logs/userlogs/application_1584835540517_0007/container_1584835540517_0007_01_000001/stderr’
removed directory: ‘/scratch/adp7372/32217546/logs/userlogs/application_1584835540517_0007/container_1584835540517_0007_01_000001’
removed directory: ‘/scratch/adp7372/32217546/logs/userlogs/application_1584835540517_0007’
removed directory: ‘/scratch/adp7372/32217546/logs/userlogs’
removed ‘/scratch/adp7372/32217546/logs/yarn-adp7372-nodemanager-comet-06-49.sdsc.edu.out’
removed ‘/scratch/adp7372/32217546/logs/SecurityAuth-adp7372.audit’
removed ‘/scratch/adp7372/32217546/logs/hadoop-adp7372-datanode-comet-06-49.sdsc.edu.log’
removed directory: ‘/scratch/adp7372/32217546/logs’
removed directory: ‘/tmp/Jetty_0_0_0_0_50070_hdfs____w2cu08/jsp’
removed directory: ‘/tmp/Jetty_0_0_0_0_50070_hdfs____w2cu08/.active’
removed directory: ‘/tmp/Jetty_0_0_0_0_50070_hdfs____w2cu08’
removed directory: ‘/tmp/Jetty_0_0_0_0_50075_datanode____hwtdwq_8669777823796908854/jsp’
removed directory: ‘/tmp/Jetty_0_0_0_0_50075_datanode____hwtdwq_8669777823796908854/.active’
removed directory: ‘/tmp/Jetty_0_0_0_0_50075_datanode____hwtdwq_8669777823796908854’
removed directory: ‘/tmp/Jetty_comet.06.46_ibnet_50090_secondary____4gv159/jsp’
removed directory: ‘/tmp/Jetty_comet.06.46_ibnet_50090_secondary____4gv159/.active’
removed directory: ‘/tmp/Jetty_comet.06.46_ibnet_50090_secondary____4gv159’
