which: no hbase in (/opt/hadoop/2.6.0/sbin:/opt/hadoop/contrib/myHadoop/bin:/opt/hadoop/2.6.0/bin:/opt/mvapich2/intel/ib/bin:/opt/intel/2018.1.163/compilers_and_libraries_2018.1.163/linux/bin/intel64:/usr/lib64/qt-3.3/bin:/usr/local/bin:/bin:/usr/bin:/usr/bin:/usr/local/sbin:/usr/sbin:/opt/sdsc/bin:/opt/sdsc/sbin:/opt/ibutils/bin:/opt/pdsh/bin:/opt/rocks/bin:/opt/rocks/sbin:/home/adp7372/bin)
SLF4J: Class path contains multiple SLF4J bindings.
SLF4J: Found binding in [jar:file:/oasis/projects/nsf/uot143/fegaras/apache-hive-2.1.0-bin/lib/log4j-slf4j-impl-2.4.1.jar!/org/slf4j/impl/StaticLoggerBinder.class]
SLF4J: Found binding in [jar:file:/opt/hadoop/2.6.0/share/hadoop/common/lib/slf4j-log4j12-1.7.5.jar!/org/slf4j/impl/StaticLoggerBinder.class]
SLF4J: See http://www.slf4j.org/codes.html#multiple_bindings for an explanation.
SLF4J: Actual binding is of type [org.apache.logging.slf4j.Log4jLoggerFactory]

Logging initialized using configuration in jar:file:/oasis/projects/nsf/uot143/fegaras/apache-hive-2.1.0-bin/lib/hive-common-2.1.0.jar!/hive-log4j2.properties Async: true
Exception in thread "main" java.lang.RuntimeException: org.apache.hadoop.hive.ql.metadata.HiveException: org.apache.hadoop.hive.ql.metadata.HiveException: MetaException(message:Hive metastore database is not initialized. Please use schematool (e.g. ./schematool -initSchema -dbType ...) to create the schema. If needed, don't forget to include the option to auto-create the underlying database in your JDBC connection string (e.g. ?createDatabaseIfNotExist=true for mysql))
	at org.apache.hadoop.hive.ql.session.SessionState.start(SessionState.java:578)
	at org.apache.hadoop.hive.ql.session.SessionState.beginStart(SessionState.java:518)
	at org.apache.hadoop.hive.cli.CliDriver.run(CliDriver.java:705)
	at org.apache.hadoop.hive.cli.CliDriver.main(CliDriver.java:641)
	at sun.reflect.NativeMethodAccessorImpl.invoke0(Native Method)
	at sun.reflect.NativeMethodAccessorImpl.invoke(NativeMethodAccessorImpl.java:62)
	at sun.reflect.DelegatingMethodAccessorImpl.invoke(DelegatingMethodAccessorImpl.java:43)
	at java.lang.reflect.Method.invoke(Method.java:498)
	at org.apache.hadoop.util.RunJar.run(RunJar.java:221)
	at org.apache.hadoop.util.RunJar.main(RunJar.java:136)
Caused by: org.apache.hadoop.hive.ql.metadata.HiveException: org.apache.hadoop.hive.ql.metadata.HiveException: MetaException(message:Hive metastore database is not initialized. Please use schematool (e.g. ./schematool -initSchema -dbType ...) to create the schema. If needed, don't forget to include the option to auto-create the underlying database in your JDBC connection string (e.g. ?createDatabaseIfNotExist=true for mysql))
	at org.apache.hadoop.hive.ql.metadata.Hive.registerAllFunctionsOnce(Hive.java:226)
	at org.apache.hadoop.hive.ql.metadata.Hive.<init>(Hive.java:366)
	at org.apache.hadoop.hive.ql.metadata.Hive.create(Hive.java:310)
	at org.apache.hadoop.hive.ql.metadata.Hive.getInternal(Hive.java:290)
	at org.apache.hadoop.hive.ql.metadata.Hive.get(Hive.java:266)
	at org.apache.hadoop.hive.ql.session.SessionState.start(SessionState.java:545)
	... 9 more
Caused by: org.apache.hadoop.hive.ql.metadata.HiveException: MetaException(message:Hive metastore database is not initialized. Please use schematool (e.g. ./schematool -initSchema -dbType ...) to create the schema. If needed, don't forget to include the option to auto-create the underlying database in your JDBC connection string (e.g. ?createDatabaseIfNotExist=true for mysql))
	at org.apache.hadoop.hive.ql.metadata.Hive.getAllFunctions(Hive.java:3593)
	at org.apache.hadoop.hive.ql.metadata.Hive.reloadFunctions(Hive.java:236)
	at org.apache.hadoop.hive.ql.metadata.Hive.registerAllFunctionsOnce(Hive.java:221)
	... 14 more
Caused by: MetaException(message:Hive metastore database is not initialized. Please use schematool (e.g. ./schematool -initSchema -dbType ...) to create the schema. If needed, don't forget to include the option to auto-create the underlying database in your JDBC connection string (e.g. ?createDatabaseIfNotExist=true for mysql))
	at org.apache.hadoop.hive.ql.metadata.Hive.getMSC(Hive.java:3364)
	at org.apache.hadoop.hive.ql.metadata.Hive.getMSC(Hive.java:3336)
	at org.apache.hadoop.hive.ql.metadata.Hive.getAllFunctions(Hive.java:3590)
	... 16 more
