Pig Stack Trace
---------------
ERROR 2244: Job job_local_0001 failed, hadoop does not return any error message

org.apache.pig.backend.executionengine.ExecException: ERROR 2244: Job job_local_0001 failed, hadoop does not return any error message
	at org.apache.pig.tools.grunt.GruntParser.executeBatch(GruntParser.java:180)
	at org.apache.pig.tools.grunt.GruntParser.parseStopOnError(GruntParser.java:235)
	at org.apache.pig.tools.grunt.GruntParser.parseStopOnError(GruntParser.java:206)
	at org.apache.pig.tools.grunt.Grunt.exec(Grunt.java:81)
	at org.apache.pig.Main.run(Main.java:630)
	at org.apache.pig.Main.main(Main.java:176)
================================================================================
Pig Stack Trace
---------------
ERROR 2244: Job failed, hadoop does not return any error message

org.apache.pig.backend.executionengine.ExecException: ERROR 2244: Job failed, hadoop does not return any error message
	at org.apache.pig.tools.grunt.GruntParser.executeBatch(GruntParser.java:180)
	at org.apache.pig.tools.grunt.GruntParser.parseStopOnError(GruntParser.java:235)
	at org.apache.pig.tools.grunt.GruntParser.parseStopOnError(GruntParser.java:206)
	at org.apache.pig.tools.grunt.Grunt.exec(Grunt.java:81)
	at org.apache.pig.Main.run(Main.java:630)
	at org.apache.pig.Main.main(Main.java:176)
================================================================================
