Using Spark's default log4j profile: org/apache/spark/log4j-defaults.properties
20/04/07 16:38:56 INFO SparkContext: Running Spark version 1.5.2
20/04/07 16:38:56 WARN NativeCodeLoader: Unable to load native-hadoop library for your platform... using builtin-java classes where applicable
20/04/07 16:38:56 INFO SecurityManager: Changing view acls to: adp7372
20/04/07 16:38:56 INFO SecurityManager: Changing modify acls to: adp7372
20/04/07 16:38:56 INFO SecurityManager: SecurityManager: authentication disabled; ui acls disabled; users with view permissions: Set(adp7372); users with modify permissions: Set(adp7372)
20/04/07 16:38:57 INFO Slf4jLogger: Slf4jLogger started
20/04/07 16:38:57 INFO Remoting: Starting remoting
20/04/07 16:38:57 INFO Remoting: Remoting started; listening on addresses :[akka.tcp://sparkDriver@198.202.114.15:37884]
20/04/07 16:38:57 INFO Utils: Successfully started service 'sparkDriver' on port 37884.
20/04/07 16:38:57 INFO SparkEnv: Registering MapOutputTracker
20/04/07 16:38:57 INFO SparkEnv: Registering BlockManagerMaster
20/04/07 16:38:57 INFO DiskBlockManager: Created local directory at /tmp/blockmgr-5ee1f905-98b3-4cf0-abe6-4dc7e0eac977
20/04/07 16:38:57 INFO MemoryStore: MemoryStore started with capacity 530.0 MB
20/04/07 16:38:57 INFO HttpFileServer: HTTP File server directory is /tmp/spark-9a0977a9-0a42-43bc-b74e-a1474a95f679/httpd-eb8a4089-1877-454f-84fe-b2c1c78643f3
20/04/07 16:38:57 INFO HttpServer: Starting HTTP Server
20/04/07 16:38:57 INFO Utils: Successfully started service 'HTTP file server' on port 46519.
20/04/07 16:38:57 INFO SparkEnv: Registering OutputCommitCoordinator
20/04/07 16:38:57 INFO Utils: Successfully started service 'SparkUI' on port 4040.
20/04/07 16:38:57 INFO SparkUI: Started SparkUI at http://198.202.114.15:4040
20/04/07 16:38:57 INFO SparkContext: Added JAR file:/home/adp7372/project5/graph.jar at http://198.202.114.15:46519/jars/graph.jar with timestamp 1586302737610
20/04/07 16:38:57 WARN MetricsSystem: Using default name DAGScheduler for source because spark.app.id is not set.
20/04/07 16:38:57 INFO Executor: Starting executor ID driver on host localhost
20/04/07 16:38:57 INFO Utils: Successfully started service 'org.apache.spark.network.netty.NettyBlockTransferService' on port 33764.
20/04/07 16:38:57 INFO NettyBlockTransferService: Server created on 33764
20/04/07 16:38:57 INFO BlockManagerMaster: Trying to register BlockManager
20/04/07 16:38:57 INFO BlockManagerMasterEndpoint: Registering block manager localhost:33764 with 530.0 MB RAM, BlockManagerId(driver, localhost, 33764)
20/04/07 16:38:57 INFO BlockManagerMaster: Registered BlockManager
20/04/07 16:38:58 INFO MemoryStore: ensureFreeSpace(120040) called with curMem=0, maxMem=555755765
20/04/07 16:38:58 INFO MemoryStore: Block broadcast_0 stored as values in memory (estimated size 117.2 KB, free 529.9 MB)
20/04/07 16:38:58 INFO MemoryStore: ensureFreeSpace(12673) called with curMem=120040, maxMem=555755765
20/04/07 16:38:58 INFO MemoryStore: Block broadcast_0_piece0 stored as bytes in memory (estimated size 12.4 KB, free 529.9 MB)
20/04/07 16:38:58 INFO BlockManagerInfo: Added broadcast_0_piece0 in memory on localhost:33764 (size: 12.4 KB, free: 530.0 MB)
20/04/07 16:38:58 INFO SparkContext: Created broadcast 0 from textFile at Graph.scala:11
20/04/07 16:38:58 INFO FileInputFormat: Total input paths to process : 1
20/04/07 16:38:58 INFO SparkContext: Starting job: collect at Graph.scala:31
20/04/07 16:38:58 INFO DAGScheduler: Registering RDD 3 (flatMap at Graph.scala:36)
20/04/07 16:38:58 INFO DAGScheduler: Registering RDD 5 (map at Graph.scala:24)
20/04/07 16:38:58 INFO DAGScheduler: Registering RDD 12 (map at Graph.scala:24)
20/04/07 16:38:58 INFO DAGScheduler: Registering RDD 10 (flatMap at Graph.scala:36)
20/04/07 16:38:58 INFO DAGScheduler: Registering RDD 17 (flatMap at Graph.scala:36)
20/04/07 16:38:58 INFO MapOutputTrackerMaster: Size of output statuses for shuffle 8 is 85 bytes
20/04/07 16:38:58 INFO MapOutputTrackerMaster: Size of output statuses for shuffle 7 is 85 bytes
20/04/07 16:38:58 INFO MapOutputTrackerMaster: Size of output statuses for shuffle 0 is 85 bytes
20/04/07 16:38:58 INFO MapOutputTrackerMaster: Size of output statuses for shuffle 1 is 85 bytes
20/04/07 16:38:58 INFO DAGScheduler: Registering RDD 19 (map at Graph.scala:24)
20/04/07 16:38:58 INFO DAGScheduler: Registering RDD 26 (map at Graph.scala:24)
20/04/07 16:38:58 INFO DAGScheduler: Registering RDD 24 (flatMap at Graph.scala:36)
20/04/07 16:38:58 INFO DAGScheduler: Registering RDD 31 (flatMap at Graph.scala:36)
20/04/07 16:38:58 INFO MapOutputTrackerMaster: Size of output statuses for shuffle 10 is 85 bytes
20/04/07 16:38:58 INFO MapOutputTrackerMaster: Size of output statuses for shuffle 9 is 85 bytes
20/04/07 16:38:58 INFO MapOutputTrackerMaster: Size of output statuses for shuffle 2 is 85 bytes
20/04/07 16:38:58 INFO MapOutputTrackerMaster: Size of output statuses for shuffle 3 is 85 bytes
20/04/07 16:38:58 INFO DAGScheduler: Registering RDD 33 (map at Graph.scala:24)
20/04/07 16:38:58 INFO DAGScheduler: Registering RDD 38 (map at Graph.scala:29)
20/04/07 16:38:58 INFO DAGScheduler: Registering RDD 39 (reduceByKey at Graph.scala:29)
20/04/07 16:38:58 INFO DAGScheduler: Got job 0 (collect at Graph.scala:31) with 1 output partitions
20/04/07 16:38:58 INFO DAGScheduler: Final stage: ResultStage 24(collect at Graph.scala:31)
20/04/07 16:38:58 INFO DAGScheduler: Parents of final stage: List(ShuffleMapStage 23)
20/04/07 16:38:58 INFO DAGScheduler: Missing parents: List(ShuffleMapStage 23)
20/04/07 16:38:58 INFO DAGScheduler: Submitting ShuffleMapStage 16 (MapPartitionsRDD[3] at flatMap at Graph.scala:36), which has no missing parents
20/04/07 16:38:58 INFO MemoryStore: ensureFreeSpace(4048) called with curMem=132713, maxMem=555755765
20/04/07 16:38:58 INFO MemoryStore: Block broadcast_1 stored as values in memory (estimated size 4.0 KB, free 529.9 MB)
20/04/07 16:38:58 INFO MemoryStore: ensureFreeSpace(2322) called with curMem=136761, maxMem=555755765
20/04/07 16:38:58 INFO MemoryStore: Block broadcast_1_piece0 stored as bytes in memory (estimated size 2.3 KB, free 529.9 MB)
20/04/07 16:38:58 INFO BlockManagerInfo: Added broadcast_1_piece0 in memory on localhost:33764 (size: 2.3 KB, free: 530.0 MB)
20/04/07 16:38:58 INFO SparkContext: Created broadcast 1 from broadcast at DAGScheduler.scala:861
20/04/07 16:38:58 INFO DAGScheduler: Submitting 2 missing tasks from ShuffleMapStage 16 (MapPartitionsRDD[3] at flatMap at Graph.scala:36)
20/04/07 16:38:58 INFO TaskSchedulerImpl: Adding task set 16.0 with 2 tasks
20/04/07 16:38:58 INFO DAGScheduler: Submitting ShuffleMapStage 17 (MapPartitionsRDD[5] at map at Graph.scala:24), which has no missing parents
20/04/07 16:38:58 INFO MemoryStore: ensureFreeSpace(3704) called with curMem=139083, maxMem=555755765
20/04/07 16:38:58 INFO MemoryStore: Block broadcast_2 stored as values in memory (estimated size 3.6 KB, free 529.9 MB)
20/04/07 16:38:58 INFO MemoryStore: ensureFreeSpace(2154) called with curMem=142787, maxMem=555755765
20/04/07 16:38:58 INFO MemoryStore: Block broadcast_2_piece0 stored as bytes in memory (estimated size 2.1 KB, free 529.9 MB)
20/04/07 16:38:58 INFO BlockManagerInfo: Added broadcast_2_piece0 in memory on localhost:33764 (size: 2.1 KB, free: 530.0 MB)
20/04/07 16:38:58 INFO SparkContext: Created broadcast 2 from broadcast at DAGScheduler.scala:861
20/04/07 16:38:58 INFO DAGScheduler: Submitting 2 missing tasks from ShuffleMapStage 17 (MapPartitionsRDD[5] at map at Graph.scala:24)
20/04/07 16:38:58 INFO TaskSchedulerImpl: Adding task set 17.0 with 2 tasks
20/04/07 16:38:58 INFO TaskSetManager: Starting task 0.0 in stage 16.0 (TID 0, localhost, PROCESS_LOCAL, 2193 bytes)
20/04/07 16:38:58 INFO TaskSetManager: Starting task 1.0 in stage 16.0 (TID 1, localhost, PROCESS_LOCAL, 2193 bytes)
20/04/07 16:38:58 INFO Executor: Running task 0.0 in stage 16.0 (TID 0)
20/04/07 16:38:58 INFO Executor: Fetching http://198.202.114.15:46519/jars/graph.jar with timestamp 1586302737610
20/04/07 16:38:58 INFO Executor: Running task 1.0 in stage 16.0 (TID 1)
20/04/07 16:38:59 INFO Utils: Fetching http://198.202.114.15:46519/jars/graph.jar to /tmp/spark-9a0977a9-0a42-43bc-b74e-a1474a95f679/userFiles-9e9f3545-d229-47db-a155-e489f747f123/fetchFileTemp1426707759520799939.tmp
20/04/07 16:38:59 INFO Executor: Adding file:/tmp/spark-9a0977a9-0a42-43bc-b74e-a1474a95f679/userFiles-9e9f3545-d229-47db-a155-e489f747f123/graph.jar to class loader
20/04/07 16:38:59 INFO HadoopRDD: Input split: file:/home/adp7372/project5/small-graph.txt:0+28
20/04/07 16:38:59 INFO HadoopRDD: Input split: file:/home/adp7372/project5/small-graph.txt:28+28
20/04/07 16:38:59 INFO deprecation: mapred.tip.id is deprecated. Instead, use mapreduce.task.id
20/04/07 16:38:59 INFO deprecation: mapred.task.id is deprecated. Instead, use mapreduce.task.attempt.id
20/04/07 16:38:59 INFO deprecation: mapred.task.is.map is deprecated. Instead, use mapreduce.task.ismap
20/04/07 16:38:59 INFO deprecation: mapred.task.partition is deprecated. Instead, use mapreduce.task.partition
20/04/07 16:38:59 INFO deprecation: mapred.job.id is deprecated. Instead, use mapreduce.job.id
20/04/07 16:38:59 INFO Executor: Finished task 0.0 in stage 16.0 (TID 0). 2254 bytes result sent to driver
20/04/07 16:38:59 INFO Executor: Finished task 1.0 in stage 16.0 (TID 1). 2254 bytes result sent to driver
20/04/07 16:38:59 INFO TaskSetManager: Starting task 0.0 in stage 17.0 (TID 2, localhost, PROCESS_LOCAL, 2193 bytes)
20/04/07 16:38:59 INFO Executor: Running task 0.0 in stage 17.0 (TID 2)
20/04/07 16:38:59 INFO HadoopRDD: Input split: file:/home/adp7372/project5/small-graph.txt:0+28
20/04/07 16:38:59 INFO TaskSetManager: Starting task 1.0 in stage 17.0 (TID 3, localhost, PROCESS_LOCAL, 2193 bytes)
20/04/07 16:38:59 INFO Executor: Running task 1.0 in stage 17.0 (TID 3)
20/04/07 16:38:59 INFO HadoopRDD: Input split: file:/home/adp7372/project5/small-graph.txt:28+28
20/04/07 16:38:59 INFO Executor: Finished task 1.0 in stage 17.0 (TID 3). 2254 bytes result sent to driver
20/04/07 16:38:59 INFO Executor: Finished task 0.0 in stage 17.0 (TID 2). 2254 bytes result sent to driver
20/04/07 16:38:59 INFO TaskSetManager: Finished task 1.0 in stage 16.0 (TID 1) in 243 ms on localhost (1/2)
20/04/07 16:38:59 INFO DAGScheduler: ShuffleMapStage 16 (flatMap at Graph.scala:36) finished in 0.284 s
20/04/07 16:38:59 INFO DAGScheduler: looking for newly runnable stages
20/04/07 16:38:59 INFO DAGScheduler: running: Set(ShuffleMapStage 17)
20/04/07 16:38:59 INFO DAGScheduler: waiting: Set(ShuffleMapStage 15, ShuffleMapStage 12, ShuffleMapStage 19, ShuffleMapStage 13, ShuffleMapStage 20, ResultStage 24, ShuffleMapStage 21, ShuffleMapStage 18, ShuffleMapStage 22, ShuffleMapStage 14, ShuffleMapStage 23)
20/04/07 16:38:59 INFO DAGScheduler: failed: Set()
20/04/07 16:38:59 INFO DAGScheduler: Missing parents for ShuffleMapStage 15: List(ShuffleMapStage 17)
20/04/07 16:38:59 INFO DAGScheduler: Missing parents for ShuffleMapStage 12: List(ShuffleMapStage 13, ShuffleMapStage 20)
20/04/07 16:38:59 INFO DAGScheduler: Missing parents for ShuffleMapStage 19: List(ShuffleMapStage 15, ShuffleMapStage 18)
20/04/07 16:38:59 INFO DAGScheduler: Missing parents for ShuffleMapStage 13: List(ShuffleMapStage 19, ShuffleMapStage 14)
20/04/07 16:38:59 INFO DAGScheduler: Missing parents for ShuffleMapStage 20: List(ShuffleMapStage 19, ShuffleMapStage 14)
20/04/07 16:38:59 INFO DAGScheduler: Missing parents for ResultStage 24: List(ShuffleMapStage 23)
20/04/07 16:38:59 INFO DAGScheduler: Missing parents for ShuffleMapStage 21: List(ShuffleMapStage 13, ShuffleMapStage 20)
20/04/07 16:38:59 INFO DAGScheduler: Missing parents for ShuffleMapStage 18: List(ShuffleMapStage 17)
20/04/07 16:38:59 INFO DAGScheduler: Missing parents for ShuffleMapStage 22: List(ShuffleMapStage 12, ShuffleMapStage 21)
20/04/07 16:38:59 INFO DAGScheduler: Missing parents for ShuffleMapStage 14: List(ShuffleMapStage 15, ShuffleMapStage 18)
20/04/07 16:38:59 INFO DAGScheduler: Missing parents for ShuffleMapStage 23: List(ShuffleMapStage 22)
20/04/07 16:38:59 INFO TaskSetManager: Finished task 0.0 in stage 16.0 (TID 0) in 290 ms on localhost (2/2)
20/04/07 16:38:59 INFO TaskSchedulerImpl: Removed TaskSet 16.0, whose tasks have all completed, from pool 
20/04/07 16:38:59 INFO TaskSetManager: Finished task 0.0 in stage 17.0 (TID 2) in 66 ms on localhost (1/2)
20/04/07 16:38:59 INFO DAGScheduler: ShuffleMapStage 17 (map at Graph.scala:24) finished in 0.290 s
20/04/07 16:38:59 INFO DAGScheduler: looking for newly runnable stages
20/04/07 16:38:59 INFO DAGScheduler: running: Set()
20/04/07 16:38:59 INFO DAGScheduler: waiting: Set(ShuffleMapStage 15, ShuffleMapStage 12, ShuffleMapStage 19, ShuffleMapStage 13, ShuffleMapStage 20, ResultStage 24, ShuffleMapStage 21, ShuffleMapStage 18, ShuffleMapStage 22, ShuffleMapStage 14, ShuffleMapStage 23)
20/04/07 16:38:59 INFO DAGScheduler: failed: Set()
20/04/07 16:38:59 INFO DAGScheduler: Missing parents for ShuffleMapStage 15: List()
20/04/07 16:38:59 INFO DAGScheduler: Missing parents for ShuffleMapStage 12: List(ShuffleMapStage 13, ShuffleMapStage 20)
20/04/07 16:38:59 INFO DAGScheduler: Missing parents for ShuffleMapStage 19: List(ShuffleMapStage 15, ShuffleMapStage 18)
20/04/07 16:38:59 INFO DAGScheduler: Missing parents for ShuffleMapStage 13: List(ShuffleMapStage 19, ShuffleMapStage 14)
20/04/07 16:38:59 INFO DAGScheduler: Missing parents for ShuffleMapStage 20: List(ShuffleMapStage 19, ShuffleMapStage 14)
20/04/07 16:38:59 INFO DAGScheduler: Missing parents for ResultStage 24: List(ShuffleMapStage 23)
20/04/07 16:38:59 INFO DAGScheduler: Missing parents for ShuffleMapStage 21: List(ShuffleMapStage 13, ShuffleMapStage 20)
20/04/07 16:38:59 INFO DAGScheduler: Missing parents for ShuffleMapStage 18: List()
20/04/07 16:38:59 INFO DAGScheduler: Missing parents for ShuffleMapStage 22: List(ShuffleMapStage 12, ShuffleMapStage 21)
20/04/07 16:38:59 INFO DAGScheduler: Missing parents for ShuffleMapStage 14: List(ShuffleMapStage 15, ShuffleMapStage 18)
20/04/07 16:38:59 INFO DAGScheduler: Missing parents for ShuffleMapStage 23: List(ShuffleMapStage 22)
20/04/07 16:38:59 INFO DAGScheduler: Submitting ShuffleMapStage 15 (MapPartitionsRDD[10] at flatMap at Graph.scala:36), which is now runnable
20/04/07 16:38:59 INFO TaskSetManager: Finished task 1.0 in stage 17.0 (TID 3) in 58 ms on localhost (2/2)
20/04/07 16:38:59 INFO TaskSchedulerImpl: Removed TaskSet 17.0, whose tasks have all completed, from pool 
20/04/07 16:38:59 INFO MemoryStore: ensureFreeSpace(3528) called with curMem=144941, maxMem=555755765
20/04/07 16:38:59 INFO MemoryStore: Block broadcast_3 stored as values in memory (estimated size 3.4 KB, free 529.9 MB)
20/04/07 16:38:59 INFO MemoryStore: ensureFreeSpace(1826) called with curMem=148469, maxMem=555755765
20/04/07 16:38:59 INFO MemoryStore: Block broadcast_3_piece0 stored as bytes in memory (estimated size 1826.0 B, free 529.9 MB)
20/04/07 16:38:59 INFO BlockManagerInfo: Added broadcast_3_piece0 in memory on localhost:33764 (size: 1826.0 B, free: 530.0 MB)
20/04/07 16:38:59 INFO SparkContext: Created broadcast 3 from broadcast at DAGScheduler.scala:861
20/04/07 16:38:59 INFO DAGScheduler: Submitting 2 missing tasks from ShuffleMapStage 15 (MapPartitionsRDD[10] at flatMap at Graph.scala:36)
20/04/07 16:38:59 INFO TaskSchedulerImpl: Adding task set 15.0 with 2 tasks
20/04/07 16:38:59 INFO DAGScheduler: Submitting ShuffleMapStage 18 (MapPartitionsRDD[12] at map at Graph.scala:24), which is now runnable
20/04/07 16:38:59 INFO TaskSetManager: Starting task 0.0 in stage 15.0 (TID 4, localhost, PROCESS_LOCAL, 2169 bytes)
20/04/07 16:38:59 INFO TaskSetManager: Starting task 1.0 in stage 15.0 (TID 5, localhost, PROCESS_LOCAL, 2169 bytes)
20/04/07 16:38:59 INFO Executor: Running task 1.0 in stage 15.0 (TID 5)
20/04/07 16:38:59 INFO Executor: Running task 0.0 in stage 15.0 (TID 4)
20/04/07 16:38:59 INFO MemoryStore: ensureFreeSpace(3432) called with curMem=150295, maxMem=555755765
20/04/07 16:38:59 INFO MemoryStore: Block broadcast_4 stored as values in memory (estimated size 3.4 KB, free 529.9 MB)
20/04/07 16:38:59 INFO ShuffleBlockFetcherIterator: Getting 2 non-empty blocks out of 2 blocks
20/04/07 16:38:59 INFO MemoryStore: ensureFreeSpace(1800) called with curMem=153727, maxMem=555755765
20/04/07 16:38:59 INFO ShuffleBlockFetcherIterator: Started 0 remote fetches in 3 ms
20/04/07 16:38:59 INFO MemoryStore: Block broadcast_4_piece0 stored as bytes in memory (estimated size 1800.0 B, free 529.9 MB)
20/04/07 16:38:59 INFO ShuffleBlockFetcherIterator: Getting 2 non-empty blocks out of 2 blocks
20/04/07 16:38:59 INFO ShuffleBlockFetcherIterator: Started 0 remote fetches in 4 ms
20/04/07 16:38:59 INFO BlockManagerInfo: Added broadcast_4_piece0 in memory on localhost:33764 (size: 1800.0 B, free: 530.0 MB)
20/04/07 16:38:59 INFO SparkContext: Created broadcast 4 from broadcast at DAGScheduler.scala:861
20/04/07 16:38:59 INFO DAGScheduler: Submitting 2 missing tasks from ShuffleMapStage 18 (MapPartitionsRDD[12] at map at Graph.scala:24)
20/04/07 16:38:59 INFO TaskSchedulerImpl: Adding task set 18.0 with 2 tasks
20/04/07 16:38:59 INFO ShuffleBlockFetcherIterator: Getting 2 non-empty blocks out of 2 blocks
20/04/07 16:38:59 INFO ShuffleBlockFetcherIterator: Started 0 remote fetches in 0 ms
20/04/07 16:38:59 INFO ShuffleBlockFetcherIterator: Getting 2 non-empty blocks out of 2 blocks
20/04/07 16:38:59 INFO ShuffleBlockFetcherIterator: Started 0 remote fetches in 0 ms
20/04/07 16:38:59 INFO Executor: Finished task 0.0 in stage 15.0 (TID 4). 1375 bytes result sent to driver
20/04/07 16:38:59 INFO TaskSetManager: Starting task 0.0 in stage 18.0 (TID 6, localhost, PROCESS_LOCAL, 2169 bytes)
20/04/07 16:38:59 INFO TaskSetManager: Finished task 0.0 in stage 15.0 (TID 4) in 55 ms on localhost (1/2)
20/04/07 16:38:59 INFO Executor: Finished task 1.0 in stage 15.0 (TID 5). 1375 bytes result sent to driver
20/04/07 16:38:59 INFO TaskSetManager: Starting task 1.0 in stage 18.0 (TID 7, localhost, PROCESS_LOCAL, 2169 bytes)
20/04/07 16:38:59 INFO Executor: Running task 1.0 in stage 18.0 (TID 7)
20/04/07 16:38:59 INFO TaskSetManager: Finished task 1.0 in stage 15.0 (TID 5) in 56 ms on localhost (2/2)
20/04/07 16:38:59 INFO TaskSchedulerImpl: Removed TaskSet 15.0, whose tasks have all completed, from pool 
20/04/07 16:38:59 INFO DAGScheduler: ShuffleMapStage 15 (flatMap at Graph.scala:36) finished in 0.061 s
20/04/07 16:38:59 INFO DAGScheduler: looking for newly runnable stages
20/04/07 16:38:59 INFO DAGScheduler: running: Set(ShuffleMapStage 18)
20/04/07 16:38:59 INFO DAGScheduler: waiting: Set(ShuffleMapStage 12, ShuffleMapStage 19, ShuffleMapStage 13, ShuffleMapStage 20, ResultStage 24, ShuffleMapStage 21, ShuffleMapStage 22, ShuffleMapStage 14, ShuffleMapStage 23)
20/04/07 16:38:59 INFO DAGScheduler: failed: Set()
20/04/07 16:38:59 INFO DAGScheduler: Missing parents for ShuffleMapStage 12: List(ShuffleMapStage 13, ShuffleMapStage 20)
20/04/07 16:38:59 INFO DAGScheduler: Missing parents for ShuffleMapStage 19: List(ShuffleMapStage 18)
20/04/07 16:38:59 INFO DAGScheduler: Missing parents for ShuffleMapStage 13: List(ShuffleMapStage 19, ShuffleMapStage 14)
20/04/07 16:38:59 INFO DAGScheduler: Missing parents for ShuffleMapStage 20: List(ShuffleMapStage 19, ShuffleMapStage 14)
20/04/07 16:38:59 INFO ShuffleBlockFetcherIterator: Getting 2 non-empty blocks out of 2 blocks
20/04/07 16:38:59 INFO ShuffleBlockFetcherIterator: Started 0 remote fetches in 0 ms
20/04/07 16:38:59 INFO DAGScheduler: Missing parents for ResultStage 24: List(ShuffleMapStage 23)
20/04/07 16:38:59 INFO DAGScheduler: Missing parents for ShuffleMapStage 21: List(ShuffleMapStage 13, ShuffleMapStage 20)
20/04/07 16:38:59 INFO DAGScheduler: Missing parents for ShuffleMapStage 22: List(ShuffleMapStage 12, ShuffleMapStage 21)
20/04/07 16:38:59 INFO DAGScheduler: Missing parents for ShuffleMapStage 14: List(ShuffleMapStage 18)
20/04/07 16:38:59 INFO DAGScheduler: Missing parents for ShuffleMapStage 23: List(ShuffleMapStage 22)
20/04/07 16:38:59 INFO ShuffleBlockFetcherIterator: Getting 2 non-empty blocks out of 2 blocks
20/04/07 16:38:59 INFO ShuffleBlockFetcherIterator: Started 0 remote fetches in 1 ms
20/04/07 16:38:59 INFO Executor: Running task 0.0 in stage 18.0 (TID 6)
20/04/07 16:38:59 INFO Executor: Finished task 1.0 in stage 18.0 (TID 7). 1375 bytes result sent to driver
20/04/07 16:38:59 INFO TaskSetManager: Finished task 1.0 in stage 18.0 (TID 7) in 15 ms on localhost (1/2)
20/04/07 16:38:59 INFO ShuffleBlockFetcherIterator: Getting 2 non-empty blocks out of 2 blocks
20/04/07 16:38:59 INFO ShuffleBlockFetcherIterator: Started 0 remote fetches in 0 ms
20/04/07 16:38:59 INFO ShuffleBlockFetcherIterator: Getting 2 non-empty blocks out of 2 blocks
20/04/07 16:38:59 INFO ShuffleBlockFetcherIterator: Started 0 remote fetches in 0 ms
20/04/07 16:38:59 INFO Executor: Finished task 0.0 in stage 18.0 (TID 6). 1375 bytes result sent to driver
20/04/07 16:38:59 INFO TaskSetManager: Finished task 0.0 in stage 18.0 (TID 6) in 30 ms on localhost (2/2)
20/04/07 16:38:59 INFO TaskSchedulerImpl: Removed TaskSet 18.0, whose tasks have all completed, from pool 
20/04/07 16:38:59 INFO DAGScheduler: ShuffleMapStage 18 (map at Graph.scala:24) finished in 0.054 s
20/04/07 16:38:59 INFO DAGScheduler: looking for newly runnable stages
20/04/07 16:38:59 INFO DAGScheduler: running: Set()
20/04/07 16:38:59 INFO DAGScheduler: waiting: Set(ShuffleMapStage 12, ShuffleMapStage 19, ShuffleMapStage 13, ShuffleMapStage 20, ResultStage 24, ShuffleMapStage 21, ShuffleMapStage 22, ShuffleMapStage 14, ShuffleMapStage 23)
20/04/07 16:38:59 INFO DAGScheduler: failed: Set()
20/04/07 16:38:59 INFO DAGScheduler: Missing parents for ShuffleMapStage 12: List(ShuffleMapStage 13, ShuffleMapStage 20)
20/04/07 16:38:59 INFO DAGScheduler: Missing parents for ShuffleMapStage 19: List()
20/04/07 16:38:59 INFO DAGScheduler: Missing parents for ShuffleMapStage 13: List(ShuffleMapStage 19, ShuffleMapStage 14)
20/04/07 16:38:59 INFO DAGScheduler: Missing parents for ShuffleMapStage 20: List(ShuffleMapStage 19, ShuffleMapStage 14)
20/04/07 16:38:59 INFO DAGScheduler: Missing parents for ResultStage 24: List(ShuffleMapStage 23)
20/04/07 16:38:59 INFO DAGScheduler: Missing parents for ShuffleMapStage 21: List(ShuffleMapStage 13, ShuffleMapStage 20)
20/04/07 16:38:59 INFO DAGScheduler: Missing parents for ShuffleMapStage 22: List(ShuffleMapStage 12, ShuffleMapStage 21)
20/04/07 16:38:59 INFO DAGScheduler: Missing parents for ShuffleMapStage 14: List()
20/04/07 16:38:59 INFO DAGScheduler: Missing parents for ShuffleMapStage 23: List(ShuffleMapStage 22)
20/04/07 16:38:59 INFO DAGScheduler: Submitting ShuffleMapStage 14 (MapPartitionsRDD[17] at flatMap at Graph.scala:36), which is now runnable
20/04/07 16:38:59 INFO MemoryStore: ensureFreeSpace(3528) called with curMem=155527, maxMem=555755765
20/04/07 16:38:59 INFO MemoryStore: Block broadcast_5 stored as values in memory (estimated size 3.4 KB, free 529.9 MB)
20/04/07 16:38:59 INFO MemoryStore: ensureFreeSpace(1839) called with curMem=159055, maxMem=555755765
20/04/07 16:38:59 INFO MemoryStore: Block broadcast_5_piece0 stored as bytes in memory (estimated size 1839.0 B, free 529.9 MB)
20/04/07 16:38:59 INFO BlockManagerInfo: Added broadcast_5_piece0 in memory on localhost:33764 (size: 1839.0 B, free: 530.0 MB)
20/04/07 16:38:59 INFO SparkContext: Created broadcast 5 from broadcast at DAGScheduler.scala:861
20/04/07 16:38:59 INFO DAGScheduler: Submitting 2 missing tasks from ShuffleMapStage 14 (MapPartitionsRDD[17] at flatMap at Graph.scala:36)
20/04/07 16:38:59 INFO TaskSchedulerImpl: Adding task set 14.0 with 2 tasks
20/04/07 16:38:59 INFO DAGScheduler: Submitting ShuffleMapStage 19 (MapPartitionsRDD[19] at map at Graph.scala:24), which is now runnable
20/04/07 16:38:59 INFO TaskSetManager: Starting task 0.0 in stage 14.0 (TID 8, localhost, PROCESS_LOCAL, 2169 bytes)
20/04/07 16:38:59 INFO TaskSetManager: Starting task 1.0 in stage 14.0 (TID 9, localhost, PROCESS_LOCAL, 2169 bytes)
20/04/07 16:38:59 INFO Executor: Running task 1.0 in stage 14.0 (TID 9)
20/04/07 16:38:59 INFO MemoryStore: ensureFreeSpace(3432) called with curMem=160894, maxMem=555755765
20/04/07 16:38:59 INFO MemoryStore: Block broadcast_6 stored as values in memory (estimated size 3.4 KB, free 529.9 MB)
20/04/07 16:38:59 INFO ShuffleBlockFetcherIterator: Getting 2 non-empty blocks out of 2 blocks
20/04/07 16:38:59 INFO ShuffleBlockFetcherIterator: Started 0 remote fetches in 1 ms
20/04/07 16:38:59 INFO MemoryStore: ensureFreeSpace(1811) called with curMem=164326, maxMem=555755765
20/04/07 16:38:59 INFO MemoryStore: Block broadcast_6_piece0 stored as bytes in memory (estimated size 1811.0 B, free 529.9 MB)
20/04/07 16:38:59 INFO ShuffleBlockFetcherIterator: Getting 2 non-empty blocks out of 2 blocks
20/04/07 16:38:59 INFO ShuffleBlockFetcherIterator: Started 0 remote fetches in 0 ms
20/04/07 16:38:59 INFO BlockManagerInfo: Added broadcast_6_piece0 in memory on localhost:33764 (size: 1811.0 B, free: 530.0 MB)
20/04/07 16:38:59 INFO SparkContext: Created broadcast 6 from broadcast at DAGScheduler.scala:861
20/04/07 16:38:59 INFO DAGScheduler: Submitting 2 missing tasks from ShuffleMapStage 19 (MapPartitionsRDD[19] at map at Graph.scala:24)
20/04/07 16:38:59 INFO TaskSchedulerImpl: Adding task set 19.0 with 2 tasks
20/04/07 16:38:59 INFO Executor: Running task 0.0 in stage 14.0 (TID 8)
20/04/07 16:38:59 INFO ShuffleBlockFetcherIterator: Getting 2 non-empty blocks out of 2 blocks
20/04/07 16:38:59 INFO Executor: Finished task 1.0 in stage 14.0 (TID 9). 1375 bytes result sent to driver
20/04/07 16:38:59 INFO ShuffleBlockFetcherIterator: Started 0 remote fetches in 0 ms
20/04/07 16:38:59 INFO ShuffleBlockFetcherIterator: Getting 2 non-empty blocks out of 2 blocks
20/04/07 16:38:59 INFO ShuffleBlockFetcherIterator: Started 0 remote fetches in 0 ms
20/04/07 16:38:59 INFO Executor: Finished task 0.0 in stage 14.0 (TID 8). 1375 bytes result sent to driver
20/04/07 16:38:59 INFO TaskSetManager: Starting task 0.0 in stage 19.0 (TID 10, localhost, PROCESS_LOCAL, 2169 bytes)
20/04/07 16:38:59 INFO TaskSetManager: Starting task 1.0 in stage 19.0 (TID 11, localhost, PROCESS_LOCAL, 2169 bytes)
20/04/07 16:38:59 INFO Executor: Running task 1.0 in stage 19.0 (TID 11)
20/04/07 16:38:59 INFO TaskSetManager: Finished task 1.0 in stage 14.0 (TID 9) in 25 ms on localhost (1/2)
20/04/07 16:38:59 INFO TaskSetManager: Finished task 0.0 in stage 14.0 (TID 8) in 27 ms on localhost (2/2)
20/04/07 16:38:59 INFO TaskSchedulerImpl: Removed TaskSet 14.0, whose tasks have all completed, from pool 
20/04/07 16:38:59 INFO ShuffleBlockFetcherIterator: Getting 2 non-empty blocks out of 2 blocks
20/04/07 16:38:59 INFO ShuffleBlockFetcherIterator: Started 0 remote fetches in 0 ms
20/04/07 16:38:59 INFO ShuffleBlockFetcherIterator: Getting 2 non-empty blocks out of 2 blocks
20/04/07 16:38:59 INFO ShuffleBlockFetcherIterator: Started 0 remote fetches in 1 ms
20/04/07 16:38:59 INFO Executor: Finished task 1.0 in stage 19.0 (TID 11). 1375 bytes result sent to driver
20/04/07 16:38:59 INFO TaskSetManager: Finished task 1.0 in stage 19.0 (TID 11) in 10 ms on localhost (1/2)
20/04/07 16:38:59 INFO DAGScheduler: ShuffleMapStage 14 (flatMap at Graph.scala:36) finished in 0.035 s
20/04/07 16:38:59 INFO DAGScheduler: looking for newly runnable stages
20/04/07 16:38:59 INFO DAGScheduler: running: Set(ShuffleMapStage 19)
20/04/07 16:38:59 INFO DAGScheduler: waiting: Set(ShuffleMapStage 12, ShuffleMapStage 13, ShuffleMapStage 20, ResultStage 24, ShuffleMapStage 21, ShuffleMapStage 22, ShuffleMapStage 23)
20/04/07 16:38:59 INFO DAGScheduler: failed: Set()
20/04/07 16:38:59 INFO DAGScheduler: Missing parents for ShuffleMapStage 12: List(ShuffleMapStage 13, ShuffleMapStage 20)
20/04/07 16:38:59 INFO DAGScheduler: Missing parents for ShuffleMapStage 13: List(ShuffleMapStage 19)
20/04/07 16:38:59 INFO DAGScheduler: Missing parents for ShuffleMapStage 20: List(ShuffleMapStage 19)
20/04/07 16:38:59 INFO DAGScheduler: Missing parents for ResultStage 24: List(ShuffleMapStage 23)
20/04/07 16:38:59 INFO DAGScheduler: Missing parents for ShuffleMapStage 21: List(ShuffleMapStage 13, ShuffleMapStage 20)
20/04/07 16:38:59 INFO DAGScheduler: Missing parents for ShuffleMapStage 22: List(ShuffleMapStage 12, ShuffleMapStage 21)
20/04/07 16:38:59 INFO DAGScheduler: Missing parents for ShuffleMapStage 23: List(ShuffleMapStage 22)
20/04/07 16:38:59 INFO Executor: Running task 0.0 in stage 19.0 (TID 10)
20/04/07 16:38:59 INFO ShuffleBlockFetcherIterator: Getting 2 non-empty blocks out of 2 blocks
20/04/07 16:38:59 INFO ShuffleBlockFetcherIterator: Started 0 remote fetches in 1 ms
20/04/07 16:38:59 INFO ShuffleBlockFetcherIterator: Getting 2 non-empty blocks out of 2 blocks
20/04/07 16:38:59 INFO ShuffleBlockFetcherIterator: Started 0 remote fetches in 0 ms
20/04/07 16:38:59 INFO Executor: Finished task 0.0 in stage 19.0 (TID 10). 1375 bytes result sent to driver
20/04/07 16:38:59 INFO TaskSetManager: Finished task 0.0 in stage 19.0 (TID 10) in 28 ms on localhost (2/2)
20/04/07 16:38:59 INFO TaskSchedulerImpl: Removed TaskSet 19.0, whose tasks have all completed, from pool 
20/04/07 16:38:59 INFO DAGScheduler: ShuffleMapStage 19 (map at Graph.scala:24) finished in 0.043 s
20/04/07 16:38:59 INFO DAGScheduler: looking for newly runnable stages
20/04/07 16:38:59 INFO DAGScheduler: running: Set()
20/04/07 16:38:59 INFO DAGScheduler: waiting: Set(ShuffleMapStage 12, ShuffleMapStage 13, ShuffleMapStage 20, ResultStage 24, ShuffleMapStage 21, ShuffleMapStage 22, ShuffleMapStage 23)
20/04/07 16:38:59 INFO DAGScheduler: failed: Set()
20/04/07 16:38:59 INFO DAGScheduler: Missing parents for ShuffleMapStage 12: List(ShuffleMapStage 13, ShuffleMapStage 20)
20/04/07 16:38:59 INFO DAGScheduler: Missing parents for ShuffleMapStage 13: List()
20/04/07 16:38:59 INFO DAGScheduler: Missing parents for ShuffleMapStage 20: List()
20/04/07 16:38:59 INFO DAGScheduler: Missing parents for ResultStage 24: List(ShuffleMapStage 23)
20/04/07 16:38:59 INFO DAGScheduler: Missing parents for ShuffleMapStage 21: List(ShuffleMapStage 13, ShuffleMapStage 20)
20/04/07 16:38:59 INFO DAGScheduler: Missing parents for ShuffleMapStage 22: List(ShuffleMapStage 12, ShuffleMapStage 21)
20/04/07 16:38:59 INFO DAGScheduler: Missing parents for ShuffleMapStage 23: List(ShuffleMapStage 22)
20/04/07 16:38:59 INFO DAGScheduler: Submitting ShuffleMapStage 13 (MapPartitionsRDD[24] at flatMap at Graph.scala:36), which is now runnable
20/04/07 16:38:59 INFO MemoryStore: ensureFreeSpace(3528) called with curMem=166137, maxMem=555755765
20/04/07 16:38:59 INFO MemoryStore: Block broadcast_7 stored as values in memory (estimated size 3.4 KB, free 529.8 MB)
20/04/07 16:38:59 INFO MemoryStore: ensureFreeSpace(1838) called with curMem=169665, maxMem=555755765
20/04/07 16:38:59 INFO MemoryStore: Block broadcast_7_piece0 stored as bytes in memory (estimated size 1838.0 B, free 529.8 MB)
20/04/07 16:38:59 INFO BlockManagerInfo: Added broadcast_7_piece0 in memory on localhost:33764 (size: 1838.0 B, free: 530.0 MB)
20/04/07 16:38:59 INFO SparkContext: Created broadcast 7 from broadcast at DAGScheduler.scala:861
20/04/07 16:38:59 INFO DAGScheduler: Submitting 2 missing tasks from ShuffleMapStage 13 (MapPartitionsRDD[24] at flatMap at Graph.scala:36)
20/04/07 16:38:59 INFO TaskSchedulerImpl: Adding task set 13.0 with 2 tasks
20/04/07 16:38:59 INFO DAGScheduler: Submitting ShuffleMapStage 20 (MapPartitionsRDD[26] at map at Graph.scala:24), which is now runnable
20/04/07 16:38:59 INFO TaskSetManager: Starting task 0.0 in stage 13.0 (TID 12, localhost, PROCESS_LOCAL, 2169 bytes)
20/04/07 16:38:59 INFO TaskSetManager: Starting task 1.0 in stage 13.0 (TID 13, localhost, PROCESS_LOCAL, 2169 bytes)
20/04/07 16:38:59 INFO MemoryStore: ensureFreeSpace(3432) called with curMem=171503, maxMem=555755765
20/04/07 16:38:59 INFO Executor: Running task 1.0 in stage 13.0 (TID 13)
20/04/07 16:38:59 INFO MemoryStore: Block broadcast_8 stored as values in memory (estimated size 3.4 KB, free 529.8 MB)
20/04/07 16:38:59 INFO ShuffleBlockFetcherIterator: Getting 2 non-empty blocks out of 2 blocks
20/04/07 16:38:59 INFO ShuffleBlockFetcherIterator: Started 0 remote fetches in 0 ms
20/04/07 16:38:59 INFO MemoryStore: ensureFreeSpace(1812) called with curMem=174935, maxMem=555755765
20/04/07 16:38:59 INFO ShuffleBlockFetcherIterator: Getting 2 non-empty blocks out of 2 blocks
20/04/07 16:38:59 INFO ShuffleBlockFetcherIterator: Started 0 remote fetches in 0 ms
20/04/07 16:38:59 INFO MemoryStore: Block broadcast_8_piece0 stored as bytes in memory (estimated size 1812.0 B, free 529.8 MB)
20/04/07 16:38:59 INFO Executor: Running task 0.0 in stage 13.0 (TID 12)
20/04/07 16:38:59 INFO Executor: Finished task 1.0 in stage 13.0 (TID 13). 1375 bytes result sent to driver
20/04/07 16:38:59 INFO BlockManagerInfo: Added broadcast_8_piece0 in memory on localhost:33764 (size: 1812.0 B, free: 530.0 MB)
20/04/07 16:38:59 INFO ShuffleBlockFetcherIterator: Getting 2 non-empty blocks out of 2 blocks
20/04/07 16:38:59 INFO ShuffleBlockFetcherIterator: Started 0 remote fetches in 0 ms
20/04/07 16:38:59 INFO TaskSetManager: Finished task 1.0 in stage 13.0 (TID 13) in 10 ms on localhost (1/2)
20/04/07 16:38:59 INFO ShuffleBlockFetcherIterator: Getting 2 non-empty blocks out of 2 blocks
20/04/07 16:38:59 INFO ShuffleBlockFetcherIterator: Started 0 remote fetches in 0 ms
20/04/07 16:38:59 INFO Executor: Finished task 0.0 in stage 13.0 (TID 12). 1375 bytes result sent to driver
20/04/07 16:38:59 INFO SparkContext: Created broadcast 8 from broadcast at DAGScheduler.scala:861
20/04/07 16:38:59 INFO DAGScheduler: Submitting 2 missing tasks from ShuffleMapStage 20 (MapPartitionsRDD[26] at map at Graph.scala:24)
20/04/07 16:38:59 INFO TaskSchedulerImpl: Adding task set 20.0 with 2 tasks
20/04/07 16:38:59 INFO TaskSetManager: Finished task 0.0 in stage 13.0 (TID 12) in 18 ms on localhost (2/2)
20/04/07 16:38:59 INFO TaskSchedulerImpl: Removed TaskSet 13.0, whose tasks have all completed, from pool 
20/04/07 16:38:59 INFO TaskSetManager: Starting task 0.0 in stage 20.0 (TID 14, localhost, PROCESS_LOCAL, 2169 bytes)
20/04/07 16:38:59 INFO TaskSetManager: Starting task 1.0 in stage 20.0 (TID 15, localhost, PROCESS_LOCAL, 2169 bytes)
20/04/07 16:38:59 INFO DAGScheduler: ShuffleMapStage 13 (flatMap at Graph.scala:36) finished in 0.020 s
20/04/07 16:38:59 INFO DAGScheduler: looking for newly runnable stages
20/04/07 16:38:59 INFO DAGScheduler: running: Set(ShuffleMapStage 20)
20/04/07 16:38:59 INFO DAGScheduler: waiting: Set(ShuffleMapStage 12, ResultStage 24, ShuffleMapStage 21, ShuffleMapStage 22, ShuffleMapStage 23)
20/04/07 16:38:59 INFO DAGScheduler: failed: Set()
20/04/07 16:38:59 INFO Executor: Running task 1.0 in stage 20.0 (TID 15)
20/04/07 16:38:59 INFO DAGScheduler: Missing parents for ShuffleMapStage 12: List(ShuffleMapStage 20)
20/04/07 16:38:59 INFO DAGScheduler: Missing parents for ResultStage 24: List(ShuffleMapStage 23)
20/04/07 16:38:59 INFO DAGScheduler: Missing parents for ShuffleMapStage 21: List(ShuffleMapStage 20)
20/04/07 16:38:59 INFO DAGScheduler: Missing parents for ShuffleMapStage 22: List(ShuffleMapStage 12, ShuffleMapStage 21)
20/04/07 16:38:59 INFO DAGScheduler: Missing parents for ShuffleMapStage 23: List(ShuffleMapStage 22)
20/04/07 16:38:59 INFO ShuffleBlockFetcherIterator: Getting 2 non-empty blocks out of 2 blocks
20/04/07 16:38:59 INFO ShuffleBlockFetcherIterator: Started 0 remote fetches in 1 ms
20/04/07 16:38:59 INFO ShuffleBlockFetcherIterator: Getting 2 non-empty blocks out of 2 blocks
20/04/07 16:38:59 INFO ShuffleBlockFetcherIterator: Started 0 remote fetches in 0 ms
20/04/07 16:38:59 INFO Executor: Running task 0.0 in stage 20.0 (TID 14)
20/04/07 16:38:59 INFO ShuffleBlockFetcherIterator: Getting 2 non-empty blocks out of 2 blocks
20/04/07 16:38:59 INFO ShuffleBlockFetcherIterator: Started 0 remote fetches in 1 ms
20/04/07 16:38:59 INFO Executor: Finished task 1.0 in stage 20.0 (TID 15). 1375 bytes result sent to driver
20/04/07 16:38:59 INFO TaskSetManager: Finished task 1.0 in stage 20.0 (TID 15) in 13 ms on localhost (1/2)
20/04/07 16:38:59 INFO ShuffleBlockFetcherIterator: Getting 2 non-empty blocks out of 2 blocks
20/04/07 16:38:59 INFO ShuffleBlockFetcherIterator: Started 0 remote fetches in 0 ms
20/04/07 16:38:59 INFO Executor: Finished task 0.0 in stage 20.0 (TID 14). 1375 bytes result sent to driver
20/04/07 16:38:59 INFO TaskSetManager: Finished task 0.0 in stage 20.0 (TID 14) in 25 ms on localhost (2/2)
20/04/07 16:38:59 INFO TaskSchedulerImpl: Removed TaskSet 20.0, whose tasks have all completed, from pool 
20/04/07 16:38:59 INFO DAGScheduler: ShuffleMapStage 20 (map at Graph.scala:24) finished in 0.026 s
20/04/07 16:38:59 INFO DAGScheduler: looking for newly runnable stages
20/04/07 16:38:59 INFO DAGScheduler: running: Set()
20/04/07 16:38:59 INFO DAGScheduler: waiting: Set(ShuffleMapStage 12, ResultStage 24, ShuffleMapStage 21, ShuffleMapStage 22, ShuffleMapStage 23)
20/04/07 16:38:59 INFO DAGScheduler: failed: Set()
20/04/07 16:38:59 INFO DAGScheduler: Missing parents for ShuffleMapStage 12: List()
20/04/07 16:38:59 INFO DAGScheduler: Missing parents for ResultStage 24: List(ShuffleMapStage 23)
20/04/07 16:38:59 INFO DAGScheduler: Missing parents for ShuffleMapStage 21: List()
20/04/07 16:38:59 INFO DAGScheduler: Missing parents for ShuffleMapStage 22: List(ShuffleMapStage 12, ShuffleMapStage 21)
20/04/07 16:38:59 INFO DAGScheduler: Missing parents for ShuffleMapStage 23: List(ShuffleMapStage 22)
20/04/07 16:38:59 INFO DAGScheduler: Submitting ShuffleMapStage 12 (MapPartitionsRDD[31] at flatMap at Graph.scala:36), which is now runnable
20/04/07 16:38:59 INFO MemoryStore: ensureFreeSpace(3528) called with curMem=176747, maxMem=555755765
20/04/07 16:38:59 INFO MemoryStore: Block broadcast_9 stored as values in memory (estimated size 3.4 KB, free 529.8 MB)
20/04/07 16:38:59 INFO MemoryStore: ensureFreeSpace(1839) called with curMem=180275, maxMem=555755765
20/04/07 16:38:59 INFO MemoryStore: Block broadcast_9_piece0 stored as bytes in memory (estimated size 1839.0 B, free 529.8 MB)
20/04/07 16:38:59 INFO BlockManagerInfo: Added broadcast_9_piece0 in memory on localhost:33764 (size: 1839.0 B, free: 530.0 MB)
20/04/07 16:38:59 INFO SparkContext: Created broadcast 9 from broadcast at DAGScheduler.scala:861
20/04/07 16:38:59 INFO DAGScheduler: Submitting 2 missing tasks from ShuffleMapStage 12 (MapPartitionsRDD[31] at flatMap at Graph.scala:36)
20/04/07 16:38:59 INFO TaskSchedulerImpl: Adding task set 12.0 with 2 tasks
20/04/07 16:38:59 INFO DAGScheduler: Submitting ShuffleMapStage 21 (MapPartitionsRDD[33] at map at Graph.scala:24), which is now runnable
20/04/07 16:38:59 INFO TaskSetManager: Starting task 0.0 in stage 12.0 (TID 16, localhost, PROCESS_LOCAL, 2169 bytes)
20/04/07 16:38:59 INFO TaskSetManager: Starting task 1.0 in stage 12.0 (TID 17, localhost, PROCESS_LOCAL, 2169 bytes)
20/04/07 16:38:59 INFO Executor: Running task 1.0 in stage 12.0 (TID 17)
20/04/07 16:38:59 INFO ShuffleBlockFetcherIterator: Getting 2 non-empty blocks out of 2 blocks
20/04/07 16:38:59 INFO ShuffleBlockFetcherIterator: Started 0 remote fetches in 0 ms
20/04/07 16:38:59 INFO ShuffleBlockFetcherIterator: Getting 2 non-empty blocks out of 2 blocks
20/04/07 16:38:59 INFO ShuffleBlockFetcherIterator: Started 0 remote fetches in 0 ms
20/04/07 16:38:59 INFO Executor: Finished task 1.0 in stage 12.0 (TID 17). 1375 bytes result sent to driver
20/04/07 16:38:59 INFO Executor: Running task 0.0 in stage 12.0 (TID 16)
20/04/07 16:38:59 INFO TaskSetManager: Finished task 1.0 in stage 12.0 (TID 17) in 9 ms on localhost (1/2)
20/04/07 16:38:59 INFO ShuffleBlockFetcherIterator: Getting 2 non-empty blocks out of 2 blocks
20/04/07 16:38:59 INFO ShuffleBlockFetcherIterator: Started 0 remote fetches in 0 ms
20/04/07 16:38:59 INFO ShuffleBlockFetcherIterator: Getting 2 non-empty blocks out of 2 blocks
20/04/07 16:38:59 INFO ShuffleBlockFetcherIterator: Started 0 remote fetches in 0 ms
20/04/07 16:38:59 INFO Executor: Finished task 0.0 in stage 12.0 (TID 16). 1375 bytes result sent to driver
20/04/07 16:38:59 INFO MemoryStore: ensureFreeSpace(3432) called with curMem=182114, maxMem=555755765
20/04/07 16:38:59 INFO MemoryStore: Block broadcast_10 stored as values in memory (estimated size 3.4 KB, free 529.8 MB)
20/04/07 16:38:59 INFO TaskSetManager: Finished task 0.0 in stage 12.0 (TID 16) in 16 ms on localhost (2/2)
20/04/07 16:38:59 INFO TaskSchedulerImpl: Removed TaskSet 12.0, whose tasks have all completed, from pool 
20/04/07 16:38:59 INFO MemoryStore: ensureFreeSpace(1813) called with curMem=185546, maxMem=555755765
20/04/07 16:38:59 INFO MemoryStore: Block broadcast_10_piece0 stored as bytes in memory (estimated size 1813.0 B, free 529.8 MB)
20/04/07 16:38:59 INFO BlockManagerInfo: Added broadcast_10_piece0 in memory on localhost:33764 (size: 1813.0 B, free: 530.0 MB)
20/04/07 16:38:59 INFO SparkContext: Created broadcast 10 from broadcast at DAGScheduler.scala:861
20/04/07 16:38:59 INFO DAGScheduler: Submitting 2 missing tasks from ShuffleMapStage 21 (MapPartitionsRDD[33] at map at Graph.scala:24)
20/04/07 16:38:59 INFO TaskSchedulerImpl: Adding task set 21.0 with 2 tasks
20/04/07 16:38:59 INFO TaskSetManager: Starting task 0.0 in stage 21.0 (TID 18, localhost, PROCESS_LOCAL, 2169 bytes)
20/04/07 16:38:59 INFO DAGScheduler: ShuffleMapStage 12 (flatMap at Graph.scala:36) finished in 0.031 s
20/04/07 16:38:59 INFO DAGScheduler: looking for newly runnable stages
20/04/07 16:38:59 INFO DAGScheduler: running: Set(ShuffleMapStage 21)
20/04/07 16:38:59 INFO DAGScheduler: waiting: Set(ResultStage 24, ShuffleMapStage 22, ShuffleMapStage 23)
20/04/07 16:38:59 INFO DAGScheduler: failed: Set()
20/04/07 16:38:59 INFO TaskSetManager: Starting task 1.0 in stage 21.0 (TID 19, localhost, PROCESS_LOCAL, 2169 bytes)
20/04/07 16:38:59 INFO Executor: Running task 1.0 in stage 21.0 (TID 19)
20/04/07 16:38:59 INFO ShuffleBlockFetcherIterator: Getting 2 non-empty blocks out of 2 blocks
20/04/07 16:38:59 INFO ShuffleBlockFetcherIterator: Started 0 remote fetches in 0 ms
20/04/07 16:38:59 INFO ShuffleBlockFetcherIterator: Getting 2 non-empty blocks out of 2 blocks
20/04/07 16:38:59 INFO ShuffleBlockFetcherIterator: Started 0 remote fetches in 0 ms
20/04/07 16:38:59 INFO Executor: Finished task 1.0 in stage 21.0 (TID 19). 1375 bytes result sent to driver
20/04/07 16:38:59 INFO Executor: Running task 0.0 in stage 21.0 (TID 18)
20/04/07 16:38:59 INFO TaskSetManager: Finished task 1.0 in stage 21.0 (TID 19) in 9 ms on localhost (1/2)
20/04/07 16:38:59 INFO ShuffleBlockFetcherIterator: Getting 2 non-empty blocks out of 2 blocks
20/04/07 16:38:59 INFO ShuffleBlockFetcherIterator: Started 0 remote fetches in 1 ms
20/04/07 16:38:59 INFO ShuffleBlockFetcherIterator: Getting 2 non-empty blocks out of 2 blocks
20/04/07 16:38:59 INFO ShuffleBlockFetcherIterator: Started 0 remote fetches in 0 ms
20/04/07 16:38:59 INFO Executor: Finished task 0.0 in stage 21.0 (TID 18). 1375 bytes result sent to driver
20/04/07 16:38:59 INFO DAGScheduler: Missing parents for ResultStage 24: List(ShuffleMapStage 23)
20/04/07 16:38:59 INFO TaskSetManager: Finished task 0.0 in stage 21.0 (TID 18) in 15 ms on localhost (2/2)
20/04/07 16:38:59 INFO TaskSchedulerImpl: Removed TaskSet 21.0, whose tasks have all completed, from pool 
20/04/07 16:38:59 INFO DAGScheduler: Missing parents for ShuffleMapStage 22: List(ShuffleMapStage 21)
20/04/07 16:38:59 INFO DAGScheduler: Missing parents for ShuffleMapStage 23: List(ShuffleMapStage 22)
20/04/07 16:38:59 INFO DAGScheduler: ShuffleMapStage 21 (map at Graph.scala:24) finished in 0.016 s
20/04/07 16:38:59 INFO DAGScheduler: looking for newly runnable stages
20/04/07 16:38:59 INFO DAGScheduler: running: Set()
20/04/07 16:38:59 INFO DAGScheduler: waiting: Set(ResultStage 24, ShuffleMapStage 22, ShuffleMapStage 23)
20/04/07 16:38:59 INFO DAGScheduler: failed: Set()
20/04/07 16:38:59 INFO DAGScheduler: Missing parents for ResultStage 24: List(ShuffleMapStage 23)
20/04/07 16:38:59 INFO DAGScheduler: Missing parents for ShuffleMapStage 22: List()
20/04/07 16:38:59 INFO DAGScheduler: Missing parents for ShuffleMapStage 23: List(ShuffleMapStage 22)
20/04/07 16:38:59 INFO DAGScheduler: Submitting ShuffleMapStage 22 (MapPartitionsRDD[38] at map at Graph.scala:29), which is now runnable
20/04/07 16:38:59 INFO MemoryStore: ensureFreeSpace(3464) called with curMem=187359, maxMem=555755765
20/04/07 16:38:59 INFO MemoryStore: Block broadcast_11 stored as values in memory (estimated size 3.4 KB, free 529.8 MB)
20/04/07 16:38:59 INFO MemoryStore: ensureFreeSpace(1832) called with curMem=190823, maxMem=555755765
20/04/07 16:38:59 INFO MemoryStore: Block broadcast_11_piece0 stored as bytes in memory (estimated size 1832.0 B, free 529.8 MB)
20/04/07 16:38:59 INFO BlockManagerInfo: Added broadcast_11_piece0 in memory on localhost:33764 (size: 1832.0 B, free: 530.0 MB)
20/04/07 16:38:59 INFO SparkContext: Created broadcast 11 from broadcast at DAGScheduler.scala:861
20/04/07 16:38:59 INFO DAGScheduler: Submitting 2 missing tasks from ShuffleMapStage 22 (MapPartitionsRDD[38] at map at Graph.scala:29)
20/04/07 16:38:59 INFO TaskSchedulerImpl: Adding task set 22.0 with 2 tasks
20/04/07 16:38:59 INFO TaskSetManager: Starting task 0.0 in stage 22.0 (TID 20, localhost, PROCESS_LOCAL, 2169 bytes)
20/04/07 16:38:59 INFO TaskSetManager: Starting task 1.0 in stage 22.0 (TID 21, localhost, PROCESS_LOCAL, 2169 bytes)
20/04/07 16:38:59 INFO Executor: Running task 0.0 in stage 22.0 (TID 20)
20/04/07 16:38:59 INFO Executor: Running task 1.0 in stage 22.0 (TID 21)
20/04/07 16:38:59 INFO ShuffleBlockFetcherIterator: Getting 2 non-empty blocks out of 2 blocks
20/04/07 16:38:59 INFO ShuffleBlockFetcherIterator: Started 0 remote fetches in 2 ms
20/04/07 16:38:59 INFO ShuffleBlockFetcherIterator: Getting 2 non-empty blocks out of 2 blocks
20/04/07 16:38:59 INFO ShuffleBlockFetcherIterator: Getting 2 non-empty blocks out of 2 blocks
20/04/07 16:38:59 INFO ShuffleBlockFetcherIterator: Started 0 remote fetches in 0 ms
20/04/07 16:38:59 INFO ShuffleBlockFetcherIterator: Started 0 remote fetches in 0 ms
20/04/07 16:38:59 INFO ShuffleBlockFetcherIterator: Getting 2 non-empty blocks out of 2 blocks
20/04/07 16:38:59 INFO ShuffleBlockFetcherIterator: Started 0 remote fetches in 1 ms
20/04/07 16:38:59 INFO Executor: Finished task 0.0 in stage 22.0 (TID 20). 1375 bytes result sent to driver
20/04/07 16:38:59 INFO TaskSetManager: Finished task 0.0 in stage 22.0 (TID 20) in 12 ms on localhost (1/2)
20/04/07 16:38:59 INFO Executor: Finished task 1.0 in stage 22.0 (TID 21). 1375 bytes result sent to driver
20/04/07 16:38:59 INFO TaskSetManager: Finished task 1.0 in stage 22.0 (TID 21) in 12 ms on localhost (2/2)
20/04/07 16:38:59 INFO TaskSchedulerImpl: Removed TaskSet 22.0, whose tasks have all completed, from pool 
20/04/07 16:38:59 INFO DAGScheduler: ShuffleMapStage 22 (map at Graph.scala:29) finished in 0.014 s
20/04/07 16:38:59 INFO DAGScheduler: looking for newly runnable stages
20/04/07 16:38:59 INFO DAGScheduler: running: Set()
20/04/07 16:38:59 INFO DAGScheduler: waiting: Set(ResultStage 24, ShuffleMapStage 23)
20/04/07 16:38:59 INFO DAGScheduler: failed: Set()
20/04/07 16:38:59 INFO DAGScheduler: Missing parents for ResultStage 24: List(ShuffleMapStage 23)
20/04/07 16:38:59 INFO DAGScheduler: Missing parents for ShuffleMapStage 23: List()
20/04/07 16:38:59 INFO DAGScheduler: Submitting ShuffleMapStage 23 (ShuffledRDD[39] at reduceByKey at Graph.scala:29), which is now runnable
20/04/07 16:38:59 INFO MemoryStore: ensureFreeSpace(2648) called with curMem=192655, maxMem=555755765
20/04/07 16:38:59 INFO MemoryStore: Block broadcast_12 stored as values in memory (estimated size 2.6 KB, free 529.8 MB)
20/04/07 16:38:59 INFO MemoryStore: ensureFreeSpace(1604) called with curMem=195303, maxMem=555755765
20/04/07 16:38:59 INFO MemoryStore: Block broadcast_12_piece0 stored as bytes in memory (estimated size 1604.0 B, free 529.8 MB)
20/04/07 16:38:59 INFO BlockManagerInfo: Added broadcast_12_piece0 in memory on localhost:33764 (size: 1604.0 B, free: 530.0 MB)
20/04/07 16:38:59 INFO SparkContext: Created broadcast 12 from broadcast at DAGScheduler.scala:861
20/04/07 16:38:59 INFO DAGScheduler: Submitting 2 missing tasks from ShuffleMapStage 23 (ShuffledRDD[39] at reduceByKey at Graph.scala:29)
20/04/07 16:38:59 INFO TaskSchedulerImpl: Adding task set 23.0 with 2 tasks
20/04/07 16:38:59 INFO TaskSetManager: Starting task 0.0 in stage 23.0 (TID 22, localhost, PROCESS_LOCAL, 1942 bytes)
20/04/07 16:38:59 INFO TaskSetManager: Starting task 1.0 in stage 23.0 (TID 23, localhost, PROCESS_LOCAL, 1942 bytes)
20/04/07 16:38:59 INFO Executor: Running task 1.0 in stage 23.0 (TID 23)
20/04/07 16:38:59 INFO Executor: Running task 0.0 in stage 23.0 (TID 22)
20/04/07 16:38:59 INFO ShuffleBlockFetcherIterator: Getting 2 non-empty blocks out of 2 blocks
20/04/07 16:38:59 INFO ShuffleBlockFetcherIterator: Started 0 remote fetches in 0 ms
20/04/07 16:38:59 INFO ShuffleBlockFetcherIterator: Getting 2 non-empty blocks out of 2 blocks
20/04/07 16:38:59 INFO ShuffleBlockFetcherIterator: Started 0 remote fetches in 2 ms
20/04/07 16:38:59 INFO Executor: Finished task 0.0 in stage 23.0 (TID 22). 1374 bytes result sent to driver
20/04/07 16:38:59 INFO TaskSetManager: Finished task 0.0 in stage 23.0 (TID 22) in 7 ms on localhost (1/2)
20/04/07 16:38:59 INFO Executor: Finished task 1.0 in stage 23.0 (TID 23). 1374 bytes result sent to driver
20/04/07 16:38:59 INFO TaskSetManager: Finished task 1.0 in stage 23.0 (TID 23) in 8 ms on localhost (2/2)
20/04/07 16:38:59 INFO TaskSchedulerImpl: Removed TaskSet 23.0, whose tasks have all completed, from pool 
20/04/07 16:38:59 INFO DAGScheduler: ShuffleMapStage 23 (reduceByKey at Graph.scala:29) finished in 0.009 s
20/04/07 16:38:59 INFO DAGScheduler: looking for newly runnable stages
20/04/07 16:38:59 INFO DAGScheduler: running: Set()
20/04/07 16:38:59 INFO DAGScheduler: waiting: Set(ResultStage 24)
20/04/07 16:38:59 INFO DAGScheduler: failed: Set()
20/04/07 16:38:59 INFO DAGScheduler: Missing parents for ResultStage 24: List()
20/04/07 16:38:59 INFO DAGScheduler: Submitting ResultStage 24 (MapPartitionsRDD[41] at map at Graph.scala:30), which is now runnable
20/04/07 16:38:59 INFO MemoryStore: ensureFreeSpace(2992) called with curMem=196907, maxMem=555755765
20/04/07 16:38:59 INFO MemoryStore: Block broadcast_13 stored as values in memory (estimated size 2.9 KB, free 529.8 MB)
20/04/07 16:38:59 INFO MemoryStore: ensureFreeSpace(1755) called with curMem=199899, maxMem=555755765
20/04/07 16:38:59 INFO MemoryStore: Block broadcast_13_piece0 stored as bytes in memory (estimated size 1755.0 B, free 529.8 MB)
20/04/07 16:38:59 INFO BlockManagerInfo: Added broadcast_13_piece0 in memory on localhost:33764 (size: 1755.0 B, free: 530.0 MB)
20/04/07 16:38:59 INFO SparkContext: Created broadcast 13 from broadcast at DAGScheduler.scala:861
20/04/07 16:38:59 INFO DAGScheduler: Submitting 1 missing tasks from ResultStage 24 (MapPartitionsRDD[41] at map at Graph.scala:30)
20/04/07 16:38:59 INFO TaskSchedulerImpl: Adding task set 24.0 with 1 tasks
20/04/07 16:38:59 INFO TaskSetManager: Starting task 0.0 in stage 24.0 (TID 24, localhost, PROCESS_LOCAL, 1953 bytes)
20/04/07 16:38:59 INFO Executor: Running task 0.0 in stage 24.0 (TID 24)
20/04/07 16:38:59 INFO ShuffleBlockFetcherIterator: Getting 2 non-empty blocks out of 2 blocks
20/04/07 16:38:59 INFO ShuffleBlockFetcherIterator: Started 0 remote fetches in 0 ms
20/04/07 16:38:59 INFO Executor: Finished task 0.0 in stage 24.0 (TID 24). 1177 bytes result sent to driver
20/04/07 16:38:59 INFO TaskSetManager: Finished task 0.0 in stage 24.0 (TID 24) in 11 ms on localhost (1/1)
20/04/07 16:38:59 INFO TaskSchedulerImpl: Removed TaskSet 24.0, whose tasks have all completed, from pool 
20/04/07 16:38:59 INFO DAGScheduler: ResultStage 24 (collect at Graph.scala:31) finished in 0.012 s
20/04/07 16:38:59 INFO DAGScheduler: Job 0 finished: collect at Graph.scala:31, took 0.804941 s
0 3
1 7
20/04/07 16:38:59 INFO SparkUI: Stopped Spark web UI at http://198.202.114.15:4040
20/04/07 16:38:59 INFO DAGScheduler: Stopping DAGScheduler
20/04/07 16:38:59 INFO MapOutputTrackerMasterEndpoint: MapOutputTrackerMasterEndpoint stopped!
20/04/07 16:38:59 INFO MemoryStore: MemoryStore cleared
20/04/07 16:38:59 INFO BlockManager: BlockManager stopped
20/04/07 16:38:59 INFO BlockManagerMaster: BlockManagerMaster stopped
20/04/07 16:38:59 INFO OutputCommitCoordinator$OutputCommitCoordinatorEndpoint: OutputCommitCoordinator stopped!
20/04/07 16:38:59 INFO SparkContext: Successfully stopped SparkContext
20/04/07 16:38:59 INFO ShutdownHookManager: Shutdown hook called
20/04/07 16:38:59 INFO ShutdownHookManager: Deleting directory /tmp/spark-9a0977a9-0a42-43bc-b74e-a1474a95f679
20/04/07 16:38:59 INFO RemoteActorRefProvider$RemotingTerminator: Shutting down remote daemon.
